[0.276s] Invoking command in '/home/ros2access/kaya_ws/build/dynamixel_sdk': /usr/local/bin/cmake /home/ros2access/kaya_ws/src/DynamixelSDK/dynamixel_sdk -DAMENT_CMAKE_SYMLINK_INSTALL=1 -DCMAKE_INSTALL_PREFIX=/home/ros2access/kaya_ws/install/dynamixel_sdk
[0.629s] -- The C compiler identification is GNU 7.5.0
[0.843s] -- The CXX compiler identification is GNU 7.5.0
[0.881s] -- Detecting C compiler ABI info
[1.096s] -- Detecting C compiler ABI info - done
[1.147s] -- Check for working C compiler: /usr/bin/cc - skipped
[1.148s] -- Detecting C compile features
[1.150s] -- Detecting C compile features - done
[1.165s] -- Detecting CXX compiler ABI info
[1.495s] -- Detecting CXX compiler ABI info - done
[1.555s] -- Check for working CXX compiler: /usr/bin/c++ - skipped
[1.557s] -- Detecting CXX compile features
[1.559s] -- Detecting CXX compile features - done
[1.574s] -- Found ament_cmake: 0.9.11 (/opt/ros/foxy/install/share/ament_cmake/cmake)
[1.721s] -- Found PythonInterp: /usr/bin/python3 (found suitable version "3.6.9", minimum required is "3") 
[1.722s] -- Using PYTHON_EXECUTABLE: /usr/bin/python3
[3.001s] -- Override CMake install command with custom implementation using symlinks instead of copying resources
[3.682s] -- Configuring done (3.2s)
[3.707s] -- Generating done (0.0s)
[3.715s] -- Build files have been written to: /home/ros2access/kaya_ws/build/dynamixel_sdk
[3.754s] Invoked command in '/home/ros2access/kaya_ws/build/dynamixel_sdk' returned '0': /usr/local/bin/cmake /home/ros2access/kaya_ws/src/DynamixelSDK/dynamixel_sdk -DAMENT_CMAKE_SYMLINK_INSTALL=1 -DCMAKE_INSTALL_PREFIX=/home/ros2access/kaya_ws/install/dynamixel_sdk
[3.761s] Invoking command in '/home/ros2access/kaya_ws/build/dynamixel_sdk': /usr/local/bin/cmake --build /home/ros2access/kaya_ws/build/dynamixel_sdk -- -j4 -l4
[3.995s] [ 10%] [32mBuilding CXX object CMakeFiles/dynamixel_sdk.dir/src/dynamixel_sdk/protocol1_packet_handler.cpp.o[0m
[3.999s] [ 20%] [32mBuilding CXX object CMakeFiles/dynamixel_sdk.dir/src/dynamixel_sdk/group_sync_read.cpp.o[0m
[4.001s] [ 40%] [32mBuilding CXX object CMakeFiles/dynamixel_sdk.dir/src/dynamixel_sdk/packet_handler.cpp.o[0m
[4.002s] [ 30%] [32mBuilding CXX object CMakeFiles/dynamixel_sdk.dir/src/dynamixel_sdk/protocol2_packet_handler.cpp.o[0m
[4.579s] [ 50%] [32mBuilding CXX object CMakeFiles/dynamixel_sdk.dir/src/dynamixel_sdk/group_sync_write.cpp.o[0m
[4.759s] [ 60%] [32mBuilding CXX object CMakeFiles/dynamixel_sdk.dir/src/dynamixel_sdk/group_bulk_read.cpp.o[0m
[5.181s] [ 70%] [32mBuilding CXX object CMakeFiles/dynamixel_sdk.dir/src/dynamixel_sdk/group_bulk_write.cpp.o[0m
[6.653s] [ 80%] [32mBuilding CXX object CMakeFiles/dynamixel_sdk.dir/src/dynamixel_sdk/port_handler.cpp.o[0m
[6.795s] [ 90%] [32mBuilding CXX object CMakeFiles/dynamixel_sdk.dir/src/dynamixel_sdk/port_handler_linux.cpp.o[0m
[7.433s] [100%] [32m[1mLinking CXX shared library libdynamixel_sdk.so[0m
[7.749s] [100%] Built target dynamixel_sdk
[7.791s] Invoked command in '/home/ros2access/kaya_ws/build/dynamixel_sdk' returned '0': /usr/local/bin/cmake --build /home/ros2access/kaya_ws/build/dynamixel_sdk -- -j4 -l4
[8.317s] Invoking command in '/home/ros2access/kaya_ws/build/dynamixel_sdk': /usr/local/bin/cmake --install /home/ros2access/kaya_ws/build/dynamixel_sdk
[8.480s] -- Install configuration: ""
[8.481s] -- Execute custom install script
[8.484s] -- Symlinking: /home/ros2access/kaya_ws/install/dynamixel_sdk/include//dynamixel_sdk/dynamixel_sdk.h
[8.495s] -- Symlinking: /home/ros2access/kaya_ws/install/dynamixel_sdk/include//dynamixel_sdk/group_bulk_read.h
[8.505s] -- Symlinking: /home/ros2access/kaya_ws/install/dynamixel_sdk/include//dynamixel_sdk/group_bulk_write.h
[8.514s] -- Symlinking: /home/ros2access/kaya_ws/install/dynamixel_sdk/include//dynamixel_sdk/group_sync_read.h
[8.523s] -- Symlinking: /home/ros2access/kaya_ws/install/dynamixel_sdk/include//dynamixel_sdk/group_sync_write.h
[8.533s] -- Symlinking: /home/ros2access/kaya_ws/install/dynamixel_sdk/include//dynamixel_sdk/packet_handler.h
[8.542s] -- Symlinking: /home/ros2access/kaya_ws/install/dynamixel_sdk/include//dynamixel_sdk/port_handler.h
[8.551s] -- Symlinking: /home/ros2access/kaya_ws/install/dynamixel_sdk/include//dynamixel_sdk/port_handler_arduino.h
[8.561s] -- Symlinking: /home/ros2access/kaya_ws/install/dynamixel_sdk/include//dynamixel_sdk/port_handler_linux.h
[8.582s] -- Symlinking: /home/ros2access/kaya_ws/install/dynamixel_sdk/include//dynamixel_sdk/port_handler_mac.h
[8.593s] -- Symlinking: /home/ros2access/kaya_ws/install/dynamixel_sdk/include//dynamixel_sdk/port_handler_windows.h
[8.605s] -- Symlinking: /home/ros2access/kaya_ws/install/dynamixel_sdk/include//dynamixel_sdk/protocol1_packet_handler.h
[8.616s] -- Symlinking: /home/ros2access/kaya_ws/install/dynamixel_sdk/include//dynamixel_sdk/protocol2_packet_handler.h
[8.626s] -- Symlinking: /home/ros2access/kaya_ws/install/dynamixel_sdk/lib/libdynamixel_sdk.so
[8.638s] -- Symlinking: /home/ros2access/kaya_ws/install/dynamixel_sdk/share/dynamixel_sdk/environment/library_path.sh
[8.648s] -- Symlinking: /home/ros2access/kaya_ws/install/dynamixel_sdk/share/dynamixel_sdk/environment/library_path.dsv
[8.658s] -- Symlinking: /home/ros2access/kaya_ws/install/dynamixel_sdk/share/ament_index/resource_index/package_run_dependencies/dynamixel_sdk
[8.669s] -- Symlinking: /home/ros2access/kaya_ws/install/dynamixel_sdk/share/ament_index/resource_index/parent_prefix_path/dynamixel_sdk
[8.680s] -- Symlinking: /home/ros2access/kaya_ws/install/dynamixel_sdk/share/dynamixel_sdk/environment/ament_prefix_path.sh
[8.689s] -- Symlinking: /home/ros2access/kaya_ws/install/dynamixel_sdk/share/dynamixel_sdk/environment/ament_prefix_path.dsv
[8.704s] -- Symlinking: /home/ros2access/kaya_ws/install/dynamixel_sdk/share/dynamixel_sdk/environment/path.sh
[8.714s] -- Symlinking: /home/ros2access/kaya_ws/install/dynamixel_sdk/share/dynamixel_sdk/environment/path.dsv
[8.725s] -- Symlinking: /home/ros2access/kaya_ws/install/dynamixel_sdk/share/dynamixel_sdk/local_setup.bash
[8.736s] -- Symlinking: /home/ros2access/kaya_ws/install/dynamixel_sdk/share/dynamixel_sdk/local_setup.sh
[8.745s] -- Symlinking: /home/ros2access/kaya_ws/install/dynamixel_sdk/share/dynamixel_sdk/local_setup.zsh
[8.757s] -- Symlinking: /home/ros2access/kaya_ws/install/dynamixel_sdk/share/dynamixel_sdk/local_setup.dsv
[8.769s] -- Symlinking: /home/ros2access/kaya_ws/install/dynamixel_sdk/share/dynamixel_sdk/package.dsv
[8.779s] -- Symlinking: /home/ros2access/kaya_ws/install/dynamixel_sdk/share/ament_index/resource_index/packages/dynamixel_sdk
[8.790s] -- Symlinking: /home/ros2access/kaya_ws/install/dynamixel_sdk/share/dynamixel_sdk/cmake/ament_cmake_export_include_directories-extras.cmake
[8.804s] -- Symlinking: /home/ros2access/kaya_ws/install/dynamixel_sdk/share/dynamixel_sdk/cmake/ament_cmake_export_libraries-extras.cmake
[8.815s] -- Symlinking: /home/ros2access/kaya_ws/install/dynamixel_sdk/share/dynamixel_sdk/cmake/dynamixel_sdkConfig.cmake
[8.825s] -- Symlinking: /home/ros2access/kaya_ws/install/dynamixel_sdk/share/dynamixel_sdk/cmake/dynamixel_sdkConfig-version.cmake
[8.837s] -- Symlinking: /home/ros2access/kaya_ws/install/dynamixel_sdk/share/dynamixel_sdk/package.xml
[8.887s] Invoked command in '/home/ros2access/kaya_ws/build/dynamixel_sdk' returned '0': /usr/local/bin/cmake --install /home/ros2access/kaya_ws/build/dynamixel_sdk
