[0.362s] Invoking command in '/home/ros2access/kaya_ws/build/dynamixel_sdk': /usr/local/bin/cmake --build /home/ros2access/kaya_ws/build/dynamixel_sdk -- -j4 -l4
[0.847s] [100%] Built target dynamixel_sdk
[0.915s] Invoked command in '/home/ros2access/kaya_ws/build/dynamixel_sdk' returned '0': /usr/local/bin/cmake --build /home/ros2access/kaya_ws/build/dynamixel_sdk -- -j4 -l4
[1.469s] Invoking command in '/home/ros2access/kaya_ws/build/dynamixel_sdk': /usr/local/bin/cmake --install /home/ros2access/kaya_ws/build/dynamixel_sdk
[1.638s] -- Install configuration: ""
[1.640s] -- Execute custom install script
[1.642s] -- Up-to-date symlink: /home/ros2access/kaya_ws/install/dynamixel_sdk/include//dynamixel_sdk/dynamixel_sdk.h
[1.644s] -- Up-to-date symlink: /home/ros2access/kaya_ws/install/dynamixel_sdk/include//dynamixel_sdk/group_bulk_read.h
[1.645s] -- Up-to-date symlink: /home/ros2access/kaya_ws/install/dynamixel_sdk/include//dynamixel_sdk/group_bulk_write.h
[1.646s] -- Up-to-date symlink: /home/ros2access/kaya_ws/install/dynamixel_sdk/include//dynamixel_sdk/group_sync_read.h
[1.649s] -- Up-to-date symlink: /home/ros2access/kaya_ws/install/dynamixel_sdk/include//dynamixel_sdk/group_sync_write.h
[1.649s] -- Up-to-date symlink: /home/ros2access/kaya_ws/install/dynamixel_sdk/include//dynamixel_sdk/packet_handler.h
[1.650s] -- Up-to-date symlink: /home/ros2access/kaya_ws/install/dynamixel_sdk/include//dynamixel_sdk/port_handler.h
[1.651s] -- Up-to-date symlink: /home/ros2access/kaya_ws/install/dynamixel_sdk/include//dynamixel_sdk/port_handler_arduino.h
[1.652s] -- Up-to-date symlink: /home/ros2access/kaya_ws/install/dynamixel_sdk/include//dynamixel_sdk/port_handler_linux.h
[1.653s] -- Up-to-date symlink: /home/ros2access/kaya_ws/install/dynamixel_sdk/include//dynamixel_sdk/port_handler_mac.h
[1.655s] -- Up-to-date symlink: /home/ros2access/kaya_ws/install/dynamixel_sdk/include//dynamixel_sdk/port_handler_windows.h
[1.656s] -- Up-to-date symlink: /home/ros2access/kaya_ws/install/dynamixel_sdk/include//dynamixel_sdk/protocol1_packet_handler.h
[1.657s] -- Up-to-date symlink: /home/ros2access/kaya_ws/install/dynamixel_sdk/include//dynamixel_sdk/protocol2_packet_handler.h
[1.659s] -- Up-to-date symlink: /home/ros2access/kaya_ws/install/dynamixel_sdk/lib/libdynamixel_sdk.so
[1.661s] -- Up-to-date symlink: /home/ros2access/kaya_ws/install/dynamixel_sdk/share/dynamixel_sdk/environment/library_path.sh
[1.662s] -- Up-to-date symlink: /home/ros2access/kaya_ws/install/dynamixel_sdk/share/dynamixel_sdk/environment/library_path.dsv
[1.664s] -- Up-to-date symlink: /home/ros2access/kaya_ws/install/dynamixel_sdk/share/ament_index/resource_index/package_run_dependencies/dynamixel_sdk
[1.665s] -- Up-to-date symlink: /home/ros2access/kaya_ws/install/dynamixel_sdk/share/ament_index/resource_index/parent_prefix_path/dynamixel_sdk
[1.667s] -- Up-to-date symlink: /home/ros2access/kaya_ws/install/dynamixel_sdk/share/dynamixel_sdk/environment/ament_prefix_path.sh
[1.668s] -- Up-to-date symlink: /home/ros2access/kaya_ws/install/dynamixel_sdk/share/dynamixel_sdk/environment/ament_prefix_path.dsv
[1.670s] -- Up-to-date symlink: /home/ros2access/kaya_ws/install/dynamixel_sdk/share/dynamixel_sdk/environment/path.sh
[1.672s] -- Up-to-date symlink: /home/ros2access/kaya_ws/install/dynamixel_sdk/share/dynamixel_sdk/environment/path.dsv
[1.673s] -- Up-to-date symlink: /home/ros2access/kaya_ws/install/dynamixel_sdk/share/dynamixel_sdk/local_setup.bash
[1.674s] -- Up-to-date symlink: /home/ros2access/kaya_ws/install/dynamixel_sdk/share/dynamixel_sdk/local_setup.sh
[1.676s] -- Up-to-date symlink: /home/ros2access/kaya_ws/install/dynamixel_sdk/share/dynamixel_sdk/local_setup.zsh
[1.677s] -- Up-to-date symlink: /home/ros2access/kaya_ws/install/dynamixel_sdk/share/dynamixel_sdk/local_setup.dsv
[1.678s] -- Symlinking: /home/ros2access/kaya_ws/install/dynamixel_sdk/share/dynamixel_sdk/package.dsv
[1.689s] -- Up-to-date symlink: /home/ros2access/kaya_ws/install/dynamixel_sdk/share/ament_index/resource_index/packages/dynamixel_sdk
[1.691s] -- Up-to-date symlink: /home/ros2access/kaya_ws/install/dynamixel_sdk/share/dynamixel_sdk/cmake/ament_cmake_export_include_directories-extras.cmake
[1.692s] -- Up-to-date symlink: /home/ros2access/kaya_ws/install/dynamixel_sdk/share/dynamixel_sdk/cmake/ament_cmake_export_libraries-extras.cmake
[1.695s] -- Up-to-date symlink: /home/ros2access/kaya_ws/install/dynamixel_sdk/share/dynamixel_sdk/cmake/dynamixel_sdkConfig.cmake
[1.697s] -- Up-to-date symlink: /home/ros2access/kaya_ws/install/dynamixel_sdk/share/dynamixel_sdk/cmake/dynamixel_sdkConfig-version.cmake
[1.702s] -- Up-to-date symlink: /home/ros2access/kaya_ws/install/dynamixel_sdk/share/dynamixel_sdk/package.xml
[1.734s] Invoked command in '/home/ros2access/kaya_ws/build/dynamixel_sdk' returned '0': /usr/local/bin/cmake --install /home/ros2access/kaya_ws/build/dynamixel_sdk
