[0.332s] Invoking command in '/home/ros2access/kaya_ws/build/dynamixel_sdk': /usr/local/bin/cmake --build /home/ros2access/kaya_ws/build/dynamixel_sdk -- -j4 -l4
[0.691s] [100%] Built target dynamixel_sdk
[0.738s] Invoked command in '/home/ros2access/kaya_ws/build/dynamixel_sdk' returned '0': /usr/local/bin/cmake --build /home/ros2access/kaya_ws/build/dynamixel_sdk -- -j4 -l4
[1.298s] Invoking command in '/home/ros2access/kaya_ws/build/dynamixel_sdk': /usr/local/bin/cmake --install /home/ros2access/kaya_ws/build/dynamixel_sdk
[1.464s] -- Install configuration: ""
[1.470s] -- Execute custom install script
[1.474s] -- Up-to-date symlink: /home/ros2access/kaya_ws/install/dynamixel_sdk/include//dynamixel_sdk/dynamixel_sdk.h
[1.475s] -- Up-to-date symlink: /home/ros2access/kaya_ws/install/dynamixel_sdk/include//dynamixel_sdk/group_bulk_read.h
[1.476s] -- Up-to-date symlink: /home/ros2access/kaya_ws/install/dynamixel_sdk/include//dynamixel_sdk/group_bulk_write.h
[1.477s] -- Up-to-date symlink: /home/ros2access/kaya_ws/install/dynamixel_sdk/include//dynamixel_sdk/group_sync_read.h
[1.478s] -- Up-to-date symlink: /home/ros2access/kaya_ws/install/dynamixel_sdk/include//dynamixel_sdk/group_sync_write.h
[1.479s] -- Up-to-date symlink: /home/ros2access/kaya_ws/install/dynamixel_sdk/include//dynamixel_sdk/packet_handler.h
[1.480s] -- Up-to-date symlink: /home/ros2access/kaya_ws/install/dynamixel_sdk/include//dynamixel_sdk/port_handler.h
[1.481s] -- Up-to-date symlink: /home/ros2access/kaya_ws/install/dynamixel_sdk/include//dynamixel_sdk/port_handler_arduino.h
[1.482s] -- Up-to-date symlink: /home/ros2access/kaya_ws/install/dynamixel_sdk/include//dynamixel_sdk/port_handler_linux.h
[1.483s] -- Up-to-date symlink: /home/ros2access/kaya_ws/install/dynamixel_sdk/include//dynamixel_sdk/port_handler_mac.h
[1.484s] -- Up-to-date symlink: /home/ros2access/kaya_ws/install/dynamixel_sdk/include//dynamixel_sdk/port_handler_windows.h
[1.485s] -- Up-to-date symlink: /home/ros2access/kaya_ws/install/dynamixel_sdk/include//dynamixel_sdk/protocol1_packet_handler.h
[1.486s] -- Up-to-date symlink: /home/ros2access/kaya_ws/install/dynamixel_sdk/include//dynamixel_sdk/protocol2_packet_handler.h
[1.488s] -- Up-to-date symlink: /home/ros2access/kaya_ws/install/dynamixel_sdk/lib/libdynamixel_sdk.so
[1.490s] -- Up-to-date symlink: /home/ros2access/kaya_ws/install/dynamixel_sdk/share/dynamixel_sdk/environment/library_path.sh
[1.491s] -- Up-to-date symlink: /home/ros2access/kaya_ws/install/dynamixel_sdk/share/dynamixel_sdk/environment/library_path.dsv
[1.493s] -- Up-to-date symlink: /home/ros2access/kaya_ws/install/dynamixel_sdk/share/ament_index/resource_index/package_run_dependencies/dynamixel_sdk
[1.494s] -- Up-to-date symlink: /home/ros2access/kaya_ws/install/dynamixel_sdk/share/ament_index/resource_index/parent_prefix_path/dynamixel_sdk
[1.496s] -- Up-to-date symlink: /home/ros2access/kaya_ws/install/dynamixel_sdk/share/dynamixel_sdk/environment/ament_prefix_path.sh
[1.497s] -- Up-to-date symlink: /home/ros2access/kaya_ws/install/dynamixel_sdk/share/dynamixel_sdk/environment/ament_prefix_path.dsv
[1.498s] -- Up-to-date symlink: /home/ros2access/kaya_ws/install/dynamixel_sdk/share/dynamixel_sdk/environment/path.sh
[1.499s] -- Up-to-date symlink: /home/ros2access/kaya_ws/install/dynamixel_sdk/share/dynamixel_sdk/environment/path.dsv
[1.500s] -- Up-to-date symlink: /home/ros2access/kaya_ws/install/dynamixel_sdk/share/dynamixel_sdk/local_setup.bash
[1.502s] -- Up-to-date symlink: /home/ros2access/kaya_ws/install/dynamixel_sdk/share/dynamixel_sdk/local_setup.sh
[1.505s] -- Up-to-date symlink: /home/ros2access/kaya_ws/install/dynamixel_sdk/share/dynamixel_sdk/local_setup.zsh
[1.505s] -- Up-to-date symlink: /home/ros2access/kaya_ws/install/dynamixel_sdk/share/dynamixel_sdk/local_setup.dsv
[1.506s] -- Symlinking: /home/ros2access/kaya_ws/install/dynamixel_sdk/share/dynamixel_sdk/package.dsv
[1.515s] -- Up-to-date symlink: /home/ros2access/kaya_ws/install/dynamixel_sdk/share/ament_index/resource_index/packages/dynamixel_sdk
[1.516s] -- Up-to-date symlink: /home/ros2access/kaya_ws/install/dynamixel_sdk/share/dynamixel_sdk/cmake/ament_cmake_export_include_directories-extras.cmake
[1.517s] -- Up-to-date symlink: /home/ros2access/kaya_ws/install/dynamixel_sdk/share/dynamixel_sdk/cmake/ament_cmake_export_libraries-extras.cmake
[1.518s] -- Up-to-date symlink: /home/ros2access/kaya_ws/install/dynamixel_sdk/share/dynamixel_sdk/cmake/dynamixel_sdkConfig.cmake
[1.518s] -- Up-to-date symlink: /home/ros2access/kaya_ws/install/dynamixel_sdk/share/dynamixel_sdk/cmake/dynamixel_sdkConfig-version.cmake
[1.520s] -- Up-to-date symlink: /home/ros2access/kaya_ws/install/dynamixel_sdk/share/dynamixel_sdk/package.xml
[1.557s] Invoked command in '/home/ros2access/kaya_ws/build/dynamixel_sdk' returned '0': /usr/local/bin/cmake --install /home/ros2access/kaya_ws/build/dynamixel_sdk
