[0.151s] Invoking command in '/home/ros2access/kaya_ws/build/dynamixel_sdk_examples': CMAKE_PREFIX_PATH=/home/ros2access/kaya_ws/install/dynamixel_sdk_custom_interfaces:/home/ros2access/kaya_ws/install/dynamixel_sdk:/home/ros2access/kaya_ws/install/dynamixel_sdk_examples:/ros_deep_learning/install/ros_deep_learning:/opt/ros/foxy/install LD_LIBRARY_PATH=/home/ros2access/kaya_ws/install/dynamixel_sdk_custom_interfaces/lib:/home/ros2access/kaya_ws/install/dynamixel_sdk/lib:/opt/ros/foxy/install/opt/yaml_cpp_vendor/lib:/opt/ros/foxy/install/lib:/usr/local/cuda/lib64:/usr/local/cuda-10.2/targets/aarch64-linux/lib /usr/local/bin/cmake --build /home/ros2access/kaya_ws/build/dynamixel_sdk_examples -- -j4 -l4
[0.455s] [ 50%] [32mBuilding CXX object CMakeFiles/read_write_node.dir/src/read_write_node.cpp.o[0m
[23.058s] [100%] [32m[1mLinking CXX executable read_write_node[0m
[24.374s] [100%] Built target read_write_node
[24.440s] Invoked command in '/home/ros2access/kaya_ws/build/dynamixel_sdk_examples' returned '0': CMAKE_PREFIX_PATH=/home/ros2access/kaya_ws/install/dynamixel_sdk_custom_interfaces:/home/ros2access/kaya_ws/install/dynamixel_sdk:/home/ros2access/kaya_ws/install/dynamixel_sdk_examples:/ros_deep_learning/install/ros_deep_learning:/opt/ros/foxy/install LD_LIBRARY_PATH=/home/ros2access/kaya_ws/install/dynamixel_sdk_custom_interfaces/lib:/home/ros2access/kaya_ws/install/dynamixel_sdk/lib:/opt/ros/foxy/install/opt/yaml_cpp_vendor/lib:/opt/ros/foxy/install/lib:/usr/local/cuda/lib64:/usr/local/cuda-10.2/targets/aarch64-linux/lib /usr/local/bin/cmake --build /home/ros2access/kaya_ws/build/dynamixel_sdk_examples -- -j4 -l4
[24.832s] Invoking command in '/home/ros2access/kaya_ws/build/dynamixel_sdk_examples': CMAKE_PREFIX_PATH=/home/ros2access/kaya_ws/install/dynamixel_sdk_custom_interfaces:/home/ros2access/kaya_ws/install/dynamixel_sdk:/home/ros2access/kaya_ws/install/dynamixel_sdk_examples:/ros_deep_learning/install/ros_deep_learning:/opt/ros/foxy/install LD_LIBRARY_PATH=/home/ros2access/kaya_ws/install/dynamixel_sdk_custom_interfaces/lib:/home/ros2access/kaya_ws/install/dynamixel_sdk/lib:/opt/ros/foxy/install/opt/yaml_cpp_vendor/lib:/opt/ros/foxy/install/lib:/usr/local/cuda/lib64:/usr/local/cuda-10.2/targets/aarch64-linux/lib /usr/local/bin/cmake --install /home/ros2access/kaya_ws/build/dynamixel_sdk_examples
[25.015s] -- Install configuration: ""
[25.018s] -- Execute custom install script
[25.022s] -- Up-to-date symlink: /home/ros2access/kaya_ws/install/dynamixel_sdk_examples/lib/dynamixel_sdk_examples/read_write_node
[25.027s] -- Up-to-date symlink: /home/ros2access/kaya_ws/install/dynamixel_sdk_examples/share/ament_index/resource_index/package_run_dependencies/dynamixel_sdk_examples
[25.029s] -- Up-to-date symlink: /home/ros2access/kaya_ws/install/dynamixel_sdk_examples/share/ament_index/resource_index/parent_prefix_path/dynamixel_sdk_examples
[25.031s] -- Up-to-date symlink: /home/ros2access/kaya_ws/install/dynamixel_sdk_examples/share/dynamixel_sdk_examples/environment/ament_prefix_path.sh
[25.036s] -- Up-to-date symlink: /home/ros2access/kaya_ws/install/dynamixel_sdk_examples/share/dynamixel_sdk_examples/environment/ament_prefix_path.dsv
[25.036s] -- Up-to-date symlink: /home/ros2access/kaya_ws/install/dynamixel_sdk_examples/share/dynamixel_sdk_examples/environment/path.sh
[25.038s] -- Up-to-date symlink: /home/ros2access/kaya_ws/install/dynamixel_sdk_examples/share/dynamixel_sdk_examples/environment/path.dsv
[25.039s] -- Up-to-date symlink: /home/ros2access/kaya_ws/install/dynamixel_sdk_examples/share/dynamixel_sdk_examples/local_setup.bash
[25.040s] -- Up-to-date symlink: /home/ros2access/kaya_ws/install/dynamixel_sdk_examples/share/dynamixel_sdk_examples/local_setup.sh
[25.041s] -- Up-to-date symlink: /home/ros2access/kaya_ws/install/dynamixel_sdk_examples/share/dynamixel_sdk_examples/local_setup.zsh
[25.042s] -- Up-to-date symlink: /home/ros2access/kaya_ws/install/dynamixel_sdk_examples/share/dynamixel_sdk_examples/local_setup.dsv
[25.043s] -- Symlinking: /home/ros2access/kaya_ws/install/dynamixel_sdk_examples/share/dynamixel_sdk_examples/package.dsv
[25.057s] -- Up-to-date symlink: /home/ros2access/kaya_ws/install/dynamixel_sdk_examples/share/ament_index/resource_index/packages/dynamixel_sdk_examples
[25.059s] -- Up-to-date symlink: /home/ros2access/kaya_ws/install/dynamixel_sdk_examples/share/dynamixel_sdk_examples/cmake/dynamixel_sdk_examplesConfig.cmake
[25.060s] -- Up-to-date symlink: /home/ros2access/kaya_ws/install/dynamixel_sdk_examples/share/dynamixel_sdk_examples/cmake/dynamixel_sdk_examplesConfig-version.cmake
[25.062s] -- Up-to-date symlink: /home/ros2access/kaya_ws/install/dynamixel_sdk_examples/share/dynamixel_sdk_examples/package.xml
[25.095s] Invoked command in '/home/ros2access/kaya_ws/build/dynamixel_sdk_examples' returned '0': CMAKE_PREFIX_PATH=/home/ros2access/kaya_ws/install/dynamixel_sdk_custom_interfaces:/home/ros2access/kaya_ws/install/dynamixel_sdk:/home/ros2access/kaya_ws/install/dynamixel_sdk_examples:/ros_deep_learning/install/ros_deep_learning:/opt/ros/foxy/install LD_LIBRARY_PATH=/home/ros2access/kaya_ws/install/dynamixel_sdk_custom_interfaces/lib:/home/ros2access/kaya_ws/install/dynamixel_sdk/lib:/opt/ros/foxy/install/opt/yaml_cpp_vendor/lib:/opt/ros/foxy/install/lib:/usr/local/cuda/lib64:/usr/local/cuda-10.2/targets/aarch64-linux/lib /usr/local/bin/cmake --install /home/ros2access/kaya_ws/build/dynamixel_sdk_examples
