[0.182s] Invoking command in '/home/ros2access/kaya_ws/build/dynamixel_sdk_custom_interfaces': /usr/local/bin/cmake --build /home/ros2access/kaya_ws/build/dynamixel_sdk_custom_interfaces -- -j4 -l4
[0.557s] [  2%] Built target dynamixel_sdk_custom_interfaces__cpp
[0.581s] [ 12%] Built target dynamixel_sdk_custom_interfaces__rosidl_generator_c
[0.633s] [ 23%] Built target dynamixel_sdk_custom_interfaces__rosidl_typesupport_fastrtps_cpp
[0.636s] [ 33%] Built target dynamixel_sdk_custom_interfaces__rosidl_typesupport_introspection_cpp
[0.649s] [ 43%] Built target dynamixel_sdk_custom_interfaces__rosidl_typesupport_cpp
[0.653s] [ 53%] Built target dynamixel_sdk_custom_interfaces__rosidl_typesupport_introspection_c
[0.684s] [ 64%] Built target dynamixel_sdk_custom_interfaces__rosidl_typesupport_c
[0.704s] [ 74%] Built target dynamixel_sdk_custom_interfaces__rosidl_typesupport_fastrtps_c
[0.739s] [ 74%] Built target dynamixel_sdk_custom_interfaces
[0.778s] [ 76%] Built target dynamixel_sdk_custom_interfaces__py
[0.826s] [ 84%] Built target dynamixel_sdk_custom_interfaces__python
[0.881s] [ 97%] Built target dynamixel_sdk_custom_interfaces__rosidl_typesupport_introspection_c__pyext
[0.882s] [100%] Built target dynamixel_sdk_custom_interfaces__rosidl_typesupport_fastrtps_c__pyext
[0.883s] [ 97%] Built target dynamixel_sdk_custom_interfaces__rosidl_typesupport_c__pyext
[0.920s] Invoked command in '/home/ros2access/kaya_ws/build/dynamixel_sdk_custom_interfaces' returned '0': /usr/local/bin/cmake --build /home/ros2access/kaya_ws/build/dynamixel_sdk_custom_interfaces -- -j4 -l4
[1.378s] Invoking command in '/home/ros2access/kaya_ws/build/dynamixel_sdk_custom_interfaces': /usr/local/bin/cmake --install /home/ros2access/kaya_ws/build/dynamixel_sdk_custom_interfaces
[1.540s] -- Install configuration: ""
[1.545s] -- Execute custom install script
[1.568s] -- Up-to-date symlink: /home/ros2access/kaya_ws/install/dynamixel_sdk_custom_interfaces/share/ament_index/resource_index/rosidl_interfaces/dynamixel_sdk_custom_interfaces
[1.569s] -- Up-to-date symlink: /home/ros2access/kaya_ws/install/dynamixel_sdk_custom_interfaces/include/dynamixel_sdk_custom_interfaces/msg/detail/set_position__functions.h
[1.580s] -- Up-to-date symlink: /home/ros2access/kaya_ws/install/dynamixel_sdk_custom_interfaces/include/dynamixel_sdk_custom_interfaces/msg/detail/set_position__struct.h
[1.592s] -- Up-to-date symlink: /home/ros2access/kaya_ws/install/dynamixel_sdk_custom_interfaces/include/dynamixel_sdk_custom_interfaces/msg/detail/set_position__type_support.h
[1.593s] -- Up-to-date symlink: /home/ros2access/kaya_ws/install/dynamixel_sdk_custom_interfaces/include/dynamixel_sdk_custom_interfaces/msg/rosidl_generator_c__visibility_control.h
[1.595s] -- Up-to-date symlink: /home/ros2access/kaya_ws/install/dynamixel_sdk_custom_interfaces/include/dynamixel_sdk_custom_interfaces/msg/set_position.h
[1.596s] -- Up-to-date symlink: /home/ros2access/kaya_ws/install/dynamixel_sdk_custom_interfaces/include/dynamixel_sdk_custom_interfaces/srv/detail/get_position__functions.h
[1.597s] -- Up-to-date symlink: /home/ros2access/kaya_ws/install/dynamixel_sdk_custom_interfaces/include/dynamixel_sdk_custom_interfaces/srv/detail/get_position__struct.h
[1.599s] -- Up-to-date symlink: /home/ros2access/kaya_ws/install/dynamixel_sdk_custom_interfaces/include/dynamixel_sdk_custom_interfaces/srv/detail/get_position__type_support.h
[1.599s] -- Up-to-date symlink: /home/ros2access/kaya_ws/install/dynamixel_sdk_custom_interfaces/include/dynamixel_sdk_custom_interfaces/srv/get_position.h
[1.600s] -- Up-to-date symlink: /home/ros2access/kaya_ws/install/dynamixel_sdk_custom_interfaces/share/dynamixel_sdk_custom_interfaces/environment/library_path.sh
[1.602s] -- Up-to-date symlink: /home/ros2access/kaya_ws/install/dynamixel_sdk_custom_interfaces/share/dynamixel_sdk_custom_interfaces/environment/library_path.dsv
[1.609s] -- Up-to-date symlink: /home/ros2access/kaya_ws/install/dynamixel_sdk_custom_interfaces/include/dynamixel_sdk_custom_interfaces/msg/detail/set_position__rosidl_typesupport_fastrtps_c.h
[1.626s] -- Up-to-date symlink: /home/ros2access/kaya_ws/install/dynamixel_sdk_custom_interfaces/include/dynamixel_sdk_custom_interfaces/msg/rosidl_typesupport_fastrtps_c__visibility_control.h
[1.637s] -- Up-to-date symlink: /home/ros2access/kaya_ws/install/dynamixel_sdk_custom_interfaces/include/dynamixel_sdk_custom_interfaces/srv/detail/get_position__rosidl_typesupport_fastrtps_c.h
[1.660s] -- Up-to-date symlink: /home/ros2access/kaya_ws/install/dynamixel_sdk_custom_interfaces/lib/libdynamixel_sdk_custom_interfaces__rosidl_typesupport_fastrtps_c.so
[1.661s] -- Up-to-date symlink: /home/ros2access/kaya_ws/install/dynamixel_sdk_custom_interfaces/include/dynamixel_sdk_custom_interfaces/msg/detail/set_position__rosidl_typesupport_fastrtps_cpp.hpp
[1.663s] -- Up-to-date symlink: /home/ros2access/kaya_ws/install/dynamixel_sdk_custom_interfaces/include/dynamixel_sdk_custom_interfaces/msg/rosidl_typesupport_fastrtps_cpp__visibility_control.h
[1.663s] -- Up-to-date symlink: /home/ros2access/kaya_ws/install/dynamixel_sdk_custom_interfaces/include/dynamixel_sdk_custom_interfaces/srv/detail/get_position__rosidl_typesupport_fastrtps_cpp.hpp
[1.664s] -- Up-to-date symlink: /home/ros2access/kaya_ws/install/dynamixel_sdk_custom_interfaces/lib/libdynamixel_sdk_custom_interfaces__rosidl_typesupport_fastrtps_cpp.so
[1.665s] -- Up-to-date symlink: /home/ros2access/kaya_ws/install/dynamixel_sdk_custom_interfaces/include/dynamixel_sdk_custom_interfaces/msg/detail/set_position__rosidl_typesupport_introspection_c.h
[1.668s] -- Up-to-date symlink: /home/ros2access/kaya_ws/install/dynamixel_sdk_custom_interfaces/include/dynamixel_sdk_custom_interfaces/msg/rosidl_typesupport_introspection_c__visibility_control.h
[1.669s] -- Up-to-date symlink: /home/ros2access/kaya_ws/install/dynamixel_sdk_custom_interfaces/include/dynamixel_sdk_custom_interfaces/srv/detail/get_position__rosidl_typesupport_introspection_c.h
[1.670s] -- Up-to-date symlink: /home/ros2access/kaya_ws/install/dynamixel_sdk_custom_interfaces/include/dynamixel_sdk_custom_interfaces/msg/detail/set_position__builder.hpp
[1.671s] -- Up-to-date symlink: /home/ros2access/kaya_ws/install/dynamixel_sdk_custom_interfaces/include/dynamixel_sdk_custom_interfaces/msg/detail/set_position__struct.hpp
[1.676s] -- Up-to-date symlink: /home/ros2access/kaya_ws/install/dynamixel_sdk_custom_interfaces/include/dynamixel_sdk_custom_interfaces/msg/detail/set_position__traits.hpp
[1.677s] -- Up-to-date symlink: /home/ros2access/kaya_ws/install/dynamixel_sdk_custom_interfaces/include/dynamixel_sdk_custom_interfaces/msg/set_position.hpp
[1.677s] -- Up-to-date symlink: /home/ros2access/kaya_ws/install/dynamixel_sdk_custom_interfaces/include/dynamixel_sdk_custom_interfaces/srv/detail/get_position__builder.hpp
[1.679s] -- Up-to-date symlink: /home/ros2access/kaya_ws/install/dynamixel_sdk_custom_interfaces/include/dynamixel_sdk_custom_interfaces/srv/detail/get_position__struct.hpp
[1.680s] -- Up-to-date symlink: /home/ros2access/kaya_ws/install/dynamixel_sdk_custom_interfaces/include/dynamixel_sdk_custom_interfaces/srv/detail/get_position__traits.hpp
[1.681s] -- Up-to-date symlink: /home/ros2access/kaya_ws/install/dynamixel_sdk_custom_interfaces/include/dynamixel_sdk_custom_interfaces/srv/get_position.hpp
[1.685s] -- Up-to-date symlink: /home/ros2access/kaya_ws/install/dynamixel_sdk_custom_interfaces/include/dynamixel_sdk_custom_interfaces/msg/detail/set_position__rosidl_typesupport_introspection_cpp.hpp
[1.686s] -- Up-to-date symlink: /home/ros2access/kaya_ws/install/dynamixel_sdk_custom_interfaces/include/dynamixel_sdk_custom_interfaces/srv/detail/get_position__rosidl_typesupport_introspection_cpp.hpp
[1.688s] -- Up-to-date symlink: /home/ros2access/kaya_ws/install/dynamixel_sdk_custom_interfaces/share/dynamixel_sdk_custom_interfaces/environment/pythonpath.sh
[1.688s] -- Up-to-date symlink: /home/ros2access/kaya_ws/install/dynamixel_sdk_custom_interfaces/share/dynamixel_sdk_custom_interfaces/environment/pythonpath.dsv
[1.689s] -- Up-to-date symlink: /home/ros2access/kaya_ws/install/dynamixel_sdk_custom_interfaces/lib/python3.6/site-packages/dynamixel_sdk_custom_interfaces/__init__.py
[1.690s] -- Up-to-date symlink: /home/ros2access/kaya_ws/install/dynamixel_sdk_custom_interfaces/lib/python3.6/site-packages/dynamixel_sdk_custom_interfaces/msg/__init__.py
[1.690s] -- Up-to-date symlink: /home/ros2access/kaya_ws/install/dynamixel_sdk_custom_interfaces/lib/python3.6/site-packages/dynamixel_sdk_custom_interfaces/msg/_set_position.py
[1.691s] -- Up-to-date symlink: /home/ros2access/kaya_ws/install/dynamixel_sdk_custom_interfaces/lib/python3.6/site-packages/dynamixel_sdk_custom_interfaces/srv/__init__.py
[1.692s] -- Up-to-date symlink: /home/ros2access/kaya_ws/install/dynamixel_sdk_custom_interfaces/lib/python3.6/site-packages/dynamixel_sdk_custom_interfaces/srv/_get_position.py
[1.692s] -- Up-to-date symlink: /home/ros2access/kaya_ws/install/dynamixel_sdk_custom_interfaces/lib/python3.6/site-packages/dynamixel_sdk_custom_interfaces/dynamixel_sdk_custom_interfaces_s__rosidl_typesupport_fastrtps_c.cpython-36m-aarch64-linux-gnu.so
[1.696s] -- Up-to-date symlink: /home/ros2access/kaya_ws/install/dynamixel_sdk_custom_interfaces/lib/python3.6/site-packages/dynamixel_sdk_custom_interfaces/dynamixel_sdk_custom_interfaces_s__rosidl_typesupport_introspection_c.cpython-36m-aarch64-linux-gnu.so
[1.700s] -- Up-to-date symlink: /home/ros2access/kaya_ws/install/dynamixel_sdk_custom_interfaces/lib/python3.6/site-packages/dynamixel_sdk_custom_interfaces/dynamixel_sdk_custom_interfaces_s__rosidl_typesupport_c.cpython-36m-aarch64-linux-gnu.so
[1.701s] -- Up-to-date symlink: /home/ros2access/kaya_ws/install/dynamixel_sdk_custom_interfaces/lib/libdynamixel_sdk_custom_interfaces__python.so
[1.702s] -- Up-to-date symlink: /home/ros2access/kaya_ws/install/dynamixel_sdk_custom_interfaces/share/dynamixel_sdk_custom_interfaces/msg/SetPosition.idl
[1.703s] -- Up-to-date symlink: /home/ros2access/kaya_ws/install/dynamixel_sdk_custom_interfaces/share/dynamixel_sdk_custom_interfaces/srv/GetPosition.idl
[1.709s] -- Up-to-date symlink: /home/ros2access/kaya_ws/install/dynamixel_sdk_custom_interfaces/share/dynamixel_sdk_custom_interfaces/msg/SetPosition.msg
[1.709s] -- Up-to-date symlink: /home/ros2access/kaya_ws/install/dynamixel_sdk_custom_interfaces/share/dynamixel_sdk_custom_interfaces/srv/GetPosition.srv
[1.710s] -- Up-to-date symlink: /home/ros2access/kaya_ws/install/dynamixel_sdk_custom_interfaces/share/dynamixel_sdk_custom_interfaces/srv/GetPosition_Request.msg
[1.711s] -- Up-to-date symlink: /home/ros2access/kaya_ws/install/dynamixel_sdk_custom_interfaces/share/dynamixel_sdk_custom_interfaces/srv/GetPosition_Response.msg
[1.711s] -- Up-to-date symlink: /home/ros2access/kaya_ws/install/dynamixel_sdk_custom_interfaces/share/ament_index/resource_index/package_run_dependencies/dynamixel_sdk_custom_interfaces
[1.712s] -- Up-to-date symlink: /home/ros2access/kaya_ws/install/dynamixel_sdk_custom_interfaces/share/ament_index/resource_index/parent_prefix_path/dynamixel_sdk_custom_interfaces
[1.713s] -- Up-to-date symlink: /home/ros2access/kaya_ws/install/dynamixel_sdk_custom_interfaces/share/dynamixel_sdk_custom_interfaces/environment/ament_prefix_path.sh
[1.713s] -- Up-to-date symlink: /home/ros2access/kaya_ws/install/dynamixel_sdk_custom_interfaces/share/dynamixel_sdk_custom_interfaces/environment/ament_prefix_path.dsv
[1.714s] -- Up-to-date symlink: /home/ros2access/kaya_ws/install/dynamixel_sdk_custom_interfaces/share/dynamixel_sdk_custom_interfaces/environment/path.sh
[1.715s] -- Up-to-date symlink: /home/ros2access/kaya_ws/install/dynamixel_sdk_custom_interfaces/share/dynamixel_sdk_custom_interfaces/environment/path.dsv
[1.715s] -- Up-to-date symlink: /home/ros2access/kaya_ws/install/dynamixel_sdk_custom_interfaces/share/dynamixel_sdk_custom_interfaces/local_setup.bash
[1.716s] -- Up-to-date symlink: /home/ros2access/kaya_ws/install/dynamixel_sdk_custom_interfaces/share/dynamixel_sdk_custom_interfaces/local_setup.sh
[1.717s] -- Up-to-date symlink: /home/ros2access/kaya_ws/install/dynamixel_sdk_custom_interfaces/share/dynamixel_sdk_custom_interfaces/local_setup.zsh
[1.717s] -- Up-to-date symlink: /home/ros2access/kaya_ws/install/dynamixel_sdk_custom_interfaces/share/dynamixel_sdk_custom_interfaces/local_setup.dsv
[1.718s] -- Symlinking: /home/ros2access/kaya_ws/install/dynamixel_sdk_custom_interfaces/share/dynamixel_sdk_custom_interfaces/package.dsv
[1.718s] -- Up-to-date symlink: /home/ros2access/kaya_ws/install/dynamixel_sdk_custom_interfaces/share/ament_index/resource_index/packages/dynamixel_sdk_custom_interfaces
[1.719s] -- Up-to-date symlink: /home/ros2access/kaya_ws/install/dynamixel_sdk_custom_interfaces/share/dynamixel_sdk_custom_interfaces/cmake/rosidl_cmake-extras.cmake
[1.720s] -- Up-to-date symlink: /home/ros2access/kaya_ws/install/dynamixel_sdk_custom_interfaces/share/dynamixel_sdk_custom_interfaces/cmake/ament_cmake_export_dependencies-extras.cmake
[1.720s] -- Up-to-date symlink: /home/ros2access/kaya_ws/install/dynamixel_sdk_custom_interfaces/share/dynamixel_sdk_custom_interfaces/cmake/ament_cmake_export_libraries-extras.cmake
[1.721s] -- Up-to-date symlink: /home/ros2access/kaya_ws/install/dynamixel_sdk_custom_interfaces/share/dynamixel_sdk_custom_interfaces/cmake/ament_cmake_export_targets-extras.cmake
[1.722s] -- Up-to-date symlink: /home/ros2access/kaya_ws/install/dynamixel_sdk_custom_interfaces/share/dynamixel_sdk_custom_interfaces/cmake/ament_cmake_export_include_directories-extras.cmake
[1.722s] -- Up-to-date symlink: /home/ros2access/kaya_ws/install/dynamixel_sdk_custom_interfaces/share/dynamixel_sdk_custom_interfaces/cmake/rosidl_cmake_export_typesupport_libraries-extras.cmake
[1.723s] -- Up-to-date symlink: /home/ros2access/kaya_ws/install/dynamixel_sdk_custom_interfaces/share/dynamixel_sdk_custom_interfaces/cmake/rosidl_cmake_export_typesupport_targets-extras.cmake
[1.724s] -- Up-to-date symlink: /home/ros2access/kaya_ws/install/dynamixel_sdk_custom_interfaces/share/dynamixel_sdk_custom_interfaces/cmake/dynamixel_sdk_custom_interfacesConfig.cmake
[1.725s] -- Up-to-date symlink: /home/ros2access/kaya_ws/install/dynamixel_sdk_custom_interfaces/share/dynamixel_sdk_custom_interfaces/cmake/dynamixel_sdk_custom_interfacesConfig-version.cmake
[1.725s] -- Up-to-date symlink: /home/ros2access/kaya_ws/install/dynamixel_sdk_custom_interfaces/share/dynamixel_sdk_custom_interfaces/package.xml
[1.726s] -- Up-to-date: /home/ros2access/kaya_ws/install/dynamixel_sdk_custom_interfaces/lib/libdynamixel_sdk_custom_interfaces__rosidl_generator_c.so
[1.726s] -- Up-to-date: /home/ros2access/kaya_ws/install/dynamixel_sdk_custom_interfaces/lib/libdynamixel_sdk_custom_interfaces__rosidl_typesupport_introspection_c.so
[1.730s] -- Up-to-date: /home/ros2access/kaya_ws/install/dynamixel_sdk_custom_interfaces/lib/libdynamixel_sdk_custom_interfaces__rosidl_typesupport_c.so
[1.730s] -- Up-to-date: /home/ros2access/kaya_ws/install/dynamixel_sdk_custom_interfaces/lib/libdynamixel_sdk_custom_interfaces__rosidl_typesupport_introspection_cpp.so
[1.731s] -- Up-to-date: /home/ros2access/kaya_ws/install/dynamixel_sdk_custom_interfaces/lib/libdynamixel_sdk_custom_interfaces__rosidl_typesupport_cpp.so
[1.860s] -- Up-to-date: /home/ros2access/kaya_ws/install/dynamixel_sdk_custom_interfaces/share/dynamixel_sdk_custom_interfaces/cmake/dynamixel_sdk_custom_interfaces__rosidl_generator_cExport.cmake
[1.861s] -- Up-to-date: /home/ros2access/kaya_ws/install/dynamixel_sdk_custom_interfaces/share/dynamixel_sdk_custom_interfaces/cmake/dynamixel_sdk_custom_interfaces__rosidl_generator_cExport-noconfig.cmake
[1.861s] -- Up-to-date: /home/ros2access/kaya_ws/install/dynamixel_sdk_custom_interfaces/share/dynamixel_sdk_custom_interfaces/cmake/dynamixel_sdk_custom_interfaces__rosidl_typesupport_introspection_cExport.cmake
[1.862s] -- Up-to-date: /home/ros2access/kaya_ws/install/dynamixel_sdk_custom_interfaces/share/dynamixel_sdk_custom_interfaces/cmake/dynamixel_sdk_custom_interfaces__rosidl_typesupport_introspection_cExport-noconfig.cmake
[1.863s] -- Up-to-date: /home/ros2access/kaya_ws/install/dynamixel_sdk_custom_interfaces/share/dynamixel_sdk_custom_interfaces/cmake/dynamixel_sdk_custom_interfaces__rosidl_typesupport_cExport.cmake
[1.863s] -- Up-to-date: /home/ros2access/kaya_ws/install/dynamixel_sdk_custom_interfaces/share/dynamixel_sdk_custom_interfaces/cmake/dynamixel_sdk_custom_interfaces__rosidl_typesupport_cExport-noconfig.cmake
[1.864s] -- Up-to-date: /home/ros2access/kaya_ws/install/dynamixel_sdk_custom_interfaces/share/dynamixel_sdk_custom_interfaces/cmake/dynamixel_sdk_custom_interfaces__rosidl_generator_cppExport.cmake
[1.865s] -- Up-to-date: /home/ros2access/kaya_ws/install/dynamixel_sdk_custom_interfaces/share/dynamixel_sdk_custom_interfaces/cmake/dynamixel_sdk_custom_interfaces__rosidl_typesupport_introspection_cppExport.cmake
[1.866s] -- Up-to-date: /home/ros2access/kaya_ws/install/dynamixel_sdk_custom_interfaces/share/dynamixel_sdk_custom_interfaces/cmake/dynamixel_sdk_custom_interfaces__rosidl_typesupport_introspection_cppExport-noconfig.cmake
[1.869s] -- Up-to-date: /home/ros2access/kaya_ws/install/dynamixel_sdk_custom_interfaces/share/dynamixel_sdk_custom_interfaces/cmake/dynamixel_sdk_custom_interfaces__rosidl_typesupport_cppExport.cmake
[1.871s] -- Up-to-date: /home/ros2access/kaya_ws/install/dynamixel_sdk_custom_interfaces/share/dynamixel_sdk_custom_interfaces/cmake/dynamixel_sdk_custom_interfaces__rosidl_typesupport_cppExport-noconfig.cmake
[1.908s] Invoked command in '/home/ros2access/kaya_ws/build/dynamixel_sdk_custom_interfaces' returned '0': /usr/local/bin/cmake --install /home/ros2access/kaya_ws/build/dynamixel_sdk_custom_interfaces
