[0.162s] Invoking command in '/home/ros2access/kaya_ws/build/dynamixel_sdk_examples': CMAKE_PREFIX_PATH=/home/ros2access/kaya_ws/install/dynamixel_sdk_custom_interfaces:/home/ros2access/kaya_ws/install/dynamixel_sdk:/home/ros2access/kaya_ws/install/dynamixel_sdk_examples:/ros_deep_learning/install/ros_deep_learning:/opt/ros/foxy/install LD_LIBRARY_PATH=/home/ros2access/kaya_ws/install/dynamixel_sdk_custom_interfaces/lib:/home/ros2access/kaya_ws/install/dynamixel_sdk/lib:/opt/ros/foxy/install/opt/yaml_cpp_vendor/lib:/opt/ros/foxy/install/lib:/usr/local/cuda/lib64:/usr/local/cuda-10.2/targets/aarch64-linux/lib /usr/local/bin/cmake --build /home/ros2access/kaya_ws/build/dynamixel_sdk_examples -- -j4 -l4
[0.489s] [ 50%] [32mBuilding CXX object CMakeFiles/read_write_node.dir/src/read_write_node.cpp.o[0m
[22.944s] [100%] [32m[1mLinking CXX executable read_write_node[0m
[24.055s] [100%] Built target read_write_node
[24.094s] Invoked command in '/home/ros2access/kaya_ws/build/dynamixel_sdk_examples' returned '0': CMAKE_PREFIX_PATH=/home/ros2access/kaya_ws/install/dynamixel_sdk_custom_interfaces:/home/ros2access/kaya_ws/install/dynamixel_sdk:/home/ros2access/kaya_ws/install/dynamixel_sdk_examples:/ros_deep_learning/install/ros_deep_learning:/opt/ros/foxy/install LD_LIBRARY_PATH=/home/ros2access/kaya_ws/install/dynamixel_sdk_custom_interfaces/lib:/home/ros2access/kaya_ws/install/dynamixel_sdk/lib:/opt/ros/foxy/install/opt/yaml_cpp_vendor/lib:/opt/ros/foxy/install/lib:/usr/local/cuda/lib64:/usr/local/cuda-10.2/targets/aarch64-linux/lib /usr/local/bin/cmake --build /home/ros2access/kaya_ws/build/dynamixel_sdk_examples -- -j4 -l4
[24.381s] Invoking command in '/home/ros2access/kaya_ws/build/dynamixel_sdk_examples': CMAKE_PREFIX_PATH=/home/ros2access/kaya_ws/install/dynamixel_sdk_custom_interfaces:/home/ros2access/kaya_ws/install/dynamixel_sdk:/home/ros2access/kaya_ws/install/dynamixel_sdk_examples:/ros_deep_learning/install/ros_deep_learning:/opt/ros/foxy/install LD_LIBRARY_PATH=/home/ros2access/kaya_ws/install/dynamixel_sdk_custom_interfaces/lib:/home/ros2access/kaya_ws/install/dynamixel_sdk/lib:/opt/ros/foxy/install/opt/yaml_cpp_vendor/lib:/opt/ros/foxy/install/lib:/usr/local/cuda/lib64:/usr/local/cuda-10.2/targets/aarch64-linux/lib /usr/local/bin/cmake --install /home/ros2access/kaya_ws/build/dynamixel_sdk_examples
[24.548s] -- Install configuration: ""
[24.550s] -- Execute custom install script
[24.553s] -- Up-to-date symlink: /home/ros2access/kaya_ws/install/dynamixel_sdk_examples/lib/dynamixel_sdk_examples/read_write_node
[24.554s] -- Up-to-date symlink: /home/ros2access/kaya_ws/install/dynamixel_sdk_examples/share/ament_index/resource_index/package_run_dependencies/dynamixel_sdk_examples
[24.556s] -- Up-to-date symlink: /home/ros2access/kaya_ws/install/dynamixel_sdk_examples/share/ament_index/resource_index/parent_prefix_path/dynamixel_sdk_examples
[24.558s] -- Up-to-date symlink: /home/ros2access/kaya_ws/install/dynamixel_sdk_examples/share/dynamixel_sdk_examples/environment/ament_prefix_path.sh
[24.559s] -- Up-to-date symlink: /home/ros2access/kaya_ws/install/dynamixel_sdk_examples/share/dynamixel_sdk_examples/environment/ament_prefix_path.dsv
[24.561s] -- Up-to-date symlink: /home/ros2access/kaya_ws/install/dynamixel_sdk_examples/share/dynamixel_sdk_examples/environment/path.sh
[24.563s] -- Up-to-date symlink: /home/ros2access/kaya_ws/install/dynamixel_sdk_examples/share/dynamixel_sdk_examples/environment/path.dsv
[24.564s] -- Up-to-date symlink: /home/ros2access/kaya_ws/install/dynamixel_sdk_examples/share/dynamixel_sdk_examples/local_setup.bash
[24.565s] -- Up-to-date symlink: /home/ros2access/kaya_ws/install/dynamixel_sdk_examples/share/dynamixel_sdk_examples/local_setup.sh
[24.567s] -- Up-to-date symlink: /home/ros2access/kaya_ws/install/dynamixel_sdk_examples/share/dynamixel_sdk_examples/local_setup.zsh
[24.568s] -- Up-to-date symlink: /home/ros2access/kaya_ws/install/dynamixel_sdk_examples/share/dynamixel_sdk_examples/local_setup.dsv
[24.568s] -- Symlinking: /home/ros2access/kaya_ws/install/dynamixel_sdk_examples/share/dynamixel_sdk_examples/package.dsv
[24.580s] -- Up-to-date symlink: /home/ros2access/kaya_ws/install/dynamixel_sdk_examples/share/ament_index/resource_index/packages/dynamixel_sdk_examples
[24.581s] -- Up-to-date symlink: /home/ros2access/kaya_ws/install/dynamixel_sdk_examples/share/dynamixel_sdk_examples/cmake/dynamixel_sdk_examplesConfig.cmake
[24.582s] -- Up-to-date symlink: /home/ros2access/kaya_ws/install/dynamixel_sdk_examples/share/dynamixel_sdk_examples/cmake/dynamixel_sdk_examplesConfig-version.cmake
[24.583s] -- Up-to-date symlink: /home/ros2access/kaya_ws/install/dynamixel_sdk_examples/share/dynamixel_sdk_examples/package.xml
[24.621s] Invoked command in '/home/ros2access/kaya_ws/build/dynamixel_sdk_examples' returned '0': CMAKE_PREFIX_PATH=/home/ros2access/kaya_ws/install/dynamixel_sdk_custom_interfaces:/home/ros2access/kaya_ws/install/dynamixel_sdk:/home/ros2access/kaya_ws/install/dynamixel_sdk_examples:/ros_deep_learning/install/ros_deep_learning:/opt/ros/foxy/install LD_LIBRARY_PATH=/home/ros2access/kaya_ws/install/dynamixel_sdk_custom_interfaces/lib:/home/ros2access/kaya_ws/install/dynamixel_sdk/lib:/opt/ros/foxy/install/opt/yaml_cpp_vendor/lib:/opt/ros/foxy/install/lib:/usr/local/cuda/lib64:/usr/local/cuda-10.2/targets/aarch64-linux/lib /usr/local/bin/cmake --install /home/ros2access/kaya_ws/build/dynamixel_sdk_examples
