[2.935s] DEBUG:colcon:Command line arguments: ['/usr/bin/colcon', 'build', '--symlink-install']
[2.936s] DEBUG:colcon:Parsed command line arguments: Namespace(ament_cmake_args=None, base_paths=['.'], build_base='build', catkin_cmake_args=None, catkin_skip_building_tests=False, cmake_args=None, cmake_clean_cache=False, cmake_clean_first=False, cmake_force_configure=False, cmake_target=None, cmake_target_skip_unavailable=False, continue_on_error=False, event_handlers=None, executor='parallel', ignore_user_meta=False, install_base='install', log_base=None, log_level=None, main=<bound method BuildVerb.main of <colcon_core.verb.build.BuildVerb object at 0x7f9f00de10>>, merge_install=False, metas=['./colcon.meta'], packages_above=None, packages_above_and_dependencies=None, packages_above_depth=None, packages_end=None, packages_ignore=None, packages_ignore_regex=None, packages_select=None, packages_select_build_failed=False, packages_select_by_dep=None, packages_select_regex=None, packages_select_test_failures=False, packages_skip=None, packages_skip_build_finished=False, packages_skip_by_dep=None, packages_skip_regex=None, packages_skip_test_passed=False, packages_skip_up_to=None, packages_start=None, packages_up_to=None, packages_up_to_regex=None, parallel_workers=4, paths=None, symlink_install=True, test_result_base=None, verb_extension=<colcon_core.verb.build.BuildVerb object at 0x7f9f00de10>, verb_name='build', verb_parser=<colcon_defaults.argument_parser.defaults.DefaultArgumentsDecorator object at 0x7f9ef99470>)
[3.143s] Level 1:colcon.colcon_core.package_discovery:discover_packages(colcon_meta) check parameters
[3.144s] Level 1:colcon.colcon_core.package_discovery:discover_packages(recursive) check parameters
[3.144s] Level 1:colcon.colcon_core.package_discovery:discover_packages(ignore) check parameters
[3.144s] Level 1:colcon.colcon_core.package_discovery:discover_packages(path) check parameters
[3.144s] Level 1:colcon.colcon_core.package_discovery:discover_packages(colcon_meta) discover
[3.146s] Level 1:colcon.colcon_core.package_discovery:discover_packages(recursive) discover
[3.146s] INFO:colcon.colcon_core.package_discovery:Crawling recursively for packages in '/home/ros2access/kaya_ws'
[3.147s] Level 1:colcon.colcon_core.package_identification:_identify(.) by extensions ['ignore', 'ignore_ament_install']
[3.147s] Level 1:colcon.colcon_core.package_identification:_identify(.) by extension 'ignore'
[3.148s] Level 1:colcon.colcon_core.package_identification:_identify(.) by extension 'ignore_ament_install'
[3.148s] Level 1:colcon.colcon_core.package_identification:_identify(.) by extensions ['colcon_pkg']
[3.148s] Level 1:colcon.colcon_core.package_identification:_identify(.) by extension 'colcon_pkg'
[3.148s] Level 1:colcon.colcon_core.package_identification:_identify(.) by extensions ['colcon_meta']
[3.148s] Level 1:colcon.colcon_core.package_identification:_identify(.) by extension 'colcon_meta'
[3.149s] Level 1:colcon.colcon_core.package_identification:_identify(.) by extensions ['ros']
[3.149s] Level 1:colcon.colcon_core.package_identification:_identify(.) by extension 'ros'
[3.331s] Level 1:colcon.colcon_core.package_identification:_identify(.) by extensions ['cmake', 'python']
[3.331s] Level 1:colcon.colcon_core.package_identification:_identify(.) by extension 'cmake'
[3.331s] Level 1:colcon.colcon_core.package_identification:_identify(.) by extension 'python'
[3.332s] Level 1:colcon.colcon_core.package_identification:_identify(.) by extensions ['python_setup_py']
[3.332s] Level 1:colcon.colcon_core.package_identification:_identify(.) by extension 'python_setup_py'
[3.332s] Level 1:colcon.colcon_core.package_identification:_identify(build) by extensions ['ignore', 'ignore_ament_install']
[3.333s] Level 1:colcon.colcon_core.package_identification:_identify(build) by extension 'ignore'
[3.333s] Level 1:colcon.colcon_core.package_identification:_identify(build) ignored
[3.335s] Level 1:colcon.colcon_core.package_identification:_identify(install) by extensions ['ignore', 'ignore_ament_install']
[3.336s] Level 1:colcon.colcon_core.package_identification:_identify(install) by extension 'ignore'
[3.336s] Level 1:colcon.colcon_core.package_identification:_identify(install) ignored
[3.336s] Level 1:colcon.colcon_core.package_identification:_identify(log) by extensions ['ignore', 'ignore_ament_install']
[3.337s] Level 1:colcon.colcon_core.package_identification:_identify(log) by extension 'ignore'
[3.337s] Level 1:colcon.colcon_core.package_identification:_identify(log) ignored
[3.337s] Level 1:colcon.colcon_core.package_identification:_identify(src) by extensions ['ignore', 'ignore_ament_install']
[3.338s] Level 1:colcon.colcon_core.package_identification:_identify(src) by extension 'ignore'
[3.338s] Level 1:colcon.colcon_core.package_identification:_identify(src) by extension 'ignore_ament_install'
[3.338s] Level 1:colcon.colcon_core.package_identification:_identify(src) by extensions ['colcon_pkg']
[3.339s] Level 1:colcon.colcon_core.package_identification:_identify(src) by extension 'colcon_pkg'
[3.339s] Level 1:colcon.colcon_core.package_identification:_identify(src) by extensions ['colcon_meta']
[3.339s] Level 1:colcon.colcon_core.package_identification:_identify(src) by extension 'colcon_meta'
[3.339s] Level 1:colcon.colcon_core.package_identification:_identify(src) by extensions ['ros']
[3.340s] Level 1:colcon.colcon_core.package_identification:_identify(src) by extension 'ros'
[3.340s] Level 1:colcon.colcon_core.package_identification:_identify(src) by extensions ['cmake', 'python']
[3.340s] Level 1:colcon.colcon_core.package_identification:_identify(src) by extension 'cmake'
[3.341s] Level 1:colcon.colcon_core.package_identification:_identify(src) by extension 'python'
[3.341s] Level 1:colcon.colcon_core.package_identification:_identify(src) by extensions ['python_setup_py']
[3.341s] Level 1:colcon.colcon_core.package_identification:_identify(src) by extension 'python_setup_py'
[3.342s] Level 1:colcon.colcon_core.package_identification:_identify(src/DynamixelSDK) by extensions ['ignore', 'ignore_ament_install']
[3.343s] Level 1:colcon.colcon_core.package_identification:_identify(src/DynamixelSDK) by extension 'ignore'
[3.343s] Level 1:colcon.colcon_core.package_identification:_identify(src/DynamixelSDK) by extension 'ignore_ament_install'
[3.344s] Level 1:colcon.colcon_core.package_identification:_identify(src/DynamixelSDK) by extensions ['colcon_pkg']
[3.344s] Level 1:colcon.colcon_core.package_identification:_identify(src/DynamixelSDK) by extension 'colcon_pkg'
[3.344s] Level 1:colcon.colcon_core.package_identification:_identify(src/DynamixelSDK) by extensions ['colcon_meta']
[3.344s] Level 1:colcon.colcon_core.package_identification:_identify(src/DynamixelSDK) by extension 'colcon_meta'
[3.345s] Level 1:colcon.colcon_core.package_identification:_identify(src/DynamixelSDK) by extensions ['ros']
[3.345s] Level 1:colcon.colcon_core.package_identification:_identify(src/DynamixelSDK) by extension 'ros'
[3.345s] Level 1:colcon.colcon_core.package_identification:_identify(src/DynamixelSDK) by extensions ['cmake', 'python']
[3.346s] Level 1:colcon.colcon_core.package_identification:_identify(src/DynamixelSDK) by extension 'cmake'
[3.346s] Level 1:colcon.colcon_core.package_identification:_identify(src/DynamixelSDK) by extension 'python'
[3.346s] Level 1:colcon.colcon_core.package_identification:_identify(src/DynamixelSDK) by extensions ['python_setup_py']
[3.346s] Level 1:colcon.colcon_core.package_identification:_identify(src/DynamixelSDK) by extension 'python_setup_py'
[3.347s] Level 1:colcon.colcon_core.package_identification:_identify(src/DynamixelSDK/dynamixel_sdk) by extensions ['ignore', 'ignore_ament_install']
[3.347s] Level 1:colcon.colcon_core.package_identification:_identify(src/DynamixelSDK/dynamixel_sdk) by extension 'ignore'
[3.348s] Level 1:colcon.colcon_core.package_identification:_identify(src/DynamixelSDK/dynamixel_sdk) by extension 'ignore_ament_install'
[3.348s] Level 1:colcon.colcon_core.package_identification:_identify(src/DynamixelSDK/dynamixel_sdk) by extensions ['colcon_pkg']
[3.348s] Level 1:colcon.colcon_core.package_identification:_identify(src/DynamixelSDK/dynamixel_sdk) by extension 'colcon_pkg'
[3.348s] Level 1:colcon.colcon_core.package_identification:_identify(src/DynamixelSDK/dynamixel_sdk) by extensions ['colcon_meta']
[3.349s] Level 1:colcon.colcon_core.package_identification:_identify(src/DynamixelSDK/dynamixel_sdk) by extension 'colcon_meta'
[3.349s] Level 1:colcon.colcon_core.package_identification:_identify(src/DynamixelSDK/dynamixel_sdk) by extensions ['ros']
[3.349s] Level 1:colcon.colcon_core.package_identification:_identify(src/DynamixelSDK/dynamixel_sdk) by extension 'ros'
[3.363s] DEBUG:colcon.colcon_core.package_identification:Package 'src/DynamixelSDK/dynamixel_sdk' with type 'ros.ament_cmake' and name 'dynamixel_sdk'
[3.363s] Level 1:colcon.colcon_core.package_identification:_identify(src/DynamixelSDK/dynamixel_sdk_custom_interfaces) by extensions ['ignore', 'ignore_ament_install']
[3.364s] Level 1:colcon.colcon_core.package_identification:_identify(src/DynamixelSDK/dynamixel_sdk_custom_interfaces) by extension 'ignore'
[3.364s] Level 1:colcon.colcon_core.package_identification:_identify(src/DynamixelSDK/dynamixel_sdk_custom_interfaces) by extension 'ignore_ament_install'
[3.365s] Level 1:colcon.colcon_core.package_identification:_identify(src/DynamixelSDK/dynamixel_sdk_custom_interfaces) by extensions ['colcon_pkg']
[3.365s] Level 1:colcon.colcon_core.package_identification:_identify(src/DynamixelSDK/dynamixel_sdk_custom_interfaces) by extension 'colcon_pkg'
[3.365s] Level 1:colcon.colcon_core.package_identification:_identify(src/DynamixelSDK/dynamixel_sdk_custom_interfaces) by extensions ['colcon_meta']
[3.365s] Level 1:colcon.colcon_core.package_identification:_identify(src/DynamixelSDK/dynamixel_sdk_custom_interfaces) by extension 'colcon_meta'
[3.366s] Level 1:colcon.colcon_core.package_identification:_identify(src/DynamixelSDK/dynamixel_sdk_custom_interfaces) by extensions ['ros']
[3.366s] Level 1:colcon.colcon_core.package_identification:_identify(src/DynamixelSDK/dynamixel_sdk_custom_interfaces) by extension 'ros'
[3.369s] DEBUG:colcon.colcon_core.package_identification:Package 'src/DynamixelSDK/dynamixel_sdk_custom_interfaces' with type 'ros.ament_cmake' and name 'dynamixel_sdk_custom_interfaces'
[3.376s] Level 1:colcon.colcon_core.package_identification:_identify(src/DynamixelSDK/dynamixel_sdk_examples) by extensions ['ignore', 'ignore_ament_install']
[3.376s] Level 1:colcon.colcon_core.package_identification:_identify(src/DynamixelSDK/dynamixel_sdk_examples) by extension 'ignore'
[3.377s] Level 1:colcon.colcon_core.package_identification:_identify(src/DynamixelSDK/dynamixel_sdk_examples) by extension 'ignore_ament_install'
[3.377s] Level 1:colcon.colcon_core.package_identification:_identify(src/DynamixelSDK/dynamixel_sdk_examples) by extensions ['colcon_pkg']
[3.378s] Level 1:colcon.colcon_core.package_identification:_identify(src/DynamixelSDK/dynamixel_sdk_examples) by extension 'colcon_pkg'
[3.378s] Level 1:colcon.colcon_core.package_identification:_identify(src/DynamixelSDK/dynamixel_sdk_examples) by extensions ['colcon_meta']
[3.378s] Level 1:colcon.colcon_core.package_identification:_identify(src/DynamixelSDK/dynamixel_sdk_examples) by extension 'colcon_meta'
[3.378s] Level 1:colcon.colcon_core.package_identification:_identify(src/DynamixelSDK/dynamixel_sdk_examples) by extensions ['ros']
[3.379s] Level 1:colcon.colcon_core.package_identification:_identify(src/DynamixelSDK/dynamixel_sdk_examples) by extension 'ros'
[3.383s] DEBUG:colcon.colcon_core.package_identification:Package 'src/DynamixelSDK/dynamixel_sdk_examples' with type 'ros.ament_cmake' and name 'dynamixel_sdk_examples'
[3.384s] Level 1:colcon.colcon_core.package_discovery:discover_packages(recursive) using defaults
[3.385s] Level 1:colcon.colcon_core.package_discovery:discover_packages(ignore) discover
[3.385s] Level 1:colcon.colcon_core.package_discovery:discover_packages(ignore) using defaults
[3.385s] Level 1:colcon.colcon_core.package_discovery:discover_packages(path) discover
[3.385s] Level 1:colcon.colcon_core.package_discovery:discover_packages(path) using defaults
[3.616s] Level 5:colcon.colcon_core.verb:set package 'dynamixel_sdk' build argument 'cmake_args' from command line to 'None'
[3.616s] Level 5:colcon.colcon_core.verb:set package 'dynamixel_sdk' build argument 'cmake_target' from command line to 'None'
[3.616s] Level 5:colcon.colcon_core.verb:set package 'dynamixel_sdk' build argument 'cmake_target_skip_unavailable' from command line to 'False'
[3.617s] Level 5:colcon.colcon_core.verb:set package 'dynamixel_sdk' build argument 'cmake_clean_cache' from command line to 'False'
[3.617s] Level 5:colcon.colcon_core.verb:set package 'dynamixel_sdk' build argument 'cmake_clean_first' from command line to 'False'
[3.617s] Level 5:colcon.colcon_core.verb:set package 'dynamixel_sdk' build argument 'cmake_force_configure' from command line to 'False'
[3.617s] Level 5:colcon.colcon_core.verb:set package 'dynamixel_sdk' build argument 'ament_cmake_args' from command line to 'None'
[3.617s] Level 5:colcon.colcon_core.verb:set package 'dynamixel_sdk' build argument 'catkin_cmake_args' from command line to 'None'
[3.617s] Level 5:colcon.colcon_core.verb:set package 'dynamixel_sdk' build argument 'catkin_skip_building_tests' from command line to 'False'
[3.618s] DEBUG:colcon.colcon_core.verb:Building package 'dynamixel_sdk' with the following arguments: {'ament_cmake_args': None, 'build_base': '/home/ros2access/kaya_ws/build/dynamixel_sdk', 'catkin_cmake_args': None, 'catkin_skip_building_tests': False, 'cmake_args': None, 'cmake_clean_cache': False, 'cmake_clean_first': False, 'cmake_force_configure': False, 'cmake_target': None, 'cmake_target_skip_unavailable': False, 'install_base': '/home/ros2access/kaya_ws/install/dynamixel_sdk', 'merge_install': False, 'path': '/home/ros2access/kaya_ws/src/DynamixelSDK/dynamixel_sdk', 'symlink_install': True, 'test_result_base': None}
[3.637s] Level 5:colcon.colcon_core.verb:set package 'dynamixel_sdk_custom_interfaces' build argument 'cmake_args' from command line to 'None'
[3.637s] Level 5:colcon.colcon_core.verb:set package 'dynamixel_sdk_custom_interfaces' build argument 'cmake_target' from command line to 'None'
[3.637s] Level 5:colcon.colcon_core.verb:set package 'dynamixel_sdk_custom_interfaces' build argument 'cmake_target_skip_unavailable' from command line to 'False'
[3.637s] Level 5:colcon.colcon_core.verb:set package 'dynamixel_sdk_custom_interfaces' build argument 'cmake_clean_cache' from command line to 'False'
[3.638s] Level 5:colcon.colcon_core.verb:set package 'dynamixel_sdk_custom_interfaces' build argument 'cmake_clean_first' from command line to 'False'
[3.638s] Level 5:colcon.colcon_core.verb:set package 'dynamixel_sdk_custom_interfaces' build argument 'cmake_force_configure' from command line to 'False'
[3.638s] Level 5:colcon.colcon_core.verb:set package 'dynamixel_sdk_custom_interfaces' build argument 'ament_cmake_args' from command line to 'None'
[3.638s] Level 5:colcon.colcon_core.verb:set package 'dynamixel_sdk_custom_interfaces' build argument 'catkin_cmake_args' from command line to 'None'
[3.638s] Level 5:colcon.colcon_core.verb:set package 'dynamixel_sdk_custom_interfaces' build argument 'catkin_skip_building_tests' from command line to 'False'
[3.638s] DEBUG:colcon.colcon_core.verb:Building package 'dynamixel_sdk_custom_interfaces' with the following arguments: {'ament_cmake_args': None, 'build_base': '/home/ros2access/kaya_ws/build/dynamixel_sdk_custom_interfaces', 'catkin_cmake_args': None, 'catkin_skip_building_tests': False, 'cmake_args': None, 'cmake_clean_cache': False, 'cmake_clean_first': False, 'cmake_force_configure': False, 'cmake_target': None, 'cmake_target_skip_unavailable': False, 'install_base': '/home/ros2access/kaya_ws/install/dynamixel_sdk_custom_interfaces', 'merge_install': False, 'path': '/home/ros2access/kaya_ws/src/DynamixelSDK/dynamixel_sdk_custom_interfaces', 'symlink_install': True, 'test_result_base': None}
[3.657s] Level 5:colcon.colcon_core.verb:set package 'dynamixel_sdk_examples' build argument 'cmake_args' from command line to 'None'
[3.658s] Level 5:colcon.colcon_core.verb:set package 'dynamixel_sdk_examples' build argument 'cmake_target' from command line to 'None'
[3.658s] Level 5:colcon.colcon_core.verb:set package 'dynamixel_sdk_examples' build argument 'cmake_target_skip_unavailable' from command line to 'False'
[3.658s] Level 5:colcon.colcon_core.verb:set package 'dynamixel_sdk_examples' build argument 'cmake_clean_cache' from command line to 'False'
[3.658s] Level 5:colcon.colcon_core.verb:set package 'dynamixel_sdk_examples' build argument 'cmake_clean_first' from command line to 'False'
[3.659s] Level 5:colcon.colcon_core.verb:set package 'dynamixel_sdk_examples' build argument 'cmake_force_configure' from command line to 'False'
[3.659s] Level 5:colcon.colcon_core.verb:set package 'dynamixel_sdk_examples' build argument 'ament_cmake_args' from command line to 'None'
[3.659s] Level 5:colcon.colcon_core.verb:set package 'dynamixel_sdk_examples' build argument 'catkin_cmake_args' from command line to 'None'
[3.659s] Level 5:colcon.colcon_core.verb:set package 'dynamixel_sdk_examples' build argument 'catkin_skip_building_tests' from command line to 'False'
[3.660s] DEBUG:colcon.colcon_core.verb:Building package 'dynamixel_sdk_examples' with the following arguments: {'ament_cmake_args': None, 'build_base': '/home/ros2access/kaya_ws/build/dynamixel_sdk_examples', 'catkin_cmake_args': None, 'catkin_skip_building_tests': False, 'cmake_args': None, 'cmake_clean_cache': False, 'cmake_clean_first': False, 'cmake_force_configure': False, 'cmake_target': None, 'cmake_target_skip_unavailable': False, 'install_base': '/home/ros2access/kaya_ws/install/dynamixel_sdk_examples', 'merge_install': False, 'path': '/home/ros2access/kaya_ws/src/DynamixelSDK/dynamixel_sdk_examples', 'symlink_install': True, 'test_result_base': None}
[3.676s] INFO:colcon.colcon_core.executor:Executing jobs using 'parallel' executor
[3.765s] DEBUG:colcon.colcon_parallel_executor.executor.parallel:run_until_complete
[3.767s] INFO:colcon.colcon_ros.task.ament_cmake.build:Building ROS package in '/home/ros2access/kaya_ws/src/DynamixelSDK/dynamixel_sdk' with build type 'ament_cmake'
[3.768s] INFO:colcon.colcon_cmake.task.cmake.build:Building CMake package in '/home/ros2access/kaya_ws/src/DynamixelSDK/dynamixel_sdk'
[3.831s] INFO:colcon.colcon_core.plugin_system:Skipping extension 'colcon_core.shell.bat': Not used on non-Windows systems
[3.832s] INFO:colcon.colcon_core.shell:Skip shell extension 'powershell' for command environment: Not usable outside of PowerShell
[3.833s] DEBUG:colcon.colcon_core.shell:Skip shell extension 'dsv' for command environment
[3.926s] INFO:colcon.colcon_ros.task.ament_cmake.build:Building ROS package in '/home/ros2access/kaya_ws/src/DynamixelSDK/dynamixel_sdk_custom_interfaces' with build type 'ament_cmake'
[3.928s] INFO:colcon.colcon_cmake.task.cmake.build:Building CMake package in '/home/ros2access/kaya_ws/src/DynamixelSDK/dynamixel_sdk_custom_interfaces'
[3.971s] INFO:colcon.colcon_core.shell:Skip shell extension 'powershell' for command environment: Not usable outside of PowerShell
[3.972s] DEBUG:colcon.colcon_core.shell:Skip shell extension 'dsv' for command environment
[4.073s] DEBUG:colcon.colcon_core.event_handler.log_command:Invoking command in '/home/ros2access/kaya_ws/build/dynamixel_sdk': /usr/local/bin/cmake /home/ros2access/kaya_ws/src/DynamixelSDK/dynamixel_sdk -DAMENT_CMAKE_SYMLINK_INSTALL=1 -DCMAKE_INSTALL_PREFIX=/home/ros2access/kaya_ws/install/dynamixel_sdk
[4.100s] DEBUG:colcon.colcon_core.event_handler.log_command:Invoking command in '/home/ros2access/kaya_ws/build/dynamixel_sdk_custom_interfaces': /usr/local/bin/cmake /home/ros2access/kaya_ws/src/DynamixelSDK/dynamixel_sdk_custom_interfaces -DAMENT_CMAKE_SYMLINK_INSTALL=1 -DCMAKE_INSTALL_PREFIX=/home/ros2access/kaya_ws/install/dynamixel_sdk_custom_interfaces
[7.550s] DEBUG:colcon.colcon_core.event_handler.log_command:Invoked command in '/home/ros2access/kaya_ws/build/dynamixel_sdk' returned '0': /usr/local/bin/cmake /home/ros2access/kaya_ws/src/DynamixelSDK/dynamixel_sdk -DAMENT_CMAKE_SYMLINK_INSTALL=1 -DCMAKE_INSTALL_PREFIX=/home/ros2access/kaya_ws/install/dynamixel_sdk
[7.562s] DEBUG:colcon.colcon_core.event_handler.log_command:Invoking command in '/home/ros2access/kaya_ws/build/dynamixel_sdk': /usr/local/bin/cmake --build /home/ros2access/kaya_ws/build/dynamixel_sdk -- -j4 -l4
[11.587s] DEBUG:colcon.colcon_core.event_handler.log_command:Invoked command in '/home/ros2access/kaya_ws/build/dynamixel_sdk' returned '0': /usr/local/bin/cmake --build /home/ros2access/kaya_ws/build/dynamixel_sdk -- -j4 -l4
[12.114s] DEBUG:colcon.colcon_core.event_handler.log_command:Invoking command in '/home/ros2access/kaya_ws/build/dynamixel_sdk': /usr/local/bin/cmake --install /home/ros2access/kaya_ws/build/dynamixel_sdk
[12.122s] DEBUG:colcon.colcon_core.event_handler.log_command:Invoked command in '/home/ros2access/kaya_ws/build/dynamixel_sdk_custom_interfaces' returned '0': /usr/local/bin/cmake /home/ros2access/kaya_ws/src/DynamixelSDK/dynamixel_sdk_custom_interfaces -DAMENT_CMAKE_SYMLINK_INSTALL=1 -DCMAKE_INSTALL_PREFIX=/home/ros2access/kaya_ws/install/dynamixel_sdk_custom_interfaces
[12.132s] DEBUG:colcon.colcon_core.event_handler.log_command:Invoking command in '/home/ros2access/kaya_ws/build/dynamixel_sdk_custom_interfaces': /usr/local/bin/cmake --build /home/ros2access/kaya_ws/build/dynamixel_sdk_custom_interfaces -- -j4 -l4
[12.676s] Level 1:colcon.colcon_core.environment:create_environment_scripts_only(dynamixel_sdk)
[12.689s] DEBUG:colcon.colcon_core.event_handler.log_command:Invoked command in '/home/ros2access/kaya_ws/build/dynamixel_sdk' returned '0': /usr/local/bin/cmake --install /home/ros2access/kaya_ws/build/dynamixel_sdk
[12.766s] Level 1:colcon.colcon_core.environment:checking '/home/ros2access/kaya_ws/install/dynamixel_sdk' for CMake module files
[12.769s] Level 1:colcon.colcon_core.environment:checking '/home/ros2access/kaya_ws/install/dynamixel_sdk' for CMake config files
[12.771s] Level 1:colcon.colcon_core.shell:create_environment_hook('dynamixel_sdk', 'cmake_prefix_path')
[12.814s] INFO:colcon.colcon_core.shell:Creating environment hook '/home/ros2access/kaya_ws/install/dynamixel_sdk/share/dynamixel_sdk/hook/cmake_prefix_path.ps1'
[12.818s] INFO:colcon.colcon_core.shell:Creating environment descriptor '/home/ros2access/kaya_ws/install/dynamixel_sdk/share/dynamixel_sdk/hook/cmake_prefix_path.dsv'
[12.821s] INFO:colcon.colcon_core.shell:Creating environment hook '/home/ros2access/kaya_ws/install/dynamixel_sdk/share/dynamixel_sdk/hook/cmake_prefix_path.sh'
[12.829s] Level 1:colcon.colcon_core.environment:checking '/home/ros2access/kaya_ws/install/dynamixel_sdk/lib'
[12.830s] Level 1:colcon.colcon_core.shell:create_environment_hook('dynamixel_sdk', 'ld_library_path_lib')
[12.871s] INFO:colcon.colcon_core.shell:Creating environment hook '/home/ros2access/kaya_ws/install/dynamixel_sdk/share/dynamixel_sdk/hook/ld_library_path_lib.ps1'
[12.873s] INFO:colcon.colcon_core.shell:Creating environment descriptor '/home/ros2access/kaya_ws/install/dynamixel_sdk/share/dynamixel_sdk/hook/ld_library_path_lib.dsv'
[12.875s] INFO:colcon.colcon_core.shell:Creating environment hook '/home/ros2access/kaya_ws/install/dynamixel_sdk/share/dynamixel_sdk/hook/ld_library_path_lib.sh'
[12.877s] Level 1:colcon.colcon_core.environment:checking '/home/ros2access/kaya_ws/install/dynamixel_sdk/bin'
[12.878s] Level 1:colcon.colcon_core.environment:checking '/home/ros2access/kaya_ws/install/dynamixel_sdk/lib/pkgconfig/dynamixel_sdk.pc'
[12.879s] Level 1:colcon.colcon_core.environment:checking '/home/ros2access/kaya_ws/install/dynamixel_sdk/lib/python3.6/site-packages'
[12.880s] Level 1:colcon.colcon_core.environment:checking '/home/ros2access/kaya_ws/install/dynamixel_sdk/bin'
[12.922s] INFO:colcon.colcon_core.shell:Creating package script '/home/ros2access/kaya_ws/install/dynamixel_sdk/share/dynamixel_sdk/package.ps1'
[12.928s] INFO:colcon.colcon_core.shell:Creating package descriptor '/home/ros2access/kaya_ws/install/dynamixel_sdk/share/dynamixel_sdk/package.dsv'
[12.931s] INFO:colcon.colcon_core.shell:Creating package script '/home/ros2access/kaya_ws/install/dynamixel_sdk/share/dynamixel_sdk/package.sh'
[12.936s] INFO:colcon.colcon_core.shell:Creating package script '/home/ros2access/kaya_ws/install/dynamixel_sdk/share/dynamixel_sdk/package.bash'
[12.941s] INFO:colcon.colcon_core.shell:Creating package script '/home/ros2access/kaya_ws/install/dynamixel_sdk/share/dynamixel_sdk/package.zsh'
[12.945s] Level 1:colcon.colcon_core.environment:create_file_with_runtime_dependencies(/home/ros2access/kaya_ws/install/dynamixel_sdk/share/colcon-core/packages/dynamixel_sdk)
[13.346s] Level 1:colcon.colcon_core.environment:create_environment_scripts_only(dynamixel_sdk)
[13.408s] Level 1:colcon.colcon_core.environment:checking '/home/ros2access/kaya_ws/install/dynamixel_sdk' for CMake module files
[13.412s] Level 1:colcon.colcon_core.environment:checking '/home/ros2access/kaya_ws/install/dynamixel_sdk' for CMake config files
[13.415s] Level 1:colcon.colcon_core.shell:create_environment_hook('dynamixel_sdk', 'cmake_prefix_path')
[13.456s] INFO:colcon.colcon_core.shell:Creating environment hook '/home/ros2access/kaya_ws/install/dynamixel_sdk/share/dynamixel_sdk/hook/cmake_prefix_path.ps1'
[13.459s] INFO:colcon.colcon_core.shell:Creating environment descriptor '/home/ros2access/kaya_ws/install/dynamixel_sdk/share/dynamixel_sdk/hook/cmake_prefix_path.dsv'
[13.461s] INFO:colcon.colcon_core.shell:Creating environment hook '/home/ros2access/kaya_ws/install/dynamixel_sdk/share/dynamixel_sdk/hook/cmake_prefix_path.sh'
[13.465s] Level 1:colcon.colcon_core.environment:checking '/home/ros2access/kaya_ws/install/dynamixel_sdk/lib'
[13.465s] Level 1:colcon.colcon_core.shell:create_environment_hook('dynamixel_sdk', 'ld_library_path_lib')
[13.508s] INFO:colcon.colcon_core.shell:Creating environment hook '/home/ros2access/kaya_ws/install/dynamixel_sdk/share/dynamixel_sdk/hook/ld_library_path_lib.ps1'
[13.511s] INFO:colcon.colcon_core.shell:Creating environment descriptor '/home/ros2access/kaya_ws/install/dynamixel_sdk/share/dynamixel_sdk/hook/ld_library_path_lib.dsv'
[13.512s] INFO:colcon.colcon_core.shell:Creating environment hook '/home/ros2access/kaya_ws/install/dynamixel_sdk/share/dynamixel_sdk/hook/ld_library_path_lib.sh'
[13.514s] Level 1:colcon.colcon_core.environment:checking '/home/ros2access/kaya_ws/install/dynamixel_sdk/bin'
[13.514s] Level 1:colcon.colcon_core.environment:checking '/home/ros2access/kaya_ws/install/dynamixel_sdk/lib/pkgconfig/dynamixel_sdk.pc'
[13.515s] Level 1:colcon.colcon_core.environment:checking '/home/ros2access/kaya_ws/install/dynamixel_sdk/lib/python3.6/site-packages'
[13.516s] Level 1:colcon.colcon_core.environment:checking '/home/ros2access/kaya_ws/install/dynamixel_sdk/bin'
[13.560s] INFO:colcon.colcon_core.shell:Creating package script '/home/ros2access/kaya_ws/install/dynamixel_sdk/share/dynamixel_sdk/package.ps1'
[13.563s] INFO:colcon.colcon_core.shell:Creating package descriptor '/home/ros2access/kaya_ws/install/dynamixel_sdk/share/dynamixel_sdk/package.dsv'
[13.566s] INFO:colcon.colcon_core.shell:Creating package script '/home/ros2access/kaya_ws/install/dynamixel_sdk/share/dynamixel_sdk/package.sh'
[13.568s] INFO:colcon.colcon_core.shell:Creating package script '/home/ros2access/kaya_ws/install/dynamixel_sdk/share/dynamixel_sdk/package.bash'
[13.570s] INFO:colcon.colcon_core.shell:Creating package script '/home/ros2access/kaya_ws/install/dynamixel_sdk/share/dynamixel_sdk/package.zsh'
[13.572s] Level 1:colcon.colcon_core.environment:create_file_with_runtime_dependencies(/home/ros2access/kaya_ws/install/dynamixel_sdk/share/colcon-core/packages/dynamixel_sdk)
[30.338s] DEBUG:colcon.colcon_core.event_handler.log_command:Invoked command in '/home/ros2access/kaya_ws/build/dynamixel_sdk_custom_interfaces' returned '0': /usr/local/bin/cmake --build /home/ros2access/kaya_ws/build/dynamixel_sdk_custom_interfaces -- -j4 -l4
[30.777s] DEBUG:colcon.colcon_core.event_handler.log_command:Invoking command in '/home/ros2access/kaya_ws/build/dynamixel_sdk_custom_interfaces': /usr/local/bin/cmake --install /home/ros2access/kaya_ws/build/dynamixel_sdk_custom_interfaces
[31.837s] Level 1:colcon.colcon_core.environment:create_environment_scripts_only(dynamixel_sdk_custom_interfaces)
[31.844s] DEBUG:colcon.colcon_core.event_handler.log_command:Invoked command in '/home/ros2access/kaya_ws/build/dynamixel_sdk_custom_interfaces' returned '0': /usr/local/bin/cmake --install /home/ros2access/kaya_ws/build/dynamixel_sdk_custom_interfaces
[31.897s] Level 1:colcon.colcon_core.environment:checking '/home/ros2access/kaya_ws/install/dynamixel_sdk_custom_interfaces' for CMake module files
[31.901s] Level 1:colcon.colcon_core.environment:checking '/home/ros2access/kaya_ws/install/dynamixel_sdk_custom_interfaces' for CMake config files
[31.907s] Level 1:colcon.colcon_core.shell:create_environment_hook('dynamixel_sdk_custom_interfaces', 'cmake_prefix_path')
[31.947s] INFO:colcon.colcon_core.shell:Creating environment hook '/home/ros2access/kaya_ws/install/dynamixel_sdk_custom_interfaces/share/dynamixel_sdk_custom_interfaces/hook/cmake_prefix_path.ps1'
[31.949s] INFO:colcon.colcon_core.shell:Creating environment descriptor '/home/ros2access/kaya_ws/install/dynamixel_sdk_custom_interfaces/share/dynamixel_sdk_custom_interfaces/hook/cmake_prefix_path.dsv'
[31.951s] INFO:colcon.colcon_core.shell:Creating environment hook '/home/ros2access/kaya_ws/install/dynamixel_sdk_custom_interfaces/share/dynamixel_sdk_custom_interfaces/hook/cmake_prefix_path.sh'
[31.954s] Level 1:colcon.colcon_core.environment:checking '/home/ros2access/kaya_ws/install/dynamixel_sdk_custom_interfaces/lib'
[31.954s] Level 1:colcon.colcon_core.shell:create_environment_hook('dynamixel_sdk_custom_interfaces', 'ld_library_path_lib')
[31.993s] INFO:colcon.colcon_core.shell:Creating environment hook '/home/ros2access/kaya_ws/install/dynamixel_sdk_custom_interfaces/share/dynamixel_sdk_custom_interfaces/hook/ld_library_path_lib.ps1'
[31.995s] INFO:colcon.colcon_core.shell:Creating environment descriptor '/home/ros2access/kaya_ws/install/dynamixel_sdk_custom_interfaces/share/dynamixel_sdk_custom_interfaces/hook/ld_library_path_lib.dsv'
[31.997s] INFO:colcon.colcon_core.shell:Creating environment hook '/home/ros2access/kaya_ws/install/dynamixel_sdk_custom_interfaces/share/dynamixel_sdk_custom_interfaces/hook/ld_library_path_lib.sh'
[31.999s] Level 1:colcon.colcon_core.environment:checking '/home/ros2access/kaya_ws/install/dynamixel_sdk_custom_interfaces/bin'
[31.999s] Level 1:colcon.colcon_core.environment:checking '/home/ros2access/kaya_ws/install/dynamixel_sdk_custom_interfaces/lib/pkgconfig/dynamixel_sdk_custom_interfaces.pc'
[32.000s] Level 1:colcon.colcon_core.environment:checking '/home/ros2access/kaya_ws/install/dynamixel_sdk_custom_interfaces/lib/python3.6/site-packages'
[32.001s] Level 1:colcon.colcon_core.shell:create_environment_hook('dynamixel_sdk_custom_interfaces', 'pythonpath')
[32.041s] INFO:colcon.colcon_core.shell:Creating environment hook '/home/ros2access/kaya_ws/install/dynamixel_sdk_custom_interfaces/share/dynamixel_sdk_custom_interfaces/hook/pythonpath.ps1'
[32.043s] INFO:colcon.colcon_core.shell:Creating environment descriptor '/home/ros2access/kaya_ws/install/dynamixel_sdk_custom_interfaces/share/dynamixel_sdk_custom_interfaces/hook/pythonpath.dsv'
[32.045s] INFO:colcon.colcon_core.shell:Creating environment hook '/home/ros2access/kaya_ws/install/dynamixel_sdk_custom_interfaces/share/dynamixel_sdk_custom_interfaces/hook/pythonpath.sh'
[32.047s] Level 1:colcon.colcon_core.environment:checking '/home/ros2access/kaya_ws/install/dynamixel_sdk_custom_interfaces/bin'
[32.087s] INFO:colcon.colcon_core.shell:Creating package script '/home/ros2access/kaya_ws/install/dynamixel_sdk_custom_interfaces/share/dynamixel_sdk_custom_interfaces/package.ps1'
[32.090s] INFO:colcon.colcon_core.shell:Creating package descriptor '/home/ros2access/kaya_ws/install/dynamixel_sdk_custom_interfaces/share/dynamixel_sdk_custom_interfaces/package.dsv'
[32.093s] INFO:colcon.colcon_core.shell:Creating package script '/home/ros2access/kaya_ws/install/dynamixel_sdk_custom_interfaces/share/dynamixel_sdk_custom_interfaces/package.sh'
[32.095s] INFO:colcon.colcon_core.shell:Creating package script '/home/ros2access/kaya_ws/install/dynamixel_sdk_custom_interfaces/share/dynamixel_sdk_custom_interfaces/package.bash'
[32.097s] INFO:colcon.colcon_core.shell:Creating package script '/home/ros2access/kaya_ws/install/dynamixel_sdk_custom_interfaces/share/dynamixel_sdk_custom_interfaces/package.zsh'
[32.098s] Level 1:colcon.colcon_core.environment:create_file_with_runtime_dependencies(/home/ros2access/kaya_ws/install/dynamixel_sdk_custom_interfaces/share/colcon-core/packages/dynamixel_sdk_custom_interfaces)
[32.574s] Level 1:colcon.colcon_core.environment:create_environment_scripts_only(dynamixel_sdk_custom_interfaces)
[32.633s] Level 1:colcon.colcon_core.environment:checking '/home/ros2access/kaya_ws/install/dynamixel_sdk_custom_interfaces' for CMake module files
[32.637s] Level 1:colcon.colcon_core.environment:checking '/home/ros2access/kaya_ws/install/dynamixel_sdk_custom_interfaces' for CMake config files
[32.644s] Level 1:colcon.colcon_core.shell:create_environment_hook('dynamixel_sdk_custom_interfaces', 'cmake_prefix_path')
[32.684s] INFO:colcon.colcon_core.shell:Creating environment hook '/home/ros2access/kaya_ws/install/dynamixel_sdk_custom_interfaces/share/dynamixel_sdk_custom_interfaces/hook/cmake_prefix_path.ps1'
[32.686s] INFO:colcon.colcon_core.shell:Creating environment descriptor '/home/ros2access/kaya_ws/install/dynamixel_sdk_custom_interfaces/share/dynamixel_sdk_custom_interfaces/hook/cmake_prefix_path.dsv'
[32.687s] INFO:colcon.colcon_core.shell:Creating environment hook '/home/ros2access/kaya_ws/install/dynamixel_sdk_custom_interfaces/share/dynamixel_sdk_custom_interfaces/hook/cmake_prefix_path.sh'
[32.691s] Level 1:colcon.colcon_core.environment:checking '/home/ros2access/kaya_ws/install/dynamixel_sdk_custom_interfaces/lib'
[32.692s] Level 1:colcon.colcon_core.shell:create_environment_hook('dynamixel_sdk_custom_interfaces', 'ld_library_path_lib')
[32.736s] INFO:colcon.colcon_core.shell:Creating environment hook '/home/ros2access/kaya_ws/install/dynamixel_sdk_custom_interfaces/share/dynamixel_sdk_custom_interfaces/hook/ld_library_path_lib.ps1'
[32.738s] INFO:colcon.colcon_core.shell:Creating environment descriptor '/home/ros2access/kaya_ws/install/dynamixel_sdk_custom_interfaces/share/dynamixel_sdk_custom_interfaces/hook/ld_library_path_lib.dsv'
[32.740s] INFO:colcon.colcon_core.shell:Creating environment hook '/home/ros2access/kaya_ws/install/dynamixel_sdk_custom_interfaces/share/dynamixel_sdk_custom_interfaces/hook/ld_library_path_lib.sh'
[32.742s] Level 1:colcon.colcon_core.environment:checking '/home/ros2access/kaya_ws/install/dynamixel_sdk_custom_interfaces/bin'
[32.742s] Level 1:colcon.colcon_core.environment:checking '/home/ros2access/kaya_ws/install/dynamixel_sdk_custom_interfaces/lib/pkgconfig/dynamixel_sdk_custom_interfaces.pc'
[32.743s] Level 1:colcon.colcon_core.environment:checking '/home/ros2access/kaya_ws/install/dynamixel_sdk_custom_interfaces/lib/python3.6/site-packages'
[32.744s] Level 1:colcon.colcon_core.shell:create_environment_hook('dynamixel_sdk_custom_interfaces', 'pythonpath')
[32.784s] INFO:colcon.colcon_core.shell:Creating environment hook '/home/ros2access/kaya_ws/install/dynamixel_sdk_custom_interfaces/share/dynamixel_sdk_custom_interfaces/hook/pythonpath.ps1'
[32.786s] INFO:colcon.colcon_core.shell:Creating environment descriptor '/home/ros2access/kaya_ws/install/dynamixel_sdk_custom_interfaces/share/dynamixel_sdk_custom_interfaces/hook/pythonpath.dsv'
[32.787s] INFO:colcon.colcon_core.shell:Creating environment hook '/home/ros2access/kaya_ws/install/dynamixel_sdk_custom_interfaces/share/dynamixel_sdk_custom_interfaces/hook/pythonpath.sh'
[32.789s] Level 1:colcon.colcon_core.environment:checking '/home/ros2access/kaya_ws/install/dynamixel_sdk_custom_interfaces/bin'
[32.832s] INFO:colcon.colcon_core.shell:Creating package script '/home/ros2access/kaya_ws/install/dynamixel_sdk_custom_interfaces/share/dynamixel_sdk_custom_interfaces/package.ps1'
[32.835s] INFO:colcon.colcon_core.shell:Creating package descriptor '/home/ros2access/kaya_ws/install/dynamixel_sdk_custom_interfaces/share/dynamixel_sdk_custom_interfaces/package.dsv'
[32.838s] INFO:colcon.colcon_core.shell:Creating package script '/home/ros2access/kaya_ws/install/dynamixel_sdk_custom_interfaces/share/dynamixel_sdk_custom_interfaces/package.sh'
[32.841s] INFO:colcon.colcon_core.shell:Creating package script '/home/ros2access/kaya_ws/install/dynamixel_sdk_custom_interfaces/share/dynamixel_sdk_custom_interfaces/package.bash'
[32.843s] INFO:colcon.colcon_core.shell:Creating package script '/home/ros2access/kaya_ws/install/dynamixel_sdk_custom_interfaces/share/dynamixel_sdk_custom_interfaces/package.zsh'
[32.845s] Level 1:colcon.colcon_core.environment:create_file_with_runtime_dependencies(/home/ros2access/kaya_ws/install/dynamixel_sdk_custom_interfaces/share/colcon-core/packages/dynamixel_sdk_custom_interfaces)
[32.847s] INFO:colcon.colcon_ros.task.ament_cmake.build:Building ROS package in '/home/ros2access/kaya_ws/src/DynamixelSDK/dynamixel_sdk_examples' with build type 'ament_cmake'
[32.848s] INFO:colcon.colcon_cmake.task.cmake.build:Building CMake package in '/home/ros2access/kaya_ws/src/DynamixelSDK/dynamixel_sdk_examples'
[32.896s] INFO:colcon.colcon_core.shell:Skip shell extension 'powershell' for command environment: Not usable outside of PowerShell
[32.896s] DEBUG:colcon.colcon_core.shell:Skip shell extension 'dsv' for command environment
[33.021s] DEBUG:colcon.colcon_core.event_handler.log_command:Invoking command in '/home/ros2access/kaya_ws/build/dynamixel_sdk_examples': AMENT_PREFIX_PATH=/home/ros2access/kaya_ws/install/dynamixel_sdk_custom_interfaces:/home/ros2access/kaya_ws/install/dynamixel_sdk:${AMENT_PREFIX_PATH} CMAKE_PREFIX_PATH=/home/ros2access/kaya_ws/install/dynamixel_sdk_custom_interfaces:/home/ros2access/kaya_ws/install/dynamixel_sdk:${CMAKE_PREFIX_PATH} LD_LIBRARY_PATH=/home/ros2access/kaya_ws/install/dynamixel_sdk_custom_interfaces/lib:/home/ros2access/kaya_ws/install/dynamixel_sdk/lib:/opt/ros/foxy/install/opt/yaml_cpp_vendor/lib:/opt/ros/foxy/install/lib:/usr/local/cuda/lib64:/usr/local/cuda-10.2/targets/aarch64-linux/lib PYTHONPATH=/home/ros2access/kaya_ws/install/dynamixel_sdk_custom_interfaces/lib/python3.6/site-packages:${PYTHONPATH} /usr/local/bin/cmake /home/ros2access/kaya_ws/src/DynamixelSDK/dynamixel_sdk_examples -DAMENT_CMAKE_SYMLINK_INSTALL=1 -DCMAKE_INSTALL_PREFIX=/home/ros2access/kaya_ws/install/dynamixel_sdk_examples
[39.489s] DEBUG:colcon.colcon_core.event_handler.log_command:Invoked command in '/home/ros2access/kaya_ws/build/dynamixel_sdk_examples' returned '0': AMENT_PREFIX_PATH=/home/ros2access/kaya_ws/install/dynamixel_sdk_custom_interfaces:/home/ros2access/kaya_ws/install/dynamixel_sdk:${AMENT_PREFIX_PATH} CMAKE_PREFIX_PATH=/home/ros2access/kaya_ws/install/dynamixel_sdk_custom_interfaces:/home/ros2access/kaya_ws/install/dynamixel_sdk:${CMAKE_PREFIX_PATH} LD_LIBRARY_PATH=/home/ros2access/kaya_ws/install/dynamixel_sdk_custom_interfaces/lib:/home/ros2access/kaya_ws/install/dynamixel_sdk/lib:/opt/ros/foxy/install/opt/yaml_cpp_vendor/lib:/opt/ros/foxy/install/lib:/usr/local/cuda/lib64:/usr/local/cuda-10.2/targets/aarch64-linux/lib PYTHONPATH=/home/ros2access/kaya_ws/install/dynamixel_sdk_custom_interfaces/lib/python3.6/site-packages:${PYTHONPATH} /usr/local/bin/cmake /home/ros2access/kaya_ws/src/DynamixelSDK/dynamixel_sdk_examples -DAMENT_CMAKE_SYMLINK_INSTALL=1 -DCMAKE_INSTALL_PREFIX=/home/ros2access/kaya_ws/install/dynamixel_sdk_examples
[39.492s] DEBUG:colcon.colcon_core.event_handler.log_command:Invoking command in '/home/ros2access/kaya_ws/build/dynamixel_sdk_examples': AMENT_PREFIX_PATH=/home/ros2access/kaya_ws/install/dynamixel_sdk_custom_interfaces:/home/ros2access/kaya_ws/install/dynamixel_sdk:${AMENT_PREFIX_PATH} CMAKE_PREFIX_PATH=/home/ros2access/kaya_ws/install/dynamixel_sdk_custom_interfaces:/home/ros2access/kaya_ws/install/dynamixel_sdk:${CMAKE_PREFIX_PATH} LD_LIBRARY_PATH=/home/ros2access/kaya_ws/install/dynamixel_sdk_custom_interfaces/lib:/home/ros2access/kaya_ws/install/dynamixel_sdk/lib:/opt/ros/foxy/install/opt/yaml_cpp_vendor/lib:/opt/ros/foxy/install/lib:/usr/local/cuda/lib64:/usr/local/cuda-10.2/targets/aarch64-linux/lib PYTHONPATH=/home/ros2access/kaya_ws/install/dynamixel_sdk_custom_interfaces/lib/python3.6/site-packages:${PYTHONPATH} /usr/local/bin/cmake --build /home/ros2access/kaya_ws/build/dynamixel_sdk_examples -- -j4 -l4
[62.297s] DEBUG:colcon.colcon_core.event_handler.log_command:Invoked command in '/home/ros2access/kaya_ws/build/dynamixel_sdk_examples' returned '0': AMENT_PREFIX_PATH=/home/ros2access/kaya_ws/install/dynamixel_sdk_custom_interfaces:/home/ros2access/kaya_ws/install/dynamixel_sdk:${AMENT_PREFIX_PATH} CMAKE_PREFIX_PATH=/home/ros2access/kaya_ws/install/dynamixel_sdk_custom_interfaces:/home/ros2access/kaya_ws/install/dynamixel_sdk:${CMAKE_PREFIX_PATH} LD_LIBRARY_PATH=/home/ros2access/kaya_ws/install/dynamixel_sdk_custom_interfaces/lib:/home/ros2access/kaya_ws/install/dynamixel_sdk/lib:/opt/ros/foxy/install/opt/yaml_cpp_vendor/lib:/opt/ros/foxy/install/lib:/usr/local/cuda/lib64:/usr/local/cuda-10.2/targets/aarch64-linux/lib PYTHONPATH=/home/ros2access/kaya_ws/install/dynamixel_sdk_custom_interfaces/lib/python3.6/site-packages:${PYTHONPATH} /usr/local/bin/cmake --build /home/ros2access/kaya_ws/build/dynamixel_sdk_examples -- -j4 -l4
[62.561s] DEBUG:colcon.colcon_core.event_handler.log_command:Invoking command in '/home/ros2access/kaya_ws/build/dynamixel_sdk_examples': AMENT_PREFIX_PATH=/home/ros2access/kaya_ws/install/dynamixel_sdk_custom_interfaces:/home/ros2access/kaya_ws/install/dynamixel_sdk:${AMENT_PREFIX_PATH} CMAKE_PREFIX_PATH=/home/ros2access/kaya_ws/install/dynamixel_sdk_custom_interfaces:/home/ros2access/kaya_ws/install/dynamixel_sdk:${CMAKE_PREFIX_PATH} LD_LIBRARY_PATH=/home/ros2access/kaya_ws/install/dynamixel_sdk_custom_interfaces/lib:/home/ros2access/kaya_ws/install/dynamixel_sdk/lib:/opt/ros/foxy/install/opt/yaml_cpp_vendor/lib:/opt/ros/foxy/install/lib:/usr/local/cuda/lib64:/usr/local/cuda-10.2/targets/aarch64-linux/lib PYTHONPATH=/home/ros2access/kaya_ws/install/dynamixel_sdk_custom_interfaces/lib/python3.6/site-packages:${PYTHONPATH} /usr/local/bin/cmake --install /home/ros2access/kaya_ws/build/dynamixel_sdk_examples
[62.911s] Level 1:colcon.colcon_core.environment:create_environment_scripts_only(dynamixel_sdk_examples)
[62.933s] DEBUG:colcon.colcon_core.event_handler.log_command:Invoked command in '/home/ros2access/kaya_ws/build/dynamixel_sdk_examples' returned '0': AMENT_PREFIX_PATH=/home/ros2access/kaya_ws/install/dynamixel_sdk_custom_interfaces:/home/ros2access/kaya_ws/install/dynamixel_sdk:${AMENT_PREFIX_PATH} CMAKE_PREFIX_PATH=/home/ros2access/kaya_ws/install/dynamixel_sdk_custom_interfaces:/home/ros2access/kaya_ws/install/dynamixel_sdk:${CMAKE_PREFIX_PATH} LD_LIBRARY_PATH=/home/ros2access/kaya_ws/install/dynamixel_sdk_custom_interfaces/lib:/home/ros2access/kaya_ws/install/dynamixel_sdk/lib:/opt/ros/foxy/install/opt/yaml_cpp_vendor/lib:/opt/ros/foxy/install/lib:/usr/local/cuda/lib64:/usr/local/cuda-10.2/targets/aarch64-linux/lib PYTHONPATH=/home/ros2access/kaya_ws/install/dynamixel_sdk_custom_interfaces/lib/python3.6/site-packages:${PYTHONPATH} /usr/local/bin/cmake --install /home/ros2access/kaya_ws/build/dynamixel_sdk_examples
[62.971s] Level 1:colcon.colcon_core.environment:checking '/home/ros2access/kaya_ws/install/dynamixel_sdk_examples' for CMake module files
[62.975s] Level 1:colcon.colcon_core.environment:checking '/home/ros2access/kaya_ws/install/dynamixel_sdk_examples' for CMake config files
[62.976s] Level 1:colcon.colcon_core.shell:create_environment_hook('dynamixel_sdk_examples', 'cmake_prefix_path')
[63.016s] INFO:colcon.colcon_core.shell:Creating environment hook '/home/ros2access/kaya_ws/install/dynamixel_sdk_examples/share/dynamixel_sdk_examples/hook/cmake_prefix_path.ps1'
[63.019s] INFO:colcon.colcon_core.shell:Creating environment descriptor '/home/ros2access/kaya_ws/install/dynamixel_sdk_examples/share/dynamixel_sdk_examples/hook/cmake_prefix_path.dsv'
[63.020s] INFO:colcon.colcon_core.shell:Creating environment hook '/home/ros2access/kaya_ws/install/dynamixel_sdk_examples/share/dynamixel_sdk_examples/hook/cmake_prefix_path.sh'
[63.024s] Level 1:colcon.colcon_core.environment:checking '/home/ros2access/kaya_ws/install/dynamixel_sdk_examples/lib'
[63.024s] Level 1:colcon.colcon_core.environment:checking '/home/ros2access/kaya_ws/install/dynamixel_sdk_examples/bin'
[63.025s] Level 1:colcon.colcon_core.environment:checking '/home/ros2access/kaya_ws/install/dynamixel_sdk_examples/lib/pkgconfig/dynamixel_sdk_examples.pc'
[63.026s] Level 1:colcon.colcon_core.environment:checking '/home/ros2access/kaya_ws/install/dynamixel_sdk_examples/lib/python3.6/site-packages'
[63.027s] Level 1:colcon.colcon_core.environment:checking '/home/ros2access/kaya_ws/install/dynamixel_sdk_examples/bin'
[63.066s] INFO:colcon.colcon_core.shell:Creating package script '/home/ros2access/kaya_ws/install/dynamixel_sdk_examples/share/dynamixel_sdk_examples/package.ps1'
[63.068s] INFO:colcon.colcon_core.shell:Creating package descriptor '/home/ros2access/kaya_ws/install/dynamixel_sdk_examples/share/dynamixel_sdk_examples/package.dsv'
[63.069s] INFO:colcon.colcon_core.shell:Creating package script '/home/ros2access/kaya_ws/install/dynamixel_sdk_examples/share/dynamixel_sdk_examples/package.sh'
[63.071s] INFO:colcon.colcon_core.shell:Creating package script '/home/ros2access/kaya_ws/install/dynamixel_sdk_examples/share/dynamixel_sdk_examples/package.bash'
[63.074s] INFO:colcon.colcon_core.shell:Creating package script '/home/ros2access/kaya_ws/install/dynamixel_sdk_examples/share/dynamixel_sdk_examples/package.zsh'
[63.076s] Level 1:colcon.colcon_core.environment:create_file_with_runtime_dependencies(/home/ros2access/kaya_ws/install/dynamixel_sdk_examples/share/colcon-core/packages/dynamixel_sdk_examples)
[63.358s] Level 1:colcon.colcon_core.environment:create_environment_scripts_only(dynamixel_sdk_examples)
[63.416s] Level 1:colcon.colcon_core.environment:checking '/home/ros2access/kaya_ws/install/dynamixel_sdk_examples' for CMake module files
[63.420s] Level 1:colcon.colcon_core.environment:checking '/home/ros2access/kaya_ws/install/dynamixel_sdk_examples' for CMake config files
[63.421s] Level 1:colcon.colcon_core.shell:create_environment_hook('dynamixel_sdk_examples', 'cmake_prefix_path')
[63.462s] INFO:colcon.colcon_core.shell:Creating environment hook '/home/ros2access/kaya_ws/install/dynamixel_sdk_examples/share/dynamixel_sdk_examples/hook/cmake_prefix_path.ps1'
[63.465s] INFO:colcon.colcon_core.shell:Creating environment descriptor '/home/ros2access/kaya_ws/install/dynamixel_sdk_examples/share/dynamixel_sdk_examples/hook/cmake_prefix_path.dsv'
[63.467s] INFO:colcon.colcon_core.shell:Creating environment hook '/home/ros2access/kaya_ws/install/dynamixel_sdk_examples/share/dynamixel_sdk_examples/hook/cmake_prefix_path.sh'
[63.471s] Level 1:colcon.colcon_core.environment:checking '/home/ros2access/kaya_ws/install/dynamixel_sdk_examples/lib'
[63.471s] Level 1:colcon.colcon_core.environment:checking '/home/ros2access/kaya_ws/install/dynamixel_sdk_examples/bin'
[63.472s] Level 1:colcon.colcon_core.environment:checking '/home/ros2access/kaya_ws/install/dynamixel_sdk_examples/lib/pkgconfig/dynamixel_sdk_examples.pc'
[63.473s] Level 1:colcon.colcon_core.environment:checking '/home/ros2access/kaya_ws/install/dynamixel_sdk_examples/lib/python3.6/site-packages'
[63.474s] Level 1:colcon.colcon_core.environment:checking '/home/ros2access/kaya_ws/install/dynamixel_sdk_examples/bin'
[63.516s] INFO:colcon.colcon_core.shell:Creating package script '/home/ros2access/kaya_ws/install/dynamixel_sdk_examples/share/dynamixel_sdk_examples/package.ps1'
[63.518s] INFO:colcon.colcon_core.shell:Creating package descriptor '/home/ros2access/kaya_ws/install/dynamixel_sdk_examples/share/dynamixel_sdk_examples/package.dsv'
[63.521s] INFO:colcon.colcon_core.shell:Creating package script '/home/ros2access/kaya_ws/install/dynamixel_sdk_examples/share/dynamixel_sdk_examples/package.sh'
[63.524s] INFO:colcon.colcon_core.shell:Creating package script '/home/ros2access/kaya_ws/install/dynamixel_sdk_examples/share/dynamixel_sdk_examples/package.bash'
[63.527s] INFO:colcon.colcon_core.shell:Creating package script '/home/ros2access/kaya_ws/install/dynamixel_sdk_examples/share/dynamixel_sdk_examples/package.zsh'
[63.529s] Level 1:colcon.colcon_core.environment:create_file_with_runtime_dependencies(/home/ros2access/kaya_ws/install/dynamixel_sdk_examples/share/colcon-core/packages/dynamixel_sdk_examples)
[63.530s] DEBUG:colcon.colcon_parallel_executor.executor.parallel:closing loop
[63.535s] DEBUG:colcon.colcon_parallel_executor.executor.parallel:loop closed
[63.536s] DEBUG:colcon.colcon_parallel_executor.executor.parallel:run_until_complete finished with '0'
[63.536s] DEBUG:colcon.colcon_core.event_reactor:joining thread
[63.652s] INFO:colcon.colcon_core.plugin_system:Skipping extension 'colcon_notification.desktop_notification.notify_send': Could not find 'notify-send'
[63.653s] INFO:colcon.colcon_core.plugin_system:Skipping extension 'colcon_notification.desktop_notification.terminal_notifier': Not used on non-Darwin systems
[63.653s] INFO:colcon.colcon_core.plugin_system:Skipping extension 'colcon_notification.desktop_notification.win32': Not used on non-Windows systems
[63.654s] INFO:colcon.colcon_notification.desktop_notification:Sending desktop notification using 'notify2'
[63.669s] DEBUG:colcon.colcon_notification.desktop_notification.notify2:Failed to initialize notify2: org.freedesktop.DBus.Error.InvalidFileContent: D-Bus library appears to be incorrectly set up: see the manual page for dbus-uuidgen to correct this issue. (Failed to open "/var/lib/dbus/machine-id": No such file or directory; UUID file '/etc/machine-id' should contain a hex string of length 32, not length 0, with no other text)
[63.669s] DEBUG:colcon.colcon_core.event_reactor:joined thread
[63.710s] INFO:colcon.colcon_core.shell:Creating prefix script '/home/ros2access/kaya_ws/install/local_setup.ps1'
[63.716s] INFO:colcon.colcon_core.shell:Creating prefix util module '/home/ros2access/kaya_ws/install/_local_setup_util_ps1.py'
[63.726s] INFO:colcon.colcon_core.shell:Creating prefix chain script '/home/ros2access/kaya_ws/install/setup.ps1'
[63.741s] INFO:colcon.colcon_core.shell:Creating prefix script '/home/ros2access/kaya_ws/install/local_setup.sh'
[63.744s] INFO:colcon.colcon_core.shell:Creating prefix util module '/home/ros2access/kaya_ws/install/_local_setup_util_sh.py'
[63.746s] INFO:colcon.colcon_core.shell:Creating prefix chain script '/home/ros2access/kaya_ws/install/setup.sh'
[63.763s] INFO:colcon.colcon_core.shell:Creating prefix script '/home/ros2access/kaya_ws/install/local_setup.bash'
[63.766s] INFO:colcon.colcon_core.shell:Creating prefix chain script '/home/ros2access/kaya_ws/install/setup.bash'
[63.781s] INFO:colcon.colcon_core.shell:Creating prefix script '/home/ros2access/kaya_ws/install/local_setup.zsh'
[63.784s] INFO:colcon.colcon_core.shell:Creating prefix chain script '/home/ros2access/kaya_ws/install/setup.zsh'
