[0.435s] Invoking command in '/home/ros2access/kaya_ws/build/dynamixel_sdk': /usr/local/bin/cmake --build /home/ros2access/kaya_ws/build/dynamixel_sdk -- -j4 -l4
[1.289s] [100%] Built target dynamixel_sdk
[1.331s] Invoked command in '/home/ros2access/kaya_ws/build/dynamixel_sdk' returned '0': /usr/local/bin/cmake --build /home/ros2access/kaya_ws/build/dynamixel_sdk -- -j4 -l4
[1.922s] Invoking command in '/home/ros2access/kaya_ws/build/dynamixel_sdk': /usr/local/bin/cmake --install /home/ros2access/kaya_ws/build/dynamixel_sdk
[2.105s] -- Install configuration: ""
[2.112s] -- Execute custom install script
[2.118s] -- Up-to-date symlink: /home/ros2access/kaya_ws/install/dynamixel_sdk/include//dynamixel_sdk/dynamixel_sdk.h
[2.124s] -- Up-to-date symlink: /home/ros2access/kaya_ws/install/dynamixel_sdk/include//dynamixel_sdk/group_bulk_read.h
[2.125s] -- Up-to-date symlink: /home/ros2access/kaya_ws/install/dynamixel_sdk/include//dynamixel_sdk/group_bulk_write.h
[2.126s] -- Up-to-date symlink: /home/ros2access/kaya_ws/install/dynamixel_sdk/include//dynamixel_sdk/group_sync_read.h
[2.126s] -- Up-to-date symlink: /home/ros2access/kaya_ws/install/dynamixel_sdk/include//dynamixel_sdk/group_sync_write.h
[2.127s] -- Up-to-date symlink: /home/ros2access/kaya_ws/install/dynamixel_sdk/include//dynamixel_sdk/packet_handler.h
[2.128s] -- Up-to-date symlink: /home/ros2access/kaya_ws/install/dynamixel_sdk/include//dynamixel_sdk/port_handler.h
[2.128s] -- Up-to-date symlink: /home/ros2access/kaya_ws/install/dynamixel_sdk/include//dynamixel_sdk/port_handler_arduino.h
[2.130s] -- Up-to-date symlink: /home/ros2access/kaya_ws/install/dynamixel_sdk/include//dynamixel_sdk/port_handler_linux.h
[2.131s] -- Up-to-date symlink: /home/ros2access/kaya_ws/install/dynamixel_sdk/include//dynamixel_sdk/port_handler_mac.h
[2.132s] -- Up-to-date symlink: /home/ros2access/kaya_ws/install/dynamixel_sdk/include//dynamixel_sdk/port_handler_windows.h
[2.132s] -- Up-to-date symlink: /home/ros2access/kaya_ws/install/dynamixel_sdk/include//dynamixel_sdk/protocol1_packet_handler.h
[2.133s] -- Up-to-date symlink: /home/ros2access/kaya_ws/install/dynamixel_sdk/include//dynamixel_sdk/protocol2_packet_handler.h
[2.135s] -- Up-to-date symlink: /home/ros2access/kaya_ws/install/dynamixel_sdk/lib/libdynamixel_sdk.so
[2.136s] -- Up-to-date symlink: /home/ros2access/kaya_ws/install/dynamixel_sdk/share/dynamixel_sdk/environment/library_path.sh
[2.137s] -- Up-to-date symlink: /home/ros2access/kaya_ws/install/dynamixel_sdk/share/dynamixel_sdk/environment/library_path.dsv
[2.138s] -- Up-to-date symlink: /home/ros2access/kaya_ws/install/dynamixel_sdk/share/ament_index/resource_index/package_run_dependencies/dynamixel_sdk
[2.139s] -- Up-to-date symlink: /home/ros2access/kaya_ws/install/dynamixel_sdk/share/ament_index/resource_index/parent_prefix_path/dynamixel_sdk
[2.140s] -- Up-to-date symlink: /home/ros2access/kaya_ws/install/dynamixel_sdk/share/dynamixel_sdk/environment/ament_prefix_path.sh
[2.142s] -- Up-to-date symlink: /home/ros2access/kaya_ws/install/dynamixel_sdk/share/dynamixel_sdk/environment/ament_prefix_path.dsv
[2.143s] -- Up-to-date symlink: /home/ros2access/kaya_ws/install/dynamixel_sdk/share/dynamixel_sdk/environment/path.sh
[2.147s] -- Up-to-date symlink: /home/ros2access/kaya_ws/install/dynamixel_sdk/share/dynamixel_sdk/environment/path.dsv
[2.148s] -- Up-to-date symlink: /home/ros2access/kaya_ws/install/dynamixel_sdk/share/dynamixel_sdk/local_setup.bash
[2.150s] -- Up-to-date symlink: /home/ros2access/kaya_ws/install/dynamixel_sdk/share/dynamixel_sdk/local_setup.sh
[2.156s] -- Up-to-date symlink: /home/ros2access/kaya_ws/install/dynamixel_sdk/share/dynamixel_sdk/local_setup.zsh
[2.157s] -- Up-to-date symlink: /home/ros2access/kaya_ws/install/dynamixel_sdk/share/dynamixel_sdk/local_setup.dsv
[2.158s] -- Symlinking: /home/ros2access/kaya_ws/install/dynamixel_sdk/share/dynamixel_sdk/package.dsv
[2.174s] -- Up-to-date symlink: /home/ros2access/kaya_ws/install/dynamixel_sdk/share/ament_index/resource_index/packages/dynamixel_sdk
[2.175s] -- Up-to-date symlink: /home/ros2access/kaya_ws/install/dynamixel_sdk/share/dynamixel_sdk/cmake/ament_cmake_export_include_directories-extras.cmake
[2.176s] -- Up-to-date symlink: /home/ros2access/kaya_ws/install/dynamixel_sdk/share/dynamixel_sdk/cmake/ament_cmake_export_libraries-extras.cmake
[2.177s] -- Up-to-date symlink: /home/ros2access/kaya_ws/install/dynamixel_sdk/share/dynamixel_sdk/cmake/dynamixel_sdkConfig.cmake
[2.178s] -- Up-to-date symlink: /home/ros2access/kaya_ws/install/dynamixel_sdk/share/dynamixel_sdk/cmake/dynamixel_sdkConfig-version.cmake
[2.179s] -- Up-to-date symlink: /home/ros2access/kaya_ws/install/dynamixel_sdk/share/dynamixel_sdk/package.xml
[2.227s] Invoked command in '/home/ros2access/kaya_ws/build/dynamixel_sdk' returned '0': /usr/local/bin/cmake --install /home/ros2access/kaya_ws/build/dynamixel_sdk
