[0.268s] Invoking command in '/home/ros2access/kaya_ws/build/dynamixel_sdk_custom_interfaces': /usr/local/bin/cmake --build /home/ros2access/kaya_ws/build/dynamixel_sdk_custom_interfaces -- -j4 -l4
[0.670s] [  2%] Built target dynamixel_sdk_custom_interfaces__cpp
[0.693s] [ 12%] Built target dynamixel_sdk_custom_interfaces__rosidl_generator_c
[0.753s] [ 23%] Built target dynamixel_sdk_custom_interfaces__rosidl_typesupport_cpp
[0.768s] [ 33%] Built target dynamixel_sdk_custom_interfaces__rosidl_typesupport_introspection_cpp
[0.773s] [ 43%] Built target dynamixel_sdk_custom_interfaces__rosidl_typesupport_fastrtps_cpp
[0.776s] [ 53%] Built target dynamixel_sdk_custom_interfaces__rosidl_typesupport_introspection_c
[0.815s] [ 64%] Built target dynamixel_sdk_custom_interfaces__rosidl_typesupport_c
[0.837s] [ 74%] Built target dynamixel_sdk_custom_interfaces__rosidl_typesupport_fastrtps_c
[0.876s] [ 74%] Built target dynamixel_sdk_custom_interfaces
[0.917s] [ 76%] Built target dynamixel_sdk_custom_interfaces__py
[0.986s] [ 84%] Built target dynamixel_sdk_custom_interfaces__python
[1.056s] [ 89%] Built target dynamixel_sdk_custom_interfaces__rosidl_typesupport_fastrtps_c__pyext
[1.059s] [ 94%] Built target dynamixel_sdk_custom_interfaces__rosidl_typesupport_c__pyext
[1.066s] [100%] Built target dynamixel_sdk_custom_interfaces__rosidl_typesupport_introspection_c__pyext
[1.264s] Invoked command in '/home/ros2access/kaya_ws/build/dynamixel_sdk_custom_interfaces' returned '0': /usr/local/bin/cmake --build /home/ros2access/kaya_ws/build/dynamixel_sdk_custom_interfaces -- -j4 -l4
[1.916s] Invoking command in '/home/ros2access/kaya_ws/build/dynamixel_sdk_custom_interfaces': /usr/local/bin/cmake --install /home/ros2access/kaya_ws/build/dynamixel_sdk_custom_interfaces
[2.102s] -- Install configuration: ""
[2.105s] -- Execute custom install script
[2.108s] -- Up-to-date symlink: /home/ros2access/kaya_ws/install/dynamixel_sdk_custom_interfaces/share/ament_index/resource_index/rosidl_interfaces/dynamixel_sdk_custom_interfaces
[2.112s] -- Up-to-date symlink: /home/ros2access/kaya_ws/install/dynamixel_sdk_custom_interfaces/include/dynamixel_sdk_custom_interfaces/msg/detail/set_position__functions.h
[2.113s] -- Up-to-date symlink: /home/ros2access/kaya_ws/install/dynamixel_sdk_custom_interfaces/include/dynamixel_sdk_custom_interfaces/msg/detail/set_position__struct.h
[2.114s] -- Up-to-date symlink: /home/ros2access/kaya_ws/install/dynamixel_sdk_custom_interfaces/include/dynamixel_sdk_custom_interfaces/msg/detail/set_position__type_support.h
[2.115s] -- Up-to-date symlink: /home/ros2access/kaya_ws/install/dynamixel_sdk_custom_interfaces/include/dynamixel_sdk_custom_interfaces/msg/rosidl_generator_c__visibility_control.h
[2.116s] -- Up-to-date symlink: /home/ros2access/kaya_ws/install/dynamixel_sdk_custom_interfaces/include/dynamixel_sdk_custom_interfaces/msg/set_position.h
[2.118s] -- Up-to-date symlink: /home/ros2access/kaya_ws/install/dynamixel_sdk_custom_interfaces/include/dynamixel_sdk_custom_interfaces/srv/detail/get_position__functions.h
[2.119s] -- Up-to-date symlink: /home/ros2access/kaya_ws/install/dynamixel_sdk_custom_interfaces/include/dynamixel_sdk_custom_interfaces/srv/detail/get_position__struct.h
[2.120s] -- Up-to-date symlink: /home/ros2access/kaya_ws/install/dynamixel_sdk_custom_interfaces/include/dynamixel_sdk_custom_interfaces/srv/detail/get_position__type_support.h
[2.127s] -- Up-to-date symlink: /home/ros2access/kaya_ws/install/dynamixel_sdk_custom_interfaces/include/dynamixel_sdk_custom_interfaces/srv/get_position.h
[2.128s] -- Up-to-date symlink: /home/ros2access/kaya_ws/install/dynamixel_sdk_custom_interfaces/share/dynamixel_sdk_custom_interfaces/environment/library_path.sh
[2.129s] -- Up-to-date symlink: /home/ros2access/kaya_ws/install/dynamixel_sdk_custom_interfaces/share/dynamixel_sdk_custom_interfaces/environment/library_path.dsv
[2.129s] -- Up-to-date symlink: /home/ros2access/kaya_ws/install/dynamixel_sdk_custom_interfaces/include/dynamixel_sdk_custom_interfaces/msg/detail/set_position__rosidl_typesupport_fastrtps_c.h
[2.131s] -- Up-to-date symlink: /home/ros2access/kaya_ws/install/dynamixel_sdk_custom_interfaces/include/dynamixel_sdk_custom_interfaces/msg/rosidl_typesupport_fastrtps_c__visibility_control.h
[2.132s] -- Up-to-date symlink: /home/ros2access/kaya_ws/install/dynamixel_sdk_custom_interfaces/include/dynamixel_sdk_custom_interfaces/srv/detail/get_position__rosidl_typesupport_fastrtps_c.h
[2.134s] -- Up-to-date symlink: /home/ros2access/kaya_ws/install/dynamixel_sdk_custom_interfaces/lib/libdynamixel_sdk_custom_interfaces__rosidl_typesupport_fastrtps_c.so
[2.139s] -- Up-to-date symlink: /home/ros2access/kaya_ws/install/dynamixel_sdk_custom_interfaces/include/dynamixel_sdk_custom_interfaces/msg/detail/set_position__rosidl_typesupport_fastrtps_cpp.hpp
[2.141s] -- Up-to-date symlink: /home/ros2access/kaya_ws/install/dynamixel_sdk_custom_interfaces/include/dynamixel_sdk_custom_interfaces/msg/rosidl_typesupport_fastrtps_cpp__visibility_control.h
[2.141s] -- Up-to-date symlink: /home/ros2access/kaya_ws/install/dynamixel_sdk_custom_interfaces/include/dynamixel_sdk_custom_interfaces/srv/detail/get_position__rosidl_typesupport_fastrtps_cpp.hpp
[2.143s] -- Up-to-date symlink: /home/ros2access/kaya_ws/install/dynamixel_sdk_custom_interfaces/lib/libdynamixel_sdk_custom_interfaces__rosidl_typesupport_fastrtps_cpp.so
[2.146s] -- Up-to-date symlink: /home/ros2access/kaya_ws/install/dynamixel_sdk_custom_interfaces/include/dynamixel_sdk_custom_interfaces/msg/detail/set_position__rosidl_typesupport_introspection_c.h
[2.147s] -- Up-to-date symlink: /home/ros2access/kaya_ws/install/dynamixel_sdk_custom_interfaces/include/dynamixel_sdk_custom_interfaces/msg/rosidl_typesupport_introspection_c__visibility_control.h
[2.149s] -- Up-to-date symlink: /home/ros2access/kaya_ws/install/dynamixel_sdk_custom_interfaces/include/dynamixel_sdk_custom_interfaces/srv/detail/get_position__rosidl_typesupport_introspection_c.h
[2.152s] -- Up-to-date symlink: /home/ros2access/kaya_ws/install/dynamixel_sdk_custom_interfaces/include/dynamixel_sdk_custom_interfaces/msg/detail/set_position__builder.hpp
[2.152s] -- Up-to-date symlink: /home/ros2access/kaya_ws/install/dynamixel_sdk_custom_interfaces/include/dynamixel_sdk_custom_interfaces/msg/detail/set_position__struct.hpp
[2.154s] -- Up-to-date symlink: /home/ros2access/kaya_ws/install/dynamixel_sdk_custom_interfaces/include/dynamixel_sdk_custom_interfaces/msg/detail/set_position__traits.hpp
[2.155s] -- Up-to-date symlink: /home/ros2access/kaya_ws/install/dynamixel_sdk_custom_interfaces/include/dynamixel_sdk_custom_interfaces/msg/set_position.hpp
[2.159s] -- Up-to-date symlink: /home/ros2access/kaya_ws/install/dynamixel_sdk_custom_interfaces/include/dynamixel_sdk_custom_interfaces/srv/detail/get_position__builder.hpp
[2.160s] -- Up-to-date symlink: /home/ros2access/kaya_ws/install/dynamixel_sdk_custom_interfaces/include/dynamixel_sdk_custom_interfaces/srv/detail/get_position__struct.hpp
[2.161s] -- Up-to-date symlink: /home/ros2access/kaya_ws/install/dynamixel_sdk_custom_interfaces/include/dynamixel_sdk_custom_interfaces/srv/detail/get_position__traits.hpp
[2.161s] -- Up-to-date symlink: /home/ros2access/kaya_ws/install/dynamixel_sdk_custom_interfaces/include/dynamixel_sdk_custom_interfaces/srv/get_position.hpp
[2.162s] -- Up-to-date symlink: /home/ros2access/kaya_ws/install/dynamixel_sdk_custom_interfaces/include/dynamixel_sdk_custom_interfaces/msg/detail/set_position__rosidl_typesupport_introspection_cpp.hpp
[2.164s] -- Up-to-date symlink: /home/ros2access/kaya_ws/install/dynamixel_sdk_custom_interfaces/include/dynamixel_sdk_custom_interfaces/srv/detail/get_position__rosidl_typesupport_introspection_cpp.hpp
[2.165s] -- Up-to-date symlink: /home/ros2access/kaya_ws/install/dynamixel_sdk_custom_interfaces/share/dynamixel_sdk_custom_interfaces/environment/pythonpath.sh
[2.167s] -- Up-to-date symlink: /home/ros2access/kaya_ws/install/dynamixel_sdk_custom_interfaces/share/dynamixel_sdk_custom_interfaces/environment/pythonpath.dsv
[2.168s] -- Up-to-date symlink: /home/ros2access/kaya_ws/install/dynamixel_sdk_custom_interfaces/lib/python3.6/site-packages/dynamixel_sdk_custom_interfaces/__init__.py
[2.171s] -- Up-to-date symlink: /home/ros2access/kaya_ws/install/dynamixel_sdk_custom_interfaces/lib/python3.6/site-packages/dynamixel_sdk_custom_interfaces/msg/__init__.py
[2.173s] -- Up-to-date symlink: /home/ros2access/kaya_ws/install/dynamixel_sdk_custom_interfaces/lib/python3.6/site-packages/dynamixel_sdk_custom_interfaces/msg/_set_position.py
[2.176s] -- Up-to-date symlink: /home/ros2access/kaya_ws/install/dynamixel_sdk_custom_interfaces/lib/python3.6/site-packages/dynamixel_sdk_custom_interfaces/srv/__init__.py
[2.177s] -- Up-to-date symlink: /home/ros2access/kaya_ws/install/dynamixel_sdk_custom_interfaces/lib/python3.6/site-packages/dynamixel_sdk_custom_interfaces/srv/_get_position.py
[2.180s] -- Up-to-date symlink: /home/ros2access/kaya_ws/install/dynamixel_sdk_custom_interfaces/lib/python3.6/site-packages/dynamixel_sdk_custom_interfaces/dynamixel_sdk_custom_interfaces_s__rosidl_typesupport_fastrtps_c.cpython-36m-aarch64-linux-gnu.so
[2.182s] -- Up-to-date symlink: /home/ros2access/kaya_ws/install/dynamixel_sdk_custom_interfaces/lib/python3.6/site-packages/dynamixel_sdk_custom_interfaces/dynamixel_sdk_custom_interfaces_s__rosidl_typesupport_introspection_c.cpython-36m-aarch64-linux-gnu.so
[2.184s] -- Up-to-date symlink: /home/ros2access/kaya_ws/install/dynamixel_sdk_custom_interfaces/lib/python3.6/site-packages/dynamixel_sdk_custom_interfaces/dynamixel_sdk_custom_interfaces_s__rosidl_typesupport_c.cpython-36m-aarch64-linux-gnu.so
[2.186s] -- Up-to-date symlink: /home/ros2access/kaya_ws/install/dynamixel_sdk_custom_interfaces/lib/libdynamixel_sdk_custom_interfaces__python.so
[2.190s] -- Up-to-date symlink: /home/ros2access/kaya_ws/install/dynamixel_sdk_custom_interfaces/share/dynamixel_sdk_custom_interfaces/msg/SetPosition.idl
[2.191s] -- Up-to-date symlink: /home/ros2access/kaya_ws/install/dynamixel_sdk_custom_interfaces/share/dynamixel_sdk_custom_interfaces/srv/GetPosition.idl
[2.192s] -- Up-to-date symlink: /home/ros2access/kaya_ws/install/dynamixel_sdk_custom_interfaces/share/dynamixel_sdk_custom_interfaces/msg/SetPosition.msg
[2.194s] -- Up-to-date symlink: /home/ros2access/kaya_ws/install/dynamixel_sdk_custom_interfaces/share/dynamixel_sdk_custom_interfaces/srv/GetPosition.srv
[2.195s] -- Up-to-date symlink: /home/ros2access/kaya_ws/install/dynamixel_sdk_custom_interfaces/share/dynamixel_sdk_custom_interfaces/srv/GetPosition_Request.msg
[2.197s] -- Up-to-date symlink: /home/ros2access/kaya_ws/install/dynamixel_sdk_custom_interfaces/share/dynamixel_sdk_custom_interfaces/srv/GetPosition_Response.msg
[2.199s] -- Up-to-date symlink: /home/ros2access/kaya_ws/install/dynamixel_sdk_custom_interfaces/share/ament_index/resource_index/package_run_dependencies/dynamixel_sdk_custom_interfaces
[2.201s] -- Up-to-date symlink: /home/ros2access/kaya_ws/install/dynamixel_sdk_custom_interfaces/share/ament_index/resource_index/parent_prefix_path/dynamixel_sdk_custom_interfaces
[2.202s] -- Up-to-date symlink: /home/ros2access/kaya_ws/install/dynamixel_sdk_custom_interfaces/share/dynamixel_sdk_custom_interfaces/environment/ament_prefix_path.sh
[2.204s] -- Up-to-date symlink: /home/ros2access/kaya_ws/install/dynamixel_sdk_custom_interfaces/share/dynamixel_sdk_custom_interfaces/environment/ament_prefix_path.dsv
[2.206s] -- Up-to-date symlink: /home/ros2access/kaya_ws/install/dynamixel_sdk_custom_interfaces/share/dynamixel_sdk_custom_interfaces/environment/path.sh
[2.208s] -- Up-to-date symlink: /home/ros2access/kaya_ws/install/dynamixel_sdk_custom_interfaces/share/dynamixel_sdk_custom_interfaces/environment/path.dsv
[2.210s] -- Up-to-date symlink: /home/ros2access/kaya_ws/install/dynamixel_sdk_custom_interfaces/share/dynamixel_sdk_custom_interfaces/local_setup.bash
[2.210s] -- Up-to-date symlink: /home/ros2access/kaya_ws/install/dynamixel_sdk_custom_interfaces/share/dynamixel_sdk_custom_interfaces/local_setup.sh
[2.212s] -- Up-to-date symlink: /home/ros2access/kaya_ws/install/dynamixel_sdk_custom_interfaces/share/dynamixel_sdk_custom_interfaces/local_setup.zsh
[2.213s] -- Up-to-date symlink: /home/ros2access/kaya_ws/install/dynamixel_sdk_custom_interfaces/share/dynamixel_sdk_custom_interfaces/local_setup.dsv
[2.214s] -- Symlinking: /home/ros2access/kaya_ws/install/dynamixel_sdk_custom_interfaces/share/dynamixel_sdk_custom_interfaces/package.dsv
[2.228s] -- Up-to-date symlink: /home/ros2access/kaya_ws/install/dynamixel_sdk_custom_interfaces/share/ament_index/resource_index/packages/dynamixel_sdk_custom_interfaces
[2.229s] -- Up-to-date symlink: /home/ros2access/kaya_ws/install/dynamixel_sdk_custom_interfaces/share/dynamixel_sdk_custom_interfaces/cmake/rosidl_cmake-extras.cmake
[2.230s] -- Up-to-date symlink: /home/ros2access/kaya_ws/install/dynamixel_sdk_custom_interfaces/share/dynamixel_sdk_custom_interfaces/cmake/ament_cmake_export_dependencies-extras.cmake
[2.232s] -- Up-to-date symlink: /home/ros2access/kaya_ws/install/dynamixel_sdk_custom_interfaces/share/dynamixel_sdk_custom_interfaces/cmake/ament_cmake_export_libraries-extras.cmake
[2.233s] -- Up-to-date symlink: /home/ros2access/kaya_ws/install/dynamixel_sdk_custom_interfaces/share/dynamixel_sdk_custom_interfaces/cmake/ament_cmake_export_targets-extras.cmake
[2.235s] -- Up-to-date symlink: /home/ros2access/kaya_ws/install/dynamixel_sdk_custom_interfaces/share/dynamixel_sdk_custom_interfaces/cmake/ament_cmake_export_include_directories-extras.cmake
[2.236s] -- Up-to-date symlink: /home/ros2access/kaya_ws/install/dynamixel_sdk_custom_interfaces/share/dynamixel_sdk_custom_interfaces/cmake/rosidl_cmake_export_typesupport_libraries-extras.cmake
[2.243s] -- Up-to-date symlink: /home/ros2access/kaya_ws/install/dynamixel_sdk_custom_interfaces/share/dynamixel_sdk_custom_interfaces/cmake/rosidl_cmake_export_typesupport_targets-extras.cmake
[2.244s] -- Up-to-date symlink: /home/ros2access/kaya_ws/install/dynamixel_sdk_custom_interfaces/share/dynamixel_sdk_custom_interfaces/cmake/dynamixel_sdk_custom_interfacesConfig.cmake
[2.245s] -- Up-to-date symlink: /home/ros2access/kaya_ws/install/dynamixel_sdk_custom_interfaces/share/dynamixel_sdk_custom_interfaces/cmake/dynamixel_sdk_custom_interfacesConfig-version.cmake
[2.245s] -- Up-to-date symlink: /home/ros2access/kaya_ws/install/dynamixel_sdk_custom_interfaces/share/dynamixel_sdk_custom_interfaces/package.xml
[2.246s] -- Up-to-date: /home/ros2access/kaya_ws/install/dynamixel_sdk_custom_interfaces/lib/libdynamixel_sdk_custom_interfaces__rosidl_generator_c.so
[2.247s] -- Up-to-date: /home/ros2access/kaya_ws/install/dynamixel_sdk_custom_interfaces/lib/libdynamixel_sdk_custom_interfaces__rosidl_typesupport_introspection_c.so
[2.249s] -- Up-to-date: /home/ros2access/kaya_ws/install/dynamixel_sdk_custom_interfaces/lib/libdynamixel_sdk_custom_interfaces__rosidl_typesupport_c.so
[2.251s] -- Up-to-date: /home/ros2access/kaya_ws/install/dynamixel_sdk_custom_interfaces/lib/libdynamixel_sdk_custom_interfaces__rosidl_typesupport_introspection_cpp.so
[2.252s] -- Up-to-date: /home/ros2access/kaya_ws/install/dynamixel_sdk_custom_interfaces/lib/libdynamixel_sdk_custom_interfaces__rosidl_typesupport_cpp.so
[2.475s] -- Up-to-date: /home/ros2access/kaya_ws/install/dynamixel_sdk_custom_interfaces/share/dynamixel_sdk_custom_interfaces/cmake/dynamixel_sdk_custom_interfaces__rosidl_generator_cExport.cmake
[2.487s] -- Up-to-date: /home/ros2access/kaya_ws/install/dynamixel_sdk_custom_interfaces/share/dynamixel_sdk_custom_interfaces/cmake/dynamixel_sdk_custom_interfaces__rosidl_generator_cExport-noconfig.cmake
[2.488s] -- Up-to-date: /home/ros2access/kaya_ws/install/dynamixel_sdk_custom_interfaces/share/dynamixel_sdk_custom_interfaces/cmake/dynamixel_sdk_custom_interfaces__rosidl_typesupport_introspection_cExport.cmake
[2.489s] -- Up-to-date: /home/ros2access/kaya_ws/install/dynamixel_sdk_custom_interfaces/share/dynamixel_sdk_custom_interfaces/cmake/dynamixel_sdk_custom_interfaces__rosidl_typesupport_introspection_cExport-noconfig.cmake
[2.492s] -- Up-to-date: /home/ros2access/kaya_ws/install/dynamixel_sdk_custom_interfaces/share/dynamixel_sdk_custom_interfaces/cmake/dynamixel_sdk_custom_interfaces__rosidl_typesupport_cExport.cmake
[2.492s] -- Up-to-date: /home/ros2access/kaya_ws/install/dynamixel_sdk_custom_interfaces/share/dynamixel_sdk_custom_interfaces/cmake/dynamixel_sdk_custom_interfaces__rosidl_typesupport_cExport-noconfig.cmake
[2.544s] -- Up-to-date: /home/ros2access/kaya_ws/install/dynamixel_sdk_custom_interfaces/share/dynamixel_sdk_custom_interfaces/cmake/dynamixel_sdk_custom_interfaces__rosidl_generator_cppExport.cmake
[2.560s] -- Up-to-date: /home/ros2access/kaya_ws/install/dynamixel_sdk_custom_interfaces/share/dynamixel_sdk_custom_interfaces/cmake/dynamixel_sdk_custom_interfaces__rosidl_typesupport_introspection_cppExport.cmake
[2.560s] -- Up-to-date: /home/ros2access/kaya_ws/install/dynamixel_sdk_custom_interfaces/share/dynamixel_sdk_custom_interfaces/cmake/dynamixel_sdk_custom_interfaces__rosidl_typesupport_introspection_cppExport-noconfig.cmake
[2.562s] -- Up-to-date: /home/ros2access/kaya_ws/install/dynamixel_sdk_custom_interfaces/share/dynamixel_sdk_custom_interfaces/cmake/dynamixel_sdk_custom_interfaces__rosidl_typesupport_cppExport.cmake
[2.563s] -- Up-to-date: /home/ros2access/kaya_ws/install/dynamixel_sdk_custom_interfaces/share/dynamixel_sdk_custom_interfaces/cmake/dynamixel_sdk_custom_interfaces__rosidl_typesupport_cppExport-noconfig.cmake
[2.600s] Invoked command in '/home/ros2access/kaya_ws/build/dynamixel_sdk_custom_interfaces' returned '0': /usr/local/bin/cmake --install /home/ros2access/kaya_ws/build/dynamixel_sdk_custom_interfaces
