[4.236s] DEBUG:colcon:Command line arguments: ['/usr/bin/colcon', 'build']
[4.237s] DEBUG:colcon:Parsed command line arguments: Namespace(ament_cmake_args=None, base_paths=['.'], build_base='build', catkin_cmake_args=None, catkin_skip_building_tests=False, cmake_args=None, cmake_clean_cache=False, cmake_clean_first=False, cmake_force_configure=False, cmake_target=None, cmake_target_skip_unavailable=False, continue_on_error=False, event_handlers=None, executor='parallel', ignore_user_meta=False, install_base='install', log_base=None, log_level=None, main=<bound method BuildVerb.main of <colcon_core.verb.build.BuildVerb object at 0x7f87f20208>>, merge_install=False, metas=['./colcon.meta'], packages_above=None, packages_above_and_dependencies=None, packages_above_depth=None, packages_end=None, packages_ignore=None, packages_ignore_regex=None, packages_select=None, packages_select_build_failed=False, packages_select_by_dep=None, packages_select_regex=None, packages_select_test_failures=False, packages_skip=None, packages_skip_build_finished=False, packages_skip_by_dep=None, packages_skip_regex=None, packages_skip_test_passed=False, packages_skip_up_to=None, packages_start=None, packages_up_to=None, packages_up_to_regex=None, parallel_workers=4, paths=None, symlink_install=False, test_result_base=None, verb_extension=<colcon_core.verb.build.BuildVerb object at 0x7f87f20208>, verb_name='build', verb_parser=<colcon_defaults.argument_parser.defaults.DefaultArgumentsDecorator object at 0x7f87e712b0>)
[4.560s] Level 1:colcon.colcon_core.package_discovery:discover_packages(colcon_meta) check parameters
[4.561s] Level 1:colcon.colcon_core.package_discovery:discover_packages(recursive) check parameters
[4.561s] Level 1:colcon.colcon_core.package_discovery:discover_packages(ignore) check parameters
[4.561s] Level 1:colcon.colcon_core.package_discovery:discover_packages(path) check parameters
[4.561s] Level 1:colcon.colcon_core.package_discovery:discover_packages(colcon_meta) discover
[4.563s] Level 1:colcon.colcon_core.package_discovery:discover_packages(recursive) discover
[4.563s] INFO:colcon.colcon_core.package_discovery:Crawling recursively for packages in '/home/ros2access/kaya_ws'
[4.564s] Level 1:colcon.colcon_core.package_identification:_identify(.) by extensions ['ignore', 'ignore_ament_install']
[4.564s] Level 1:colcon.colcon_core.package_identification:_identify(.) by extension 'ignore'
[4.565s] Level 1:colcon.colcon_core.package_identification:_identify(.) by extension 'ignore_ament_install'
[4.565s] Level 1:colcon.colcon_core.package_identification:_identify(.) by extensions ['colcon_pkg']
[4.566s] Level 1:colcon.colcon_core.package_identification:_identify(.) by extension 'colcon_pkg'
[4.566s] Level 1:colcon.colcon_core.package_identification:_identify(.) by extensions ['colcon_meta']
[4.566s] Level 1:colcon.colcon_core.package_identification:_identify(.) by extension 'colcon_meta'
[4.566s] Level 1:colcon.colcon_core.package_identification:_identify(.) by extensions ['ros']
[4.567s] Level 1:colcon.colcon_core.package_identification:_identify(.) by extension 'ros'
[4.795s] Level 1:colcon.colcon_core.package_identification:_identify(.) by extensions ['cmake', 'python']
[4.795s] Level 1:colcon.colcon_core.package_identification:_identify(.) by extension 'cmake'
[4.796s] Level 1:colcon.colcon_core.package_identification:_identify(.) by extension 'python'
[4.796s] Level 1:colcon.colcon_core.package_identification:_identify(.) by extensions ['python_setup_py']
[4.796s] Level 1:colcon.colcon_core.package_identification:_identify(.) by extension 'python_setup_py'
[4.797s] Level 1:colcon.colcon_core.package_identification:_identify(build) by extensions ['ignore', 'ignore_ament_install']
[4.798s] Level 1:colcon.colcon_core.package_identification:_identify(build) by extension 'ignore'
[4.799s] Level 1:colcon.colcon_core.package_identification:_identify(build) ignored
[4.801s] Level 1:colcon.colcon_core.package_identification:_identify(install) by extensions ['ignore', 'ignore_ament_install']
[4.802s] Level 1:colcon.colcon_core.package_identification:_identify(install) by extension 'ignore'
[4.802s] Level 1:colcon.colcon_core.package_identification:_identify(install) ignored
[4.803s] Level 1:colcon.colcon_core.package_identification:_identify(log) by extensions ['ignore', 'ignore_ament_install']
[4.804s] Level 1:colcon.colcon_core.package_identification:_identify(log) by extension 'ignore'
[4.804s] Level 1:colcon.colcon_core.package_identification:_identify(log) ignored
[4.806s] Level 1:colcon.colcon_core.package_identification:_identify(src) by extensions ['ignore', 'ignore_ament_install']
[4.806s] Level 1:colcon.colcon_core.package_identification:_identify(src) by extension 'ignore'
[4.807s] Level 1:colcon.colcon_core.package_identification:_identify(src) by extension 'ignore_ament_install'
[4.808s] Level 1:colcon.colcon_core.package_identification:_identify(src) by extensions ['colcon_pkg']
[4.808s] Level 1:colcon.colcon_core.package_identification:_identify(src) by extension 'colcon_pkg'
[4.808s] Level 1:colcon.colcon_core.package_identification:_identify(src) by extensions ['colcon_meta']
[4.809s] Level 1:colcon.colcon_core.package_identification:_identify(src) by extension 'colcon_meta'
[4.809s] Level 1:colcon.colcon_core.package_identification:_identify(src) by extensions ['ros']
[4.809s] Level 1:colcon.colcon_core.package_identification:_identify(src) by extension 'ros'
[4.810s] Level 1:colcon.colcon_core.package_identification:_identify(src) by extensions ['cmake', 'python']
[4.811s] Level 1:colcon.colcon_core.package_identification:_identify(src) by extension 'cmake'
[4.811s] Level 1:colcon.colcon_core.package_identification:_identify(src) by extension 'python'
[4.811s] Level 1:colcon.colcon_core.package_identification:_identify(src) by extensions ['python_setup_py']
[4.812s] Level 1:colcon.colcon_core.package_identification:_identify(src) by extension 'python_setup_py'
[4.816s] Level 1:colcon.colcon_core.package_identification:_identify(src/DynamixelSDK) by extensions ['ignore', 'ignore_ament_install']
[4.817s] Level 1:colcon.colcon_core.package_identification:_identify(src/DynamixelSDK) by extension 'ignore'
[4.817s] Level 1:colcon.colcon_core.package_identification:_identify(src/DynamixelSDK) by extension 'ignore_ament_install'
[4.818s] Level 1:colcon.colcon_core.package_identification:_identify(src/DynamixelSDK) by extensions ['colcon_pkg']
[4.818s] Level 1:colcon.colcon_core.package_identification:_identify(src/DynamixelSDK) by extension 'colcon_pkg'
[4.818s] Level 1:colcon.colcon_core.package_identification:_identify(src/DynamixelSDK) by extensions ['colcon_meta']
[4.818s] Level 1:colcon.colcon_core.package_identification:_identify(src/DynamixelSDK) by extension 'colcon_meta'
[4.819s] Level 1:colcon.colcon_core.package_identification:_identify(src/DynamixelSDK) by extensions ['ros']
[4.819s] Level 1:colcon.colcon_core.package_identification:_identify(src/DynamixelSDK) by extension 'ros'
[4.820s] Level 1:colcon.colcon_core.package_identification:_identify(src/DynamixelSDK) by extensions ['cmake', 'python']
[4.820s] Level 1:colcon.colcon_core.package_identification:_identify(src/DynamixelSDK) by extension 'cmake'
[4.820s] Level 1:colcon.colcon_core.package_identification:_identify(src/DynamixelSDK) by extension 'python'
[4.821s] Level 1:colcon.colcon_core.package_identification:_identify(src/DynamixelSDK) by extensions ['python_setup_py']
[4.821s] Level 1:colcon.colcon_core.package_identification:_identify(src/DynamixelSDK) by extension 'python_setup_py'
[4.826s] Level 1:colcon.colcon_core.package_identification:_identify(src/DynamixelSDK/dynamixel_sdk) by extensions ['ignore', 'ignore_ament_install']
[4.827s] Level 1:colcon.colcon_core.package_identification:_identify(src/DynamixelSDK/dynamixel_sdk) by extension 'ignore'
[4.827s] Level 1:colcon.colcon_core.package_identification:_identify(src/DynamixelSDK/dynamixel_sdk) by extension 'ignore_ament_install'
[4.828s] Level 1:colcon.colcon_core.package_identification:_identify(src/DynamixelSDK/dynamixel_sdk) by extensions ['colcon_pkg']
[4.828s] Level 1:colcon.colcon_core.package_identification:_identify(src/DynamixelSDK/dynamixel_sdk) by extension 'colcon_pkg'
[4.828s] Level 1:colcon.colcon_core.package_identification:_identify(src/DynamixelSDK/dynamixel_sdk) by extensions ['colcon_meta']
[4.829s] Level 1:colcon.colcon_core.package_identification:_identify(src/DynamixelSDK/dynamixel_sdk) by extension 'colcon_meta'
[4.829s] Level 1:colcon.colcon_core.package_identification:_identify(src/DynamixelSDK/dynamixel_sdk) by extensions ['ros']
[4.830s] Level 1:colcon.colcon_core.package_identification:_identify(src/DynamixelSDK/dynamixel_sdk) by extension 'ros'
[4.849s] DEBUG:colcon.colcon_core.package_identification:Package 'src/DynamixelSDK/dynamixel_sdk' with type 'ros.ament_cmake' and name 'dynamixel_sdk'
[4.851s] Level 1:colcon.colcon_core.package_identification:_identify(src/DynamixelSDK/dynamixel_sdk_custom_interfaces) by extensions ['ignore', 'ignore_ament_install']
[4.851s] Level 1:colcon.colcon_core.package_identification:_identify(src/DynamixelSDK/dynamixel_sdk_custom_interfaces) by extension 'ignore'
[4.852s] Level 1:colcon.colcon_core.package_identification:_identify(src/DynamixelSDK/dynamixel_sdk_custom_interfaces) by extension 'ignore_ament_install'
[4.852s] Level 1:colcon.colcon_core.package_identification:_identify(src/DynamixelSDK/dynamixel_sdk_custom_interfaces) by extensions ['colcon_pkg']
[4.852s] Level 1:colcon.colcon_core.package_identification:_identify(src/DynamixelSDK/dynamixel_sdk_custom_interfaces) by extension 'colcon_pkg'
[4.853s] Level 1:colcon.colcon_core.package_identification:_identify(src/DynamixelSDK/dynamixel_sdk_custom_interfaces) by extensions ['colcon_meta']
[4.853s] Level 1:colcon.colcon_core.package_identification:_identify(src/DynamixelSDK/dynamixel_sdk_custom_interfaces) by extension 'colcon_meta'
[4.853s] Level 1:colcon.colcon_core.package_identification:_identify(src/DynamixelSDK/dynamixel_sdk_custom_interfaces) by extensions ['ros']
[4.854s] Level 1:colcon.colcon_core.package_identification:_identify(src/DynamixelSDK/dynamixel_sdk_custom_interfaces) by extension 'ros'
[4.859s] DEBUG:colcon.colcon_core.package_identification:Package 'src/DynamixelSDK/dynamixel_sdk_custom_interfaces' with type 'ros.ament_cmake' and name 'dynamixel_sdk_custom_interfaces'
[4.859s] Level 1:colcon.colcon_core.package_identification:_identify(src/DynamixelSDK/dynamixel_sdk_examples) by extensions ['ignore', 'ignore_ament_install']
[4.860s] Level 1:colcon.colcon_core.package_identification:_identify(src/DynamixelSDK/dynamixel_sdk_examples) by extension 'ignore'
[4.861s] Level 1:colcon.colcon_core.package_identification:_identify(src/DynamixelSDK/dynamixel_sdk_examples) by extension 'ignore_ament_install'
[4.861s] Level 1:colcon.colcon_core.package_identification:_identify(src/DynamixelSDK/dynamixel_sdk_examples) by extensions ['colcon_pkg']
[4.861s] Level 1:colcon.colcon_core.package_identification:_identify(src/DynamixelSDK/dynamixel_sdk_examples) by extension 'colcon_pkg'
[4.862s] Level 1:colcon.colcon_core.package_identification:_identify(src/DynamixelSDK/dynamixel_sdk_examples) by extensions ['colcon_meta']
[4.862s] Level 1:colcon.colcon_core.package_identification:_identify(src/DynamixelSDK/dynamixel_sdk_examples) by extension 'colcon_meta'
[4.862s] Level 1:colcon.colcon_core.package_identification:_identify(src/DynamixelSDK/dynamixel_sdk_examples) by extensions ['ros']
[4.863s] Level 1:colcon.colcon_core.package_identification:_identify(src/DynamixelSDK/dynamixel_sdk_examples) by extension 'ros'
[4.869s] DEBUG:colcon.colcon_core.package_identification:Package 'src/DynamixelSDK/dynamixel_sdk_examples' with type 'ros.ament_cmake' and name 'dynamixel_sdk_examples'
[4.869s] Level 1:colcon.colcon_core.package_discovery:discover_packages(recursive) using defaults
[4.871s] Level 1:colcon.colcon_core.package_discovery:discover_packages(ignore) discover
[4.871s] Level 1:colcon.colcon_core.package_discovery:discover_packages(ignore) using defaults
[4.871s] Level 1:colcon.colcon_core.package_discovery:discover_packages(path) discover
[4.871s] Level 1:colcon.colcon_core.package_discovery:discover_packages(path) using defaults
[5.139s] Level 5:colcon.colcon_core.verb:set package 'dynamixel_sdk' build argument 'cmake_args' from command line to 'None'
[5.139s] Level 5:colcon.colcon_core.verb:set package 'dynamixel_sdk' build argument 'cmake_target' from command line to 'None'
[5.140s] Level 5:colcon.colcon_core.verb:set package 'dynamixel_sdk' build argument 'cmake_target_skip_unavailable' from command line to 'False'
[5.140s] Level 5:colcon.colcon_core.verb:set package 'dynamixel_sdk' build argument 'cmake_clean_cache' from command line to 'False'
[5.140s] Level 5:colcon.colcon_core.verb:set package 'dynamixel_sdk' build argument 'cmake_clean_first' from command line to 'False'
[5.140s] Level 5:colcon.colcon_core.verb:set package 'dynamixel_sdk' build argument 'cmake_force_configure' from command line to 'False'
[5.140s] Level 5:colcon.colcon_core.verb:set package 'dynamixel_sdk' build argument 'ament_cmake_args' from command line to 'None'
[5.140s] Level 5:colcon.colcon_core.verb:set package 'dynamixel_sdk' build argument 'catkin_cmake_args' from command line to 'None'
[5.141s] Level 5:colcon.colcon_core.verb:set package 'dynamixel_sdk' build argument 'catkin_skip_building_tests' from command line to 'False'
[5.141s] DEBUG:colcon.colcon_core.verb:Building package 'dynamixel_sdk' with the following arguments: {'ament_cmake_args': None, 'build_base': '/home/ros2access/kaya_ws/build/dynamixel_sdk', 'catkin_cmake_args': None, 'catkin_skip_building_tests': False, 'cmake_args': None, 'cmake_clean_cache': False, 'cmake_clean_first': False, 'cmake_force_configure': False, 'cmake_target': None, 'cmake_target_skip_unavailable': False, 'install_base': '/home/ros2access/kaya_ws/install/dynamixel_sdk', 'merge_install': False, 'path': '/home/ros2access/kaya_ws/src/DynamixelSDK/dynamixel_sdk', 'symlink_install': False, 'test_result_base': None}
[5.159s] Level 5:colcon.colcon_core.verb:set package 'dynamixel_sdk_custom_interfaces' build argument 'cmake_args' from command line to 'None'
[5.159s] Level 5:colcon.colcon_core.verb:set package 'dynamixel_sdk_custom_interfaces' build argument 'cmake_target' from command line to 'None'
[5.159s] Level 5:colcon.colcon_core.verb:set package 'dynamixel_sdk_custom_interfaces' build argument 'cmake_target_skip_unavailable' from command line to 'False'
[5.159s] Level 5:colcon.colcon_core.verb:set package 'dynamixel_sdk_custom_interfaces' build argument 'cmake_clean_cache' from command line to 'False'
[5.160s] Level 5:colcon.colcon_core.verb:set package 'dynamixel_sdk_custom_interfaces' build argument 'cmake_clean_first' from command line to 'False'
[5.160s] Level 5:colcon.colcon_core.verb:set package 'dynamixel_sdk_custom_interfaces' build argument 'cmake_force_configure' from command line to 'False'
[5.160s] Level 5:colcon.colcon_core.verb:set package 'dynamixel_sdk_custom_interfaces' build argument 'ament_cmake_args' from command line to 'None'
[5.160s] Level 5:colcon.colcon_core.verb:set package 'dynamixel_sdk_custom_interfaces' build argument 'catkin_cmake_args' from command line to 'None'
[5.160s] Level 5:colcon.colcon_core.verb:set package 'dynamixel_sdk_custom_interfaces' build argument 'catkin_skip_building_tests' from command line to 'False'
[5.160s] DEBUG:colcon.colcon_core.verb:Building package 'dynamixel_sdk_custom_interfaces' with the following arguments: {'ament_cmake_args': None, 'build_base': '/home/ros2access/kaya_ws/build/dynamixel_sdk_custom_interfaces', 'catkin_cmake_args': None, 'catkin_skip_building_tests': False, 'cmake_args': None, 'cmake_clean_cache': False, 'cmake_clean_first': False, 'cmake_force_configure': False, 'cmake_target': None, 'cmake_target_skip_unavailable': False, 'install_base': '/home/ros2access/kaya_ws/install/dynamixel_sdk_custom_interfaces', 'merge_install': False, 'path': '/home/ros2access/kaya_ws/src/DynamixelSDK/dynamixel_sdk_custom_interfaces', 'symlink_install': False, 'test_result_base': None}
[5.178s] Level 5:colcon.colcon_core.verb:set package 'dynamixel_sdk_examples' build argument 'cmake_args' from command line to 'None'
[5.178s] Level 5:colcon.colcon_core.verb:set package 'dynamixel_sdk_examples' build argument 'cmake_target' from command line to 'None'
[5.179s] Level 5:colcon.colcon_core.verb:set package 'dynamixel_sdk_examples' build argument 'cmake_target_skip_unavailable' from command line to 'False'
[5.179s] Level 5:colcon.colcon_core.verb:set package 'dynamixel_sdk_examples' build argument 'cmake_clean_cache' from command line to 'False'
[5.179s] Level 5:colcon.colcon_core.verb:set package 'dynamixel_sdk_examples' build argument 'cmake_clean_first' from command line to 'False'
[5.179s] Level 5:colcon.colcon_core.verb:set package 'dynamixel_sdk_examples' build argument 'cmake_force_configure' from command line to 'False'
[5.179s] Level 5:colcon.colcon_core.verb:set package 'dynamixel_sdk_examples' build argument 'ament_cmake_args' from command line to 'None'
[5.179s] Level 5:colcon.colcon_core.verb:set package 'dynamixel_sdk_examples' build argument 'catkin_cmake_args' from command line to 'None'
[5.180s] Level 5:colcon.colcon_core.verb:set package 'dynamixel_sdk_examples' build argument 'catkin_skip_building_tests' from command line to 'False'
[5.180s] DEBUG:colcon.colcon_core.verb:Building package 'dynamixel_sdk_examples' with the following arguments: {'ament_cmake_args': None, 'build_base': '/home/ros2access/kaya_ws/build/dynamixel_sdk_examples', 'catkin_cmake_args': None, 'catkin_skip_building_tests': False, 'cmake_args': None, 'cmake_clean_cache': False, 'cmake_clean_first': False, 'cmake_force_configure': False, 'cmake_target': None, 'cmake_target_skip_unavailable': False, 'install_base': '/home/ros2access/kaya_ws/install/dynamixel_sdk_examples', 'merge_install': False, 'path': '/home/ros2access/kaya_ws/src/DynamixelSDK/dynamixel_sdk_examples', 'symlink_install': False, 'test_result_base': None}
[5.195s] INFO:colcon.colcon_core.executor:Executing jobs using 'parallel' executor
[5.279s] DEBUG:colcon.colcon_parallel_executor.executor.parallel:run_until_complete
[5.281s] INFO:colcon.colcon_ros.task.ament_cmake.build:Building ROS package in '/home/ros2access/kaya_ws/src/DynamixelSDK/dynamixel_sdk' with build type 'ament_cmake'
[5.281s] INFO:colcon.colcon_cmake.task.cmake.build:Building CMake package in '/home/ros2access/kaya_ws/src/DynamixelSDK/dynamixel_sdk'
[5.354s] INFO:colcon.colcon_core.plugin_system:Skipping extension 'colcon_core.shell.bat': Not used on non-Windows systems
[5.356s] INFO:colcon.colcon_core.shell:Skip shell extension 'powershell' for command environment: Not usable outside of PowerShell
[5.356s] DEBUG:colcon.colcon_core.shell:Skip shell extension 'dsv' for command environment
[5.525s] INFO:colcon.colcon_ros.task.ament_cmake.build:Building ROS package in '/home/ros2access/kaya_ws/src/DynamixelSDK/dynamixel_sdk_custom_interfaces' with build type 'ament_cmake'
[5.526s] INFO:colcon.colcon_cmake.task.cmake.build:Building CMake package in '/home/ros2access/kaya_ws/src/DynamixelSDK/dynamixel_sdk_custom_interfaces'
[5.570s] INFO:colcon.colcon_core.shell:Skip shell extension 'powershell' for command environment: Not usable outside of PowerShell
[5.571s] DEBUG:colcon.colcon_core.shell:Skip shell extension 'dsv' for command environment
[5.706s] DEBUG:colcon.colcon_core.event_handler.log_command:Invoking command in '/home/ros2access/kaya_ws/build/dynamixel_sdk': /usr/local/bin/cmake --build /home/ros2access/kaya_ws/build/dynamixel_sdk -- -j4 -l4
[5.745s] DEBUG:colcon.colcon_core.event_handler.log_command:Invoking command in '/home/ros2access/kaya_ws/build/dynamixel_sdk_custom_interfaces': /usr/local/bin/cmake --build /home/ros2access/kaya_ws/build/dynamixel_sdk_custom_interfaces -- -j4 -l4
[6.489s] DEBUG:colcon.colcon_core.event_handler.log_command:Invoked command in '/home/ros2access/kaya_ws/build/dynamixel_sdk' returned '0': /usr/local/bin/cmake --build /home/ros2access/kaya_ws/build/dynamixel_sdk -- -j4 -l4
[6.843s] DEBUG:colcon.colcon_core.event_handler.log_command:Invoked command in '/home/ros2access/kaya_ws/build/dynamixel_sdk_custom_interfaces' returned '0': /usr/local/bin/cmake --build /home/ros2access/kaya_ws/build/dynamixel_sdk_custom_interfaces -- -j4 -l4
[7.057s] DEBUG:colcon.colcon_core.event_handler.log_command:Invoking command in '/home/ros2access/kaya_ws/build/dynamixel_sdk': /usr/local/bin/cmake --install /home/ros2access/kaya_ws/build/dynamixel_sdk
[7.324s] Level 1:colcon.colcon_core.environment:create_environment_scripts_only(dynamixel_sdk)
[7.336s] DEBUG:colcon.colcon_core.event_handler.log_command:Invoked command in '/home/ros2access/kaya_ws/build/dynamixel_sdk' returned '0': /usr/local/bin/cmake --install /home/ros2access/kaya_ws/build/dynamixel_sdk
[7.416s] Level 1:colcon.colcon_core.environment:checking '/home/ros2access/kaya_ws/install/dynamixel_sdk' for CMake module files
[7.419s] Level 1:colcon.colcon_core.environment:checking '/home/ros2access/kaya_ws/install/dynamixel_sdk' for CMake config files
[7.422s] Level 1:colcon.colcon_core.shell:create_environment_hook('dynamixel_sdk', 'cmake_prefix_path')
[7.461s] INFO:colcon.colcon_core.shell:Creating environment hook '/home/ros2access/kaya_ws/install/dynamixel_sdk/share/dynamixel_sdk/hook/cmake_prefix_path.ps1'
[7.467s] INFO:colcon.colcon_core.shell:Creating environment descriptor '/home/ros2access/kaya_ws/install/dynamixel_sdk/share/dynamixel_sdk/hook/cmake_prefix_path.dsv'
[7.472s] INFO:colcon.colcon_core.shell:Creating environment hook '/home/ros2access/kaya_ws/install/dynamixel_sdk/share/dynamixel_sdk/hook/cmake_prefix_path.sh'
[7.480s] Level 1:colcon.colcon_core.environment:checking '/home/ros2access/kaya_ws/install/dynamixel_sdk/lib'
[7.481s] Level 1:colcon.colcon_core.shell:create_environment_hook('dynamixel_sdk', 'ld_library_path_lib')
[7.521s] INFO:colcon.colcon_core.shell:Creating environment hook '/home/ros2access/kaya_ws/install/dynamixel_sdk/share/dynamixel_sdk/hook/ld_library_path_lib.ps1'
[7.523s] INFO:colcon.colcon_core.shell:Creating environment descriptor '/home/ros2access/kaya_ws/install/dynamixel_sdk/share/dynamixel_sdk/hook/ld_library_path_lib.dsv'
[7.525s] INFO:colcon.colcon_core.shell:Creating environment hook '/home/ros2access/kaya_ws/install/dynamixel_sdk/share/dynamixel_sdk/hook/ld_library_path_lib.sh'
[7.526s] Level 1:colcon.colcon_core.environment:checking '/home/ros2access/kaya_ws/install/dynamixel_sdk/bin'
[7.527s] Level 1:colcon.colcon_core.environment:checking '/home/ros2access/kaya_ws/install/dynamixel_sdk/lib/pkgconfig/dynamixel_sdk.pc'
[7.527s] Level 1:colcon.colcon_core.environment:checking '/home/ros2access/kaya_ws/install/dynamixel_sdk/lib/python3.6/site-packages'
[7.528s] Level 1:colcon.colcon_core.environment:checking '/home/ros2access/kaya_ws/install/dynamixel_sdk/bin'
[7.568s] INFO:colcon.colcon_core.shell:Creating package script '/home/ros2access/kaya_ws/install/dynamixel_sdk/share/dynamixel_sdk/package.ps1'
[7.575s] INFO:colcon.colcon_core.shell:Creating package descriptor '/home/ros2access/kaya_ws/install/dynamixel_sdk/share/dynamixel_sdk/package.dsv'
[7.579s] INFO:colcon.colcon_core.shell:Creating package script '/home/ros2access/kaya_ws/install/dynamixel_sdk/share/dynamixel_sdk/package.sh'
[7.584s] INFO:colcon.colcon_core.shell:Creating package script '/home/ros2access/kaya_ws/install/dynamixel_sdk/share/dynamixel_sdk/package.bash'
[7.591s] INFO:colcon.colcon_core.shell:Creating package script '/home/ros2access/kaya_ws/install/dynamixel_sdk/share/dynamixel_sdk/package.zsh'
[7.597s] Level 1:colcon.colcon_core.environment:create_file_with_runtime_dependencies(/home/ros2access/kaya_ws/install/dynamixel_sdk/share/colcon-core/packages/dynamixel_sdk)
[7.623s] DEBUG:colcon.colcon_core.event_handler.log_command:Invoking command in '/home/ros2access/kaya_ws/build/dynamixel_sdk_custom_interfaces': /usr/local/bin/cmake --install /home/ros2access/kaya_ws/build/dynamixel_sdk_custom_interfaces
[7.994s] Level 1:colcon.colcon_core.environment:create_environment_scripts_only(dynamixel_sdk)
[8.065s] Level 1:colcon.colcon_core.environment:checking '/home/ros2access/kaya_ws/install/dynamixel_sdk' for CMake module files
[8.069s] Level 1:colcon.colcon_core.environment:checking '/home/ros2access/kaya_ws/install/dynamixel_sdk' for CMake config files
[8.071s] Level 1:colcon.colcon_core.shell:create_environment_hook('dynamixel_sdk', 'cmake_prefix_path')
[8.114s] INFO:colcon.colcon_core.shell:Creating environment hook '/home/ros2access/kaya_ws/install/dynamixel_sdk/share/dynamixel_sdk/hook/cmake_prefix_path.ps1'
[8.117s] INFO:colcon.colcon_core.shell:Creating environment descriptor '/home/ros2access/kaya_ws/install/dynamixel_sdk/share/dynamixel_sdk/hook/cmake_prefix_path.dsv'
[8.120s] INFO:colcon.colcon_core.shell:Creating environment hook '/home/ros2access/kaya_ws/install/dynamixel_sdk/share/dynamixel_sdk/hook/cmake_prefix_path.sh'
[8.125s] Level 1:colcon.colcon_core.environment:checking '/home/ros2access/kaya_ws/install/dynamixel_sdk/lib'
[8.126s] Level 1:colcon.colcon_core.shell:create_environment_hook('dynamixel_sdk', 'ld_library_path_lib')
[8.174s] INFO:colcon.colcon_core.shell:Creating environment hook '/home/ros2access/kaya_ws/install/dynamixel_sdk/share/dynamixel_sdk/hook/ld_library_path_lib.ps1'
[8.181s] INFO:colcon.colcon_core.shell:Creating environment descriptor '/home/ros2access/kaya_ws/install/dynamixel_sdk/share/dynamixel_sdk/hook/ld_library_path_lib.dsv'
[8.183s] INFO:colcon.colcon_core.shell:Creating environment hook '/home/ros2access/kaya_ws/install/dynamixel_sdk/share/dynamixel_sdk/hook/ld_library_path_lib.sh'
[8.187s] Level 1:colcon.colcon_core.environment:checking '/home/ros2access/kaya_ws/install/dynamixel_sdk/bin'
[8.188s] Level 1:colcon.colcon_core.environment:checking '/home/ros2access/kaya_ws/install/dynamixel_sdk/lib/pkgconfig/dynamixel_sdk.pc'
[8.189s] Level 1:colcon.colcon_core.environment:checking '/home/ros2access/kaya_ws/install/dynamixel_sdk/lib/python3.6/site-packages'
[8.190s] Level 1:colcon.colcon_core.environment:checking '/home/ros2access/kaya_ws/install/dynamixel_sdk/bin'
[8.232s] INFO:colcon.colcon_core.shell:Creating package script '/home/ros2access/kaya_ws/install/dynamixel_sdk/share/dynamixel_sdk/package.ps1'
[8.235s] INFO:colcon.colcon_core.shell:Creating package descriptor '/home/ros2access/kaya_ws/install/dynamixel_sdk/share/dynamixel_sdk/package.dsv'
[8.238s] INFO:colcon.colcon_core.shell:Creating package script '/home/ros2access/kaya_ws/install/dynamixel_sdk/share/dynamixel_sdk/package.sh'
[8.240s] INFO:colcon.colcon_core.shell:Creating package script '/home/ros2access/kaya_ws/install/dynamixel_sdk/share/dynamixel_sdk/package.bash'
[8.242s] INFO:colcon.colcon_core.shell:Creating package script '/home/ros2access/kaya_ws/install/dynamixel_sdk/share/dynamixel_sdk/package.zsh'
[8.243s] Level 1:colcon.colcon_core.environment:create_file_with_runtime_dependencies(/home/ros2access/kaya_ws/install/dynamixel_sdk/share/colcon-core/packages/dynamixel_sdk)
[8.249s] Level 1:colcon.colcon_core.environment:create_environment_scripts_only(dynamixel_sdk_custom_interfaces)
[8.266s] DEBUG:colcon.colcon_core.event_handler.log_command:Invoked command in '/home/ros2access/kaya_ws/build/dynamixel_sdk_custom_interfaces' returned '0': /usr/local/bin/cmake --install /home/ros2access/kaya_ws/build/dynamixel_sdk_custom_interfaces
[8.307s] Level 1:colcon.colcon_core.environment:checking '/home/ros2access/kaya_ws/install/dynamixel_sdk_custom_interfaces' for CMake module files
[8.312s] Level 1:colcon.colcon_core.environment:checking '/home/ros2access/kaya_ws/install/dynamixel_sdk_custom_interfaces' for CMake config files
[8.321s] Level 1:colcon.colcon_core.shell:create_environment_hook('dynamixel_sdk_custom_interfaces', 'cmake_prefix_path')
[8.365s] INFO:colcon.colcon_core.shell:Creating environment hook '/home/ros2access/kaya_ws/install/dynamixel_sdk_custom_interfaces/share/dynamixel_sdk_custom_interfaces/hook/cmake_prefix_path.ps1'
[8.367s] INFO:colcon.colcon_core.shell:Creating environment descriptor '/home/ros2access/kaya_ws/install/dynamixel_sdk_custom_interfaces/share/dynamixel_sdk_custom_interfaces/hook/cmake_prefix_path.dsv'
[8.369s] INFO:colcon.colcon_core.shell:Creating environment hook '/home/ros2access/kaya_ws/install/dynamixel_sdk_custom_interfaces/share/dynamixel_sdk_custom_interfaces/hook/cmake_prefix_path.sh'
[8.373s] Level 1:colcon.colcon_core.environment:checking '/home/ros2access/kaya_ws/install/dynamixel_sdk_custom_interfaces/lib'
[8.373s] Level 1:colcon.colcon_core.shell:create_environment_hook('dynamixel_sdk_custom_interfaces', 'ld_library_path_lib')
[8.413s] INFO:colcon.colcon_core.shell:Creating environment hook '/home/ros2access/kaya_ws/install/dynamixel_sdk_custom_interfaces/share/dynamixel_sdk_custom_interfaces/hook/ld_library_path_lib.ps1'
[8.415s] INFO:colcon.colcon_core.shell:Creating environment descriptor '/home/ros2access/kaya_ws/install/dynamixel_sdk_custom_interfaces/share/dynamixel_sdk_custom_interfaces/hook/ld_library_path_lib.dsv'
[8.417s] INFO:colcon.colcon_core.shell:Creating environment hook '/home/ros2access/kaya_ws/install/dynamixel_sdk_custom_interfaces/share/dynamixel_sdk_custom_interfaces/hook/ld_library_path_lib.sh'
[8.418s] Level 1:colcon.colcon_core.environment:checking '/home/ros2access/kaya_ws/install/dynamixel_sdk_custom_interfaces/bin'
[8.419s] Level 1:colcon.colcon_core.environment:checking '/home/ros2access/kaya_ws/install/dynamixel_sdk_custom_interfaces/lib/pkgconfig/dynamixel_sdk_custom_interfaces.pc'
[8.420s] Level 1:colcon.colcon_core.environment:checking '/home/ros2access/kaya_ws/install/dynamixel_sdk_custom_interfaces/lib/python3.6/site-packages'
[8.420s] Level 1:colcon.colcon_core.shell:create_environment_hook('dynamixel_sdk_custom_interfaces', 'pythonpath')
[8.461s] INFO:colcon.colcon_core.shell:Creating environment hook '/home/ros2access/kaya_ws/install/dynamixel_sdk_custom_interfaces/share/dynamixel_sdk_custom_interfaces/hook/pythonpath.ps1'
[8.463s] INFO:colcon.colcon_core.shell:Creating environment descriptor '/home/ros2access/kaya_ws/install/dynamixel_sdk_custom_interfaces/share/dynamixel_sdk_custom_interfaces/hook/pythonpath.dsv'
[8.465s] INFO:colcon.colcon_core.shell:Creating environment hook '/home/ros2access/kaya_ws/install/dynamixel_sdk_custom_interfaces/share/dynamixel_sdk_custom_interfaces/hook/pythonpath.sh'
[8.467s] Level 1:colcon.colcon_core.environment:checking '/home/ros2access/kaya_ws/install/dynamixel_sdk_custom_interfaces/bin'
[8.510s] INFO:colcon.colcon_core.shell:Creating package script '/home/ros2access/kaya_ws/install/dynamixel_sdk_custom_interfaces/share/dynamixel_sdk_custom_interfaces/package.ps1'
[8.513s] INFO:colcon.colcon_core.shell:Creating package descriptor '/home/ros2access/kaya_ws/install/dynamixel_sdk_custom_interfaces/share/dynamixel_sdk_custom_interfaces/package.dsv'
[8.516s] INFO:colcon.colcon_core.shell:Creating package script '/home/ros2access/kaya_ws/install/dynamixel_sdk_custom_interfaces/share/dynamixel_sdk_custom_interfaces/package.sh'
[8.518s] INFO:colcon.colcon_core.shell:Creating package script '/home/ros2access/kaya_ws/install/dynamixel_sdk_custom_interfaces/share/dynamixel_sdk_custom_interfaces/package.bash'
[8.519s] INFO:colcon.colcon_core.shell:Creating package script '/home/ros2access/kaya_ws/install/dynamixel_sdk_custom_interfaces/share/dynamixel_sdk_custom_interfaces/package.zsh'
[8.522s] Level 1:colcon.colcon_core.environment:create_file_with_runtime_dependencies(/home/ros2access/kaya_ws/install/dynamixel_sdk_custom_interfaces/share/colcon-core/packages/dynamixel_sdk_custom_interfaces)
[9.019s] Level 1:colcon.colcon_core.environment:create_environment_scripts_only(dynamixel_sdk_custom_interfaces)
[9.075s] Level 1:colcon.colcon_core.environment:checking '/home/ros2access/kaya_ws/install/dynamixel_sdk_custom_interfaces' for CMake module files
[9.080s] Level 1:colcon.colcon_core.environment:checking '/home/ros2access/kaya_ws/install/dynamixel_sdk_custom_interfaces' for CMake config files
[9.086s] Level 1:colcon.colcon_core.shell:create_environment_hook('dynamixel_sdk_custom_interfaces', 'cmake_prefix_path')
[9.126s] INFO:colcon.colcon_core.shell:Creating environment hook '/home/ros2access/kaya_ws/install/dynamixel_sdk_custom_interfaces/share/dynamixel_sdk_custom_interfaces/hook/cmake_prefix_path.ps1'
[9.128s] INFO:colcon.colcon_core.shell:Creating environment descriptor '/home/ros2access/kaya_ws/install/dynamixel_sdk_custom_interfaces/share/dynamixel_sdk_custom_interfaces/hook/cmake_prefix_path.dsv'
[9.130s] INFO:colcon.colcon_core.shell:Creating environment hook '/home/ros2access/kaya_ws/install/dynamixel_sdk_custom_interfaces/share/dynamixel_sdk_custom_interfaces/hook/cmake_prefix_path.sh'
[9.134s] Level 1:colcon.colcon_core.environment:checking '/home/ros2access/kaya_ws/install/dynamixel_sdk_custom_interfaces/lib'
[9.135s] Level 1:colcon.colcon_core.shell:create_environment_hook('dynamixel_sdk_custom_interfaces', 'ld_library_path_lib')
[9.174s] INFO:colcon.colcon_core.shell:Creating environment hook '/home/ros2access/kaya_ws/install/dynamixel_sdk_custom_interfaces/share/dynamixel_sdk_custom_interfaces/hook/ld_library_path_lib.ps1'
[9.176s] INFO:colcon.colcon_core.shell:Creating environment descriptor '/home/ros2access/kaya_ws/install/dynamixel_sdk_custom_interfaces/share/dynamixel_sdk_custom_interfaces/hook/ld_library_path_lib.dsv'
[9.178s] INFO:colcon.colcon_core.shell:Creating environment hook '/home/ros2access/kaya_ws/install/dynamixel_sdk_custom_interfaces/share/dynamixel_sdk_custom_interfaces/hook/ld_library_path_lib.sh'
[9.180s] Level 1:colcon.colcon_core.environment:checking '/home/ros2access/kaya_ws/install/dynamixel_sdk_custom_interfaces/bin'
[9.181s] Level 1:colcon.colcon_core.environment:checking '/home/ros2access/kaya_ws/install/dynamixel_sdk_custom_interfaces/lib/pkgconfig/dynamixel_sdk_custom_interfaces.pc'
[9.182s] Level 1:colcon.colcon_core.environment:checking '/home/ros2access/kaya_ws/install/dynamixel_sdk_custom_interfaces/lib/python3.6/site-packages'
[9.182s] Level 1:colcon.colcon_core.shell:create_environment_hook('dynamixel_sdk_custom_interfaces', 'pythonpath')
[9.222s] INFO:colcon.colcon_core.shell:Creating environment hook '/home/ros2access/kaya_ws/install/dynamixel_sdk_custom_interfaces/share/dynamixel_sdk_custom_interfaces/hook/pythonpath.ps1'
[9.224s] INFO:colcon.colcon_core.shell:Creating environment descriptor '/home/ros2access/kaya_ws/install/dynamixel_sdk_custom_interfaces/share/dynamixel_sdk_custom_interfaces/hook/pythonpath.dsv'
[9.226s] INFO:colcon.colcon_core.shell:Creating environment hook '/home/ros2access/kaya_ws/install/dynamixel_sdk_custom_interfaces/share/dynamixel_sdk_custom_interfaces/hook/pythonpath.sh'
[9.228s] Level 1:colcon.colcon_core.environment:checking '/home/ros2access/kaya_ws/install/dynamixel_sdk_custom_interfaces/bin'
[9.267s] INFO:colcon.colcon_core.shell:Creating package script '/home/ros2access/kaya_ws/install/dynamixel_sdk_custom_interfaces/share/dynamixel_sdk_custom_interfaces/package.ps1'
[9.270s] INFO:colcon.colcon_core.shell:Creating package descriptor '/home/ros2access/kaya_ws/install/dynamixel_sdk_custom_interfaces/share/dynamixel_sdk_custom_interfaces/package.dsv'
[9.273s] INFO:colcon.colcon_core.shell:Creating package script '/home/ros2access/kaya_ws/install/dynamixel_sdk_custom_interfaces/share/dynamixel_sdk_custom_interfaces/package.sh'
[9.275s] INFO:colcon.colcon_core.shell:Creating package script '/home/ros2access/kaya_ws/install/dynamixel_sdk_custom_interfaces/share/dynamixel_sdk_custom_interfaces/package.bash'
[9.277s] INFO:colcon.colcon_core.shell:Creating package script '/home/ros2access/kaya_ws/install/dynamixel_sdk_custom_interfaces/share/dynamixel_sdk_custom_interfaces/package.zsh'
[9.279s] Level 1:colcon.colcon_core.environment:create_file_with_runtime_dependencies(/home/ros2access/kaya_ws/install/dynamixel_sdk_custom_interfaces/share/colcon-core/packages/dynamixel_sdk_custom_interfaces)
[9.281s] INFO:colcon.colcon_ros.task.ament_cmake.build:Building ROS package in '/home/ros2access/kaya_ws/src/DynamixelSDK/dynamixel_sdk_examples' with build type 'ament_cmake'
[9.282s] INFO:colcon.colcon_cmake.task.cmake.build:Building CMake package in '/home/ros2access/kaya_ws/src/DynamixelSDK/dynamixel_sdk_examples'
[9.328s] INFO:colcon.colcon_core.shell:Skip shell extension 'powershell' for command environment: Not usable outside of PowerShell
[9.328s] DEBUG:colcon.colcon_core.shell:Skip shell extension 'dsv' for command environment
[9.481s] DEBUG:colcon.colcon_core.event_handler.log_command:Invoking command in '/home/ros2access/kaya_ws/build/dynamixel_sdk_examples': CMAKE_PREFIX_PATH=/home/ros2access/kaya_ws/install/dynamixel_sdk_custom_interfaces:/home/ros2access/kaya_ws/install/dynamixel_sdk:/home/ros2access/kaya_ws/install/dynamixel_sdk_examples:/ros_deep_learning/install/ros_deep_learning:/opt/ros/foxy/install LD_LIBRARY_PATH=/home/ros2access/kaya_ws/install/dynamixel_sdk_custom_interfaces/lib:/home/ros2access/kaya_ws/install/dynamixel_sdk/lib:/opt/ros/foxy/install/opt/yaml_cpp_vendor/lib:/opt/ros/foxy/install/lib:/usr/local/cuda/lib64:/usr/local/cuda-10.2/targets/aarch64-linux/lib /usr/local/bin/cmake --build /home/ros2access/kaya_ws/build/dynamixel_sdk_examples -- -j4 -l4
