[3.206s] DEBUG:colcon:Command line arguments: ['/usr/bin/colcon', 'build']
[3.206s] DEBUG:colcon:Parsed command line arguments: Namespace(ament_cmake_args=None, base_paths=['.'], build_base='build', catkin_cmake_args=None, catkin_skip_building_tests=False, cmake_args=None, cmake_clean_cache=False, cmake_clean_first=False, cmake_force_configure=False, cmake_target=None, cmake_target_skip_unavailable=False, continue_on_error=False, event_handlers=None, executor='parallel', ignore_user_meta=False, install_base='install', log_base=None, log_level=None, main=<bound method BuildVerb.main of <colcon_core.verb.build.BuildVerb object at 0x7f88615550>>, merge_install=False, metas=['./colcon.meta'], packages_above=None, packages_above_and_dependencies=None, packages_above_depth=None, packages_end=None, packages_ignore=None, packages_ignore_regex=None, packages_select=None, packages_select_build_failed=False, packages_select_by_dep=None, packages_select_regex=None, packages_select_test_failures=False, packages_skip=None, packages_skip_build_finished=False, packages_skip_by_dep=None, packages_skip_regex=None, packages_skip_test_passed=False, packages_skip_up_to=None, packages_start=None, packages_up_to=None, packages_up_to_regex=None, parallel_workers=4, paths=None, symlink_install=False, test_result_base=None, verb_extension=<colcon_core.verb.build.BuildVerb object at 0x7f88615550>, verb_name='build', verb_parser=<colcon_defaults.argument_parser.defaults.DefaultArgumentsDecorator object at 0x7f8853e1d0>)
[3.488s] Level 1:colcon.colcon_core.package_discovery:discover_packages(colcon_meta) check parameters
[3.489s] Level 1:colcon.colcon_core.package_discovery:discover_packages(recursive) check parameters
[3.489s] Level 1:colcon.colcon_core.package_discovery:discover_packages(ignore) check parameters
[3.489s] Level 1:colcon.colcon_core.package_discovery:discover_packages(path) check parameters
[3.489s] Level 1:colcon.colcon_core.package_discovery:discover_packages(colcon_meta) discover
[3.491s] Level 1:colcon.colcon_core.package_discovery:discover_packages(recursive) discover
[3.491s] INFO:colcon.colcon_core.package_discovery:Crawling recursively for packages in '/home/ros2access/kaya_ws'
[3.491s] Level 1:colcon.colcon_core.package_identification:_identify(.) by extensions ['ignore', 'ignore_ament_install']
[3.492s] Level 1:colcon.colcon_core.package_identification:_identify(.) by extension 'ignore'
[3.492s] Level 1:colcon.colcon_core.package_identification:_identify(.) by extension 'ignore_ament_install'
[3.492s] Level 1:colcon.colcon_core.package_identification:_identify(.) by extensions ['colcon_pkg']
[3.493s] Level 1:colcon.colcon_core.package_identification:_identify(.) by extension 'colcon_pkg'
[3.493s] Level 1:colcon.colcon_core.package_identification:_identify(.) by extensions ['colcon_meta']
[3.493s] Level 1:colcon.colcon_core.package_identification:_identify(.) by extension 'colcon_meta'
[3.493s] Level 1:colcon.colcon_core.package_identification:_identify(.) by extensions ['ros']
[3.494s] Level 1:colcon.colcon_core.package_identification:_identify(.) by extension 'ros'
[3.739s] Level 1:colcon.colcon_core.package_identification:_identify(.) by extensions ['cmake', 'python']
[3.740s] Level 1:colcon.colcon_core.package_identification:_identify(.) by extension 'cmake'
[3.740s] Level 1:colcon.colcon_core.package_identification:_identify(.) by extension 'python'
[3.740s] Level 1:colcon.colcon_core.package_identification:_identify(.) by extensions ['python_setup_py']
[3.740s] Level 1:colcon.colcon_core.package_identification:_identify(.) by extension 'python_setup_py'
[3.741s] Level 1:colcon.colcon_core.package_identification:_identify(build) by extensions ['ignore', 'ignore_ament_install']
[3.741s] Level 1:colcon.colcon_core.package_identification:_identify(build) by extension 'ignore'
[3.742s] Level 1:colcon.colcon_core.package_identification:_identify(build) ignored
[3.744s] Level 1:colcon.colcon_core.package_identification:_identify(install) by extensions ['ignore', 'ignore_ament_install']
[3.744s] Level 1:colcon.colcon_core.package_identification:_identify(install) by extension 'ignore'
[3.744s] Level 1:colcon.colcon_core.package_identification:_identify(install) ignored
[3.745s] Level 1:colcon.colcon_core.package_identification:_identify(log) by extensions ['ignore', 'ignore_ament_install']
[3.745s] Level 1:colcon.colcon_core.package_identification:_identify(log) by extension 'ignore'
[3.745s] Level 1:colcon.colcon_core.package_identification:_identify(log) ignored
[3.746s] Level 1:colcon.colcon_core.package_identification:_identify(src) by extensions ['ignore', 'ignore_ament_install']
[3.746s] Level 1:colcon.colcon_core.package_identification:_identify(src) by extension 'ignore'
[3.747s] Level 1:colcon.colcon_core.package_identification:_identify(src) by extension 'ignore_ament_install'
[3.747s] Level 1:colcon.colcon_core.package_identification:_identify(src) by extensions ['colcon_pkg']
[3.747s] Level 1:colcon.colcon_core.package_identification:_identify(src) by extension 'colcon_pkg'
[3.747s] Level 1:colcon.colcon_core.package_identification:_identify(src) by extensions ['colcon_meta']
[3.748s] Level 1:colcon.colcon_core.package_identification:_identify(src) by extension 'colcon_meta'
[3.748s] Level 1:colcon.colcon_core.package_identification:_identify(src) by extensions ['ros']
[3.748s] Level 1:colcon.colcon_core.package_identification:_identify(src) by extension 'ros'
[3.749s] Level 1:colcon.colcon_core.package_identification:_identify(src) by extensions ['cmake', 'python']
[3.749s] Level 1:colcon.colcon_core.package_identification:_identify(src) by extension 'cmake'
[3.749s] Level 1:colcon.colcon_core.package_identification:_identify(src) by extension 'python'
[3.749s] Level 1:colcon.colcon_core.package_identification:_identify(src) by extensions ['python_setup_py']
[3.750s] Level 1:colcon.colcon_core.package_identification:_identify(src) by extension 'python_setup_py'
[3.750s] Level 1:colcon.colcon_core.package_identification:_identify(src/DynamixelSDK) by extensions ['ignore', 'ignore_ament_install']
[3.751s] Level 1:colcon.colcon_core.package_identification:_identify(src/DynamixelSDK) by extension 'ignore'
[3.751s] Level 1:colcon.colcon_core.package_identification:_identify(src/DynamixelSDK) by extension 'ignore_ament_install'
[3.751s] Level 1:colcon.colcon_core.package_identification:_identify(src/DynamixelSDK) by extensions ['colcon_pkg']
[3.751s] Level 1:colcon.colcon_core.package_identification:_identify(src/DynamixelSDK) by extension 'colcon_pkg'
[3.752s] Level 1:colcon.colcon_core.package_identification:_identify(src/DynamixelSDK) by extensions ['colcon_meta']
[3.752s] Level 1:colcon.colcon_core.package_identification:_identify(src/DynamixelSDK) by extension 'colcon_meta'
[3.752s] Level 1:colcon.colcon_core.package_identification:_identify(src/DynamixelSDK) by extensions ['ros']
[3.753s] Level 1:colcon.colcon_core.package_identification:_identify(src/DynamixelSDK) by extension 'ros'
[3.753s] Level 1:colcon.colcon_core.package_identification:_identify(src/DynamixelSDK) by extensions ['cmake', 'python']
[3.753s] Level 1:colcon.colcon_core.package_identification:_identify(src/DynamixelSDK) by extension 'cmake'
[3.754s] Level 1:colcon.colcon_core.package_identification:_identify(src/DynamixelSDK) by extension 'python'
[3.754s] Level 1:colcon.colcon_core.package_identification:_identify(src/DynamixelSDK) by extensions ['python_setup_py']
[3.754s] Level 1:colcon.colcon_core.package_identification:_identify(src/DynamixelSDK) by extension 'python_setup_py'
[3.755s] Level 1:colcon.colcon_core.package_identification:_identify(src/DynamixelSDK/dynamixel_sdk) by extensions ['ignore', 'ignore_ament_install']
[3.755s] Level 1:colcon.colcon_core.package_identification:_identify(src/DynamixelSDK/dynamixel_sdk) by extension 'ignore'
[3.756s] Level 1:colcon.colcon_core.package_identification:_identify(src/DynamixelSDK/dynamixel_sdk) by extension 'ignore_ament_install'
[3.756s] Level 1:colcon.colcon_core.package_identification:_identify(src/DynamixelSDK/dynamixel_sdk) by extensions ['colcon_pkg']
[3.756s] Level 1:colcon.colcon_core.package_identification:_identify(src/DynamixelSDK/dynamixel_sdk) by extension 'colcon_pkg'
[3.757s] Level 1:colcon.colcon_core.package_identification:_identify(src/DynamixelSDK/dynamixel_sdk) by extensions ['colcon_meta']
[3.757s] Level 1:colcon.colcon_core.package_identification:_identify(src/DynamixelSDK/dynamixel_sdk) by extension 'colcon_meta'
[3.757s] Level 1:colcon.colcon_core.package_identification:_identify(src/DynamixelSDK/dynamixel_sdk) by extensions ['ros']
[3.757s] Level 1:colcon.colcon_core.package_identification:_identify(src/DynamixelSDK/dynamixel_sdk) by extension 'ros'
[3.779s] DEBUG:colcon.colcon_core.package_identification:Package 'src/DynamixelSDK/dynamixel_sdk' with type 'ros.ament_cmake' and name 'dynamixel_sdk'
[3.780s] Level 1:colcon.colcon_core.package_identification:_identify(src/DynamixelSDK/dynamixel_sdk_custom_interfaces) by extensions ['ignore', 'ignore_ament_install']
[3.781s] Level 1:colcon.colcon_core.package_identification:_identify(src/DynamixelSDK/dynamixel_sdk_custom_interfaces) by extension 'ignore'
[3.781s] Level 1:colcon.colcon_core.package_identification:_identify(src/DynamixelSDK/dynamixel_sdk_custom_interfaces) by extension 'ignore_ament_install'
[3.781s] Level 1:colcon.colcon_core.package_identification:_identify(src/DynamixelSDK/dynamixel_sdk_custom_interfaces) by extensions ['colcon_pkg']
[3.782s] Level 1:colcon.colcon_core.package_identification:_identify(src/DynamixelSDK/dynamixel_sdk_custom_interfaces) by extension 'colcon_pkg'
[3.782s] Level 1:colcon.colcon_core.package_identification:_identify(src/DynamixelSDK/dynamixel_sdk_custom_interfaces) by extensions ['colcon_meta']
[3.782s] Level 1:colcon.colcon_core.package_identification:_identify(src/DynamixelSDK/dynamixel_sdk_custom_interfaces) by extension 'colcon_meta'
[3.782s] Level 1:colcon.colcon_core.package_identification:_identify(src/DynamixelSDK/dynamixel_sdk_custom_interfaces) by extensions ['ros']
[3.783s] Level 1:colcon.colcon_core.package_identification:_identify(src/DynamixelSDK/dynamixel_sdk_custom_interfaces) by extension 'ros'
[3.787s] DEBUG:colcon.colcon_core.package_identification:Package 'src/DynamixelSDK/dynamixel_sdk_custom_interfaces' with type 'ros.ament_cmake' and name 'dynamixel_sdk_custom_interfaces'
[3.787s] Level 1:colcon.colcon_core.package_identification:_identify(src/DynamixelSDK/dynamixel_sdk_examples) by extensions ['ignore', 'ignore_ament_install']
[3.788s] Level 1:colcon.colcon_core.package_identification:_identify(src/DynamixelSDK/dynamixel_sdk_examples) by extension 'ignore'
[3.788s] Level 1:colcon.colcon_core.package_identification:_identify(src/DynamixelSDK/dynamixel_sdk_examples) by extension 'ignore_ament_install'
[3.789s] Level 1:colcon.colcon_core.package_identification:_identify(src/DynamixelSDK/dynamixel_sdk_examples) by extensions ['colcon_pkg']
[3.789s] Level 1:colcon.colcon_core.package_identification:_identify(src/DynamixelSDK/dynamixel_sdk_examples) by extension 'colcon_pkg'
[3.789s] Level 1:colcon.colcon_core.package_identification:_identify(src/DynamixelSDK/dynamixel_sdk_examples) by extensions ['colcon_meta']
[3.789s] Level 1:colcon.colcon_core.package_identification:_identify(src/DynamixelSDK/dynamixel_sdk_examples) by extension 'colcon_meta'
[3.790s] Level 1:colcon.colcon_core.package_identification:_identify(src/DynamixelSDK/dynamixel_sdk_examples) by extensions ['ros']
[3.790s] Level 1:colcon.colcon_core.package_identification:_identify(src/DynamixelSDK/dynamixel_sdk_examples) by extension 'ros'
[3.795s] DEBUG:colcon.colcon_core.package_identification:Package 'src/DynamixelSDK/dynamixel_sdk_examples' with type 'ros.ament_cmake' and name 'dynamixel_sdk_examples'
[3.795s] Level 1:colcon.colcon_core.package_discovery:discover_packages(recursive) using defaults
[3.796s] Level 1:colcon.colcon_core.package_discovery:discover_packages(ignore) discover
[3.796s] Level 1:colcon.colcon_core.package_discovery:discover_packages(ignore) using defaults
[3.797s] Level 1:colcon.colcon_core.package_discovery:discover_packages(path) discover
[3.797s] Level 1:colcon.colcon_core.package_discovery:discover_packages(path) using defaults
[4.062s] Level 5:colcon.colcon_core.verb:set package 'dynamixel_sdk' build argument 'cmake_args' from command line to 'None'
[4.062s] Level 5:colcon.colcon_core.verb:set package 'dynamixel_sdk' build argument 'cmake_target' from command line to 'None'
[4.062s] Level 5:colcon.colcon_core.verb:set package 'dynamixel_sdk' build argument 'cmake_target_skip_unavailable' from command line to 'False'
[4.063s] Level 5:colcon.colcon_core.verb:set package 'dynamixel_sdk' build argument 'cmake_clean_cache' from command line to 'False'
[4.063s] Level 5:colcon.colcon_core.verb:set package 'dynamixel_sdk' build argument 'cmake_clean_first' from command line to 'False'
[4.063s] Level 5:colcon.colcon_core.verb:set package 'dynamixel_sdk' build argument 'cmake_force_configure' from command line to 'False'
[4.063s] Level 5:colcon.colcon_core.verb:set package 'dynamixel_sdk' build argument 'ament_cmake_args' from command line to 'None'
[4.063s] Level 5:colcon.colcon_core.verb:set package 'dynamixel_sdk' build argument 'catkin_cmake_args' from command line to 'None'
[4.063s] Level 5:colcon.colcon_core.verb:set package 'dynamixel_sdk' build argument 'catkin_skip_building_tests' from command line to 'False'
[4.064s] DEBUG:colcon.colcon_core.verb:Building package 'dynamixel_sdk' with the following arguments: {'ament_cmake_args': None, 'build_base': '/home/ros2access/kaya_ws/build/dynamixel_sdk', 'catkin_cmake_args': None, 'catkin_skip_building_tests': False, 'cmake_args': None, 'cmake_clean_cache': False, 'cmake_clean_first': False, 'cmake_force_configure': False, 'cmake_target': None, 'cmake_target_skip_unavailable': False, 'install_base': '/home/ros2access/kaya_ws/install/dynamixel_sdk', 'merge_install': False, 'path': '/home/ros2access/kaya_ws/src/DynamixelSDK/dynamixel_sdk', 'symlink_install': False, 'test_result_base': None}
[4.082s] Level 5:colcon.colcon_core.verb:set package 'dynamixel_sdk_custom_interfaces' build argument 'cmake_args' from command line to 'None'
[4.082s] Level 5:colcon.colcon_core.verb:set package 'dynamixel_sdk_custom_interfaces' build argument 'cmake_target' from command line to 'None'
[4.083s] Level 5:colcon.colcon_core.verb:set package 'dynamixel_sdk_custom_interfaces' build argument 'cmake_target_skip_unavailable' from command line to 'False'
[4.083s] Level 5:colcon.colcon_core.verb:set package 'dynamixel_sdk_custom_interfaces' build argument 'cmake_clean_cache' from command line to 'False'
[4.083s] Level 5:colcon.colcon_core.verb:set package 'dynamixel_sdk_custom_interfaces' build argument 'cmake_clean_first' from command line to 'False'
[4.083s] Level 5:colcon.colcon_core.verb:set package 'dynamixel_sdk_custom_interfaces' build argument 'cmake_force_configure' from command line to 'False'
[4.083s] Level 5:colcon.colcon_core.verb:set package 'dynamixel_sdk_custom_interfaces' build argument 'ament_cmake_args' from command line to 'None'
[4.084s] Level 5:colcon.colcon_core.verb:set package 'dynamixel_sdk_custom_interfaces' build argument 'catkin_cmake_args' from command line to 'None'
[4.084s] Level 5:colcon.colcon_core.verb:set package 'dynamixel_sdk_custom_interfaces' build argument 'catkin_skip_building_tests' from command line to 'False'
[4.084s] DEBUG:colcon.colcon_core.verb:Building package 'dynamixel_sdk_custom_interfaces' with the following arguments: {'ament_cmake_args': None, 'build_base': '/home/ros2access/kaya_ws/build/dynamixel_sdk_custom_interfaces', 'catkin_cmake_args': None, 'catkin_skip_building_tests': False, 'cmake_args': None, 'cmake_clean_cache': False, 'cmake_clean_first': False, 'cmake_force_configure': False, 'cmake_target': None, 'cmake_target_skip_unavailable': False, 'install_base': '/home/ros2access/kaya_ws/install/dynamixel_sdk_custom_interfaces', 'merge_install': False, 'path': '/home/ros2access/kaya_ws/src/DynamixelSDK/dynamixel_sdk_custom_interfaces', 'symlink_install': False, 'test_result_base': None}
[4.102s] Level 5:colcon.colcon_core.verb:set package 'dynamixel_sdk_examples' build argument 'cmake_args' from command line to 'None'
[4.102s] Level 5:colcon.colcon_core.verb:set package 'dynamixel_sdk_examples' build argument 'cmake_target' from command line to 'None'
[4.102s] Level 5:colcon.colcon_core.verb:set package 'dynamixel_sdk_examples' build argument 'cmake_target_skip_unavailable' from command line to 'False'
[4.102s] Level 5:colcon.colcon_core.verb:set package 'dynamixel_sdk_examples' build argument 'cmake_clean_cache' from command line to 'False'
[4.102s] Level 5:colcon.colcon_core.verb:set package 'dynamixel_sdk_examples' build argument 'cmake_clean_first' from command line to 'False'
[4.103s] Level 5:colcon.colcon_core.verb:set package 'dynamixel_sdk_examples' build argument 'cmake_force_configure' from command line to 'False'
[4.103s] Level 5:colcon.colcon_core.verb:set package 'dynamixel_sdk_examples' build argument 'ament_cmake_args' from command line to 'None'
[4.103s] Level 5:colcon.colcon_core.verb:set package 'dynamixel_sdk_examples' build argument 'catkin_cmake_args' from command line to 'None'
[4.103s] Level 5:colcon.colcon_core.verb:set package 'dynamixel_sdk_examples' build argument 'catkin_skip_building_tests' from command line to 'False'
[4.103s] DEBUG:colcon.colcon_core.verb:Building package 'dynamixel_sdk_examples' with the following arguments: {'ament_cmake_args': None, 'build_base': '/home/ros2access/kaya_ws/build/dynamixel_sdk_examples', 'catkin_cmake_args': None, 'catkin_skip_building_tests': False, 'cmake_args': None, 'cmake_clean_cache': False, 'cmake_clean_first': False, 'cmake_force_configure': False, 'cmake_target': None, 'cmake_target_skip_unavailable': False, 'install_base': '/home/ros2access/kaya_ws/install/dynamixel_sdk_examples', 'merge_install': False, 'path': '/home/ros2access/kaya_ws/src/DynamixelSDK/dynamixel_sdk_examples', 'symlink_install': False, 'test_result_base': None}
[4.118s] INFO:colcon.colcon_core.executor:Executing jobs using 'parallel' executor
[4.205s] DEBUG:colcon.colcon_parallel_executor.executor.parallel:run_until_complete
[4.206s] INFO:colcon.colcon_ros.task.ament_cmake.build:Building ROS package in '/home/ros2access/kaya_ws/src/DynamixelSDK/dynamixel_sdk' with build type 'ament_cmake'
[4.206s] INFO:colcon.colcon_cmake.task.cmake.build:Building CMake package in '/home/ros2access/kaya_ws/src/DynamixelSDK/dynamixel_sdk'
[4.273s] INFO:colcon.colcon_core.plugin_system:Skipping extension 'colcon_core.shell.bat': Not used on non-Windows systems
[4.274s] INFO:colcon.colcon_core.shell:Skip shell extension 'powershell' for command environment: Not usable outside of PowerShell
[4.274s] DEBUG:colcon.colcon_core.shell:Skip shell extension 'dsv' for command environment
[4.410s] INFO:colcon.colcon_ros.task.ament_cmake.build:Building ROS package in '/home/ros2access/kaya_ws/src/DynamixelSDK/dynamixel_sdk_custom_interfaces' with build type 'ament_cmake'
[4.411s] INFO:colcon.colcon_cmake.task.cmake.build:Building CMake package in '/home/ros2access/kaya_ws/src/DynamixelSDK/dynamixel_sdk_custom_interfaces'
[4.456s] INFO:colcon.colcon_core.shell:Skip shell extension 'powershell' for command environment: Not usable outside of PowerShell
[4.456s] DEBUG:colcon.colcon_core.shell:Skip shell extension 'dsv' for command environment
[4.579s] DEBUG:colcon.colcon_core.event_handler.log_command:Invoking command in '/home/ros2access/kaya_ws/build/dynamixel_sdk': /usr/local/bin/cmake --build /home/ros2access/kaya_ws/build/dynamixel_sdk -- -j4 -l4
[4.613s] DEBUG:colcon.colcon_core.event_handler.log_command:Invoking command in '/home/ros2access/kaya_ws/build/dynamixel_sdk_custom_interfaces': /usr/local/bin/cmake --build /home/ros2access/kaya_ws/build/dynamixel_sdk_custom_interfaces -- -j4 -l4
[5.134s] DEBUG:colcon.colcon_core.event_handler.log_command:Invoked command in '/home/ros2access/kaya_ws/build/dynamixel_sdk' returned '0': /usr/local/bin/cmake --build /home/ros2access/kaya_ws/build/dynamixel_sdk -- -j4 -l4
[5.428s] DEBUG:colcon.colcon_core.event_handler.log_command:Invoked command in '/home/ros2access/kaya_ws/build/dynamixel_sdk_custom_interfaces' returned '0': /usr/local/bin/cmake --build /home/ros2access/kaya_ws/build/dynamixel_sdk_custom_interfaces -- -j4 -l4
[5.687s] DEBUG:colcon.colcon_core.event_handler.log_command:Invoking command in '/home/ros2access/kaya_ws/build/dynamixel_sdk': /usr/local/bin/cmake --install /home/ros2access/kaya_ws/build/dynamixel_sdk
[5.922s] DEBUG:colcon.colcon_core.event_handler.log_command:Invoking command in '/home/ros2access/kaya_ws/build/dynamixel_sdk_custom_interfaces': /usr/local/bin/cmake --install /home/ros2access/kaya_ws/build/dynamixel_sdk_custom_interfaces
[5.940s] Level 1:colcon.colcon_core.environment:create_environment_scripts_only(dynamixel_sdk)
[5.952s] DEBUG:colcon.colcon_core.event_handler.log_command:Invoked command in '/home/ros2access/kaya_ws/build/dynamixel_sdk' returned '0': /usr/local/bin/cmake --install /home/ros2access/kaya_ws/build/dynamixel_sdk
[6.027s] Level 1:colcon.colcon_core.environment:checking '/home/ros2access/kaya_ws/install/dynamixel_sdk' for CMake module files
[6.032s] Level 1:colcon.colcon_core.environment:checking '/home/ros2access/kaya_ws/install/dynamixel_sdk' for CMake config files
[6.035s] Level 1:colcon.colcon_core.shell:create_environment_hook('dynamixel_sdk', 'cmake_prefix_path')
[6.076s] INFO:colcon.colcon_core.shell:Creating environment hook '/home/ros2access/kaya_ws/install/dynamixel_sdk/share/dynamixel_sdk/hook/cmake_prefix_path.ps1'
[6.082s] INFO:colcon.colcon_core.shell:Creating environment descriptor '/home/ros2access/kaya_ws/install/dynamixel_sdk/share/dynamixel_sdk/hook/cmake_prefix_path.dsv'
[6.087s] INFO:colcon.colcon_core.shell:Creating environment hook '/home/ros2access/kaya_ws/install/dynamixel_sdk/share/dynamixel_sdk/hook/cmake_prefix_path.sh'
[6.154s] Level 1:colcon.colcon_core.environment:checking '/home/ros2access/kaya_ws/install/dynamixel_sdk/lib'
[6.156s] Level 1:colcon.colcon_core.shell:create_environment_hook('dynamixel_sdk', 'ld_library_path_lib')
[6.204s] INFO:colcon.colcon_core.shell:Creating environment hook '/home/ros2access/kaya_ws/install/dynamixel_sdk/share/dynamixel_sdk/hook/ld_library_path_lib.ps1'
[6.208s] INFO:colcon.colcon_core.shell:Creating environment descriptor '/home/ros2access/kaya_ws/install/dynamixel_sdk/share/dynamixel_sdk/hook/ld_library_path_lib.dsv'
[6.211s] INFO:colcon.colcon_core.shell:Creating environment hook '/home/ros2access/kaya_ws/install/dynamixel_sdk/share/dynamixel_sdk/hook/ld_library_path_lib.sh'
[6.215s] Level 1:colcon.colcon_core.environment:checking '/home/ros2access/kaya_ws/install/dynamixel_sdk/bin'
[6.216s] Level 1:colcon.colcon_core.environment:checking '/home/ros2access/kaya_ws/install/dynamixel_sdk/lib/pkgconfig/dynamixel_sdk.pc'
[6.217s] Level 1:colcon.colcon_core.environment:checking '/home/ros2access/kaya_ws/install/dynamixel_sdk/lib/python3.6/site-packages'
[6.218s] Level 1:colcon.colcon_core.environment:checking '/home/ros2access/kaya_ws/install/dynamixel_sdk/bin'
[6.264s] INFO:colcon.colcon_core.shell:Creating package script '/home/ros2access/kaya_ws/install/dynamixel_sdk/share/dynamixel_sdk/package.ps1'
[6.271s] INFO:colcon.colcon_core.shell:Creating package descriptor '/home/ros2access/kaya_ws/install/dynamixel_sdk/share/dynamixel_sdk/package.dsv'
[6.282s] INFO:colcon.colcon_core.shell:Creating package script '/home/ros2access/kaya_ws/install/dynamixel_sdk/share/dynamixel_sdk/package.sh'
[6.290s] INFO:colcon.colcon_core.shell:Creating package script '/home/ros2access/kaya_ws/install/dynamixel_sdk/share/dynamixel_sdk/package.bash'
[6.297s] INFO:colcon.colcon_core.shell:Creating package script '/home/ros2access/kaya_ws/install/dynamixel_sdk/share/dynamixel_sdk/package.zsh'
[6.304s] Level 1:colcon.colcon_core.environment:create_file_with_runtime_dependencies(/home/ros2access/kaya_ws/install/dynamixel_sdk/share/colcon-core/packages/dynamixel_sdk)
[6.501s] Level 1:colcon.colcon_core.environment:create_environment_scripts_only(dynamixel_sdk_custom_interfaces)
[6.513s] DEBUG:colcon.colcon_core.event_handler.log_command:Invoked command in '/home/ros2access/kaya_ws/build/dynamixel_sdk_custom_interfaces' returned '0': /usr/local/bin/cmake --install /home/ros2access/kaya_ws/build/dynamixel_sdk_custom_interfaces
[6.566s] Level 1:colcon.colcon_core.environment:checking '/home/ros2access/kaya_ws/install/dynamixel_sdk_custom_interfaces' for CMake module files
[6.571s] Level 1:colcon.colcon_core.environment:checking '/home/ros2access/kaya_ws/install/dynamixel_sdk_custom_interfaces' for CMake config files
[6.577s] Level 1:colcon.colcon_core.shell:create_environment_hook('dynamixel_sdk_custom_interfaces', 'cmake_prefix_path')
[6.623s] INFO:colcon.colcon_core.shell:Creating environment hook '/home/ros2access/kaya_ws/install/dynamixel_sdk_custom_interfaces/share/dynamixel_sdk_custom_interfaces/hook/cmake_prefix_path.ps1'
[6.625s] INFO:colcon.colcon_core.shell:Creating environment descriptor '/home/ros2access/kaya_ws/install/dynamixel_sdk_custom_interfaces/share/dynamixel_sdk_custom_interfaces/hook/cmake_prefix_path.dsv'
[6.627s] INFO:colcon.colcon_core.shell:Creating environment hook '/home/ros2access/kaya_ws/install/dynamixel_sdk_custom_interfaces/share/dynamixel_sdk_custom_interfaces/hook/cmake_prefix_path.sh'
[6.632s] Level 1:colcon.colcon_core.environment:checking '/home/ros2access/kaya_ws/install/dynamixel_sdk_custom_interfaces/lib'
[6.632s] Level 1:colcon.colcon_core.shell:create_environment_hook('dynamixel_sdk_custom_interfaces', 'ld_library_path_lib')
[6.672s] INFO:colcon.colcon_core.shell:Creating environment hook '/home/ros2access/kaya_ws/install/dynamixel_sdk_custom_interfaces/share/dynamixel_sdk_custom_interfaces/hook/ld_library_path_lib.ps1'
[6.674s] INFO:colcon.colcon_core.shell:Creating environment descriptor '/home/ros2access/kaya_ws/install/dynamixel_sdk_custom_interfaces/share/dynamixel_sdk_custom_interfaces/hook/ld_library_path_lib.dsv'
[6.675s] INFO:colcon.colcon_core.shell:Creating environment hook '/home/ros2access/kaya_ws/install/dynamixel_sdk_custom_interfaces/share/dynamixel_sdk_custom_interfaces/hook/ld_library_path_lib.sh'
[6.677s] Level 1:colcon.colcon_core.environment:checking '/home/ros2access/kaya_ws/install/dynamixel_sdk_custom_interfaces/bin'
[6.677s] Level 1:colcon.colcon_core.environment:checking '/home/ros2access/kaya_ws/install/dynamixel_sdk_custom_interfaces/lib/pkgconfig/dynamixel_sdk_custom_interfaces.pc'
[6.678s] Level 1:colcon.colcon_core.environment:checking '/home/ros2access/kaya_ws/install/dynamixel_sdk_custom_interfaces/lib/python3.6/site-packages'
[6.679s] Level 1:colcon.colcon_core.shell:create_environment_hook('dynamixel_sdk_custom_interfaces', 'pythonpath')
[6.717s] INFO:colcon.colcon_core.shell:Creating environment hook '/home/ros2access/kaya_ws/install/dynamixel_sdk_custom_interfaces/share/dynamixel_sdk_custom_interfaces/hook/pythonpath.ps1'
[6.719s] INFO:colcon.colcon_core.shell:Creating environment descriptor '/home/ros2access/kaya_ws/install/dynamixel_sdk_custom_interfaces/share/dynamixel_sdk_custom_interfaces/hook/pythonpath.dsv'
[6.720s] INFO:colcon.colcon_core.shell:Creating environment hook '/home/ros2access/kaya_ws/install/dynamixel_sdk_custom_interfaces/share/dynamixel_sdk_custom_interfaces/hook/pythonpath.sh'
[6.723s] Level 1:colcon.colcon_core.environment:checking '/home/ros2access/kaya_ws/install/dynamixel_sdk_custom_interfaces/bin'
[6.761s] INFO:colcon.colcon_core.shell:Creating package script '/home/ros2access/kaya_ws/install/dynamixel_sdk_custom_interfaces/share/dynamixel_sdk_custom_interfaces/package.ps1'
[6.764s] INFO:colcon.colcon_core.shell:Creating package descriptor '/home/ros2access/kaya_ws/install/dynamixel_sdk_custom_interfaces/share/dynamixel_sdk_custom_interfaces/package.dsv'
[6.766s] INFO:colcon.colcon_core.shell:Creating package script '/home/ros2access/kaya_ws/install/dynamixel_sdk_custom_interfaces/share/dynamixel_sdk_custom_interfaces/package.sh'
[6.768s] INFO:colcon.colcon_core.shell:Creating package script '/home/ros2access/kaya_ws/install/dynamixel_sdk_custom_interfaces/share/dynamixel_sdk_custom_interfaces/package.bash'
[6.769s] INFO:colcon.colcon_core.shell:Creating package script '/home/ros2access/kaya_ws/install/dynamixel_sdk_custom_interfaces/share/dynamixel_sdk_custom_interfaces/package.zsh'
[6.771s] Level 1:colcon.colcon_core.environment:create_file_with_runtime_dependencies(/home/ros2access/kaya_ws/install/dynamixel_sdk_custom_interfaces/share/colcon-core/packages/dynamixel_sdk_custom_interfaces)
[6.827s] Level 1:colcon.colcon_core.environment:create_environment_scripts_only(dynamixel_sdk)
[6.883s] Level 1:colcon.colcon_core.environment:checking '/home/ros2access/kaya_ws/install/dynamixel_sdk' for CMake module files
[6.888s] Level 1:colcon.colcon_core.environment:checking '/home/ros2access/kaya_ws/install/dynamixel_sdk' for CMake config files
[6.890s] Level 1:colcon.colcon_core.shell:create_environment_hook('dynamixel_sdk', 'cmake_prefix_path')
[6.931s] INFO:colcon.colcon_core.shell:Creating environment hook '/home/ros2access/kaya_ws/install/dynamixel_sdk/share/dynamixel_sdk/hook/cmake_prefix_path.ps1'
[6.933s] INFO:colcon.colcon_core.shell:Creating environment descriptor '/home/ros2access/kaya_ws/install/dynamixel_sdk/share/dynamixel_sdk/hook/cmake_prefix_path.dsv'
[6.935s] INFO:colcon.colcon_core.shell:Creating environment hook '/home/ros2access/kaya_ws/install/dynamixel_sdk/share/dynamixel_sdk/hook/cmake_prefix_path.sh'
[6.938s] Level 1:colcon.colcon_core.environment:checking '/home/ros2access/kaya_ws/install/dynamixel_sdk/lib'
[6.939s] Level 1:colcon.colcon_core.shell:create_environment_hook('dynamixel_sdk', 'ld_library_path_lib')
[6.979s] INFO:colcon.colcon_core.shell:Creating environment hook '/home/ros2access/kaya_ws/install/dynamixel_sdk/share/dynamixel_sdk/hook/ld_library_path_lib.ps1'
[6.981s] INFO:colcon.colcon_core.shell:Creating environment descriptor '/home/ros2access/kaya_ws/install/dynamixel_sdk/share/dynamixel_sdk/hook/ld_library_path_lib.dsv'
[6.983s] INFO:colcon.colcon_core.shell:Creating environment hook '/home/ros2access/kaya_ws/install/dynamixel_sdk/share/dynamixel_sdk/hook/ld_library_path_lib.sh'
[6.985s] Level 1:colcon.colcon_core.environment:checking '/home/ros2access/kaya_ws/install/dynamixel_sdk/bin'
[6.985s] Level 1:colcon.colcon_core.environment:checking '/home/ros2access/kaya_ws/install/dynamixel_sdk/lib/pkgconfig/dynamixel_sdk.pc'
[6.986s] Level 1:colcon.colcon_core.environment:checking '/home/ros2access/kaya_ws/install/dynamixel_sdk/lib/python3.6/site-packages'
[6.988s] Level 1:colcon.colcon_core.environment:checking '/home/ros2access/kaya_ws/install/dynamixel_sdk/bin'
[7.031s] INFO:colcon.colcon_core.shell:Creating package script '/home/ros2access/kaya_ws/install/dynamixel_sdk/share/dynamixel_sdk/package.ps1'
[7.034s] INFO:colcon.colcon_core.shell:Creating package descriptor '/home/ros2access/kaya_ws/install/dynamixel_sdk/share/dynamixel_sdk/package.dsv'
[7.036s] INFO:colcon.colcon_core.shell:Creating package script '/home/ros2access/kaya_ws/install/dynamixel_sdk/share/dynamixel_sdk/package.sh'
[7.039s] INFO:colcon.colcon_core.shell:Creating package script '/home/ros2access/kaya_ws/install/dynamixel_sdk/share/dynamixel_sdk/package.bash'
[7.042s] INFO:colcon.colcon_core.shell:Creating package script '/home/ros2access/kaya_ws/install/dynamixel_sdk/share/dynamixel_sdk/package.zsh'
[7.044s] Level 1:colcon.colcon_core.environment:create_file_with_runtime_dependencies(/home/ros2access/kaya_ws/install/dynamixel_sdk/share/colcon-core/packages/dynamixel_sdk)
[7.263s] Level 1:colcon.colcon_core.environment:create_environment_scripts_only(dynamixel_sdk_custom_interfaces)
[7.317s] Level 1:colcon.colcon_core.environment:checking '/home/ros2access/kaya_ws/install/dynamixel_sdk_custom_interfaces' for CMake module files
[7.322s] Level 1:colcon.colcon_core.environment:checking '/home/ros2access/kaya_ws/install/dynamixel_sdk_custom_interfaces' for CMake config files
[7.329s] Level 1:colcon.colcon_core.shell:create_environment_hook('dynamixel_sdk_custom_interfaces', 'cmake_prefix_path')
[7.366s] INFO:colcon.colcon_core.shell:Creating environment hook '/home/ros2access/kaya_ws/install/dynamixel_sdk_custom_interfaces/share/dynamixel_sdk_custom_interfaces/hook/cmake_prefix_path.ps1'
[7.369s] INFO:colcon.colcon_core.shell:Creating environment descriptor '/home/ros2access/kaya_ws/install/dynamixel_sdk_custom_interfaces/share/dynamixel_sdk_custom_interfaces/hook/cmake_prefix_path.dsv'
[7.371s] INFO:colcon.colcon_core.shell:Creating environment hook '/home/ros2access/kaya_ws/install/dynamixel_sdk_custom_interfaces/share/dynamixel_sdk_custom_interfaces/hook/cmake_prefix_path.sh'
[7.374s] Level 1:colcon.colcon_core.environment:checking '/home/ros2access/kaya_ws/install/dynamixel_sdk_custom_interfaces/lib'
[7.375s] Level 1:colcon.colcon_core.shell:create_environment_hook('dynamixel_sdk_custom_interfaces', 'ld_library_path_lib')
[7.415s] INFO:colcon.colcon_core.shell:Creating environment hook '/home/ros2access/kaya_ws/install/dynamixel_sdk_custom_interfaces/share/dynamixel_sdk_custom_interfaces/hook/ld_library_path_lib.ps1'
[7.417s] INFO:colcon.colcon_core.shell:Creating environment descriptor '/home/ros2access/kaya_ws/install/dynamixel_sdk_custom_interfaces/share/dynamixel_sdk_custom_interfaces/hook/ld_library_path_lib.dsv'
[7.419s] INFO:colcon.colcon_core.shell:Creating environment hook '/home/ros2access/kaya_ws/install/dynamixel_sdk_custom_interfaces/share/dynamixel_sdk_custom_interfaces/hook/ld_library_path_lib.sh'
[7.420s] Level 1:colcon.colcon_core.environment:checking '/home/ros2access/kaya_ws/install/dynamixel_sdk_custom_interfaces/bin'
[7.421s] Level 1:colcon.colcon_core.environment:checking '/home/ros2access/kaya_ws/install/dynamixel_sdk_custom_interfaces/lib/pkgconfig/dynamixel_sdk_custom_interfaces.pc'
[7.422s] Level 1:colcon.colcon_core.environment:checking '/home/ros2access/kaya_ws/install/dynamixel_sdk_custom_interfaces/lib/python3.6/site-packages'
[7.422s] Level 1:colcon.colcon_core.shell:create_environment_hook('dynamixel_sdk_custom_interfaces', 'pythonpath')
[7.461s] INFO:colcon.colcon_core.shell:Creating environment hook '/home/ros2access/kaya_ws/install/dynamixel_sdk_custom_interfaces/share/dynamixel_sdk_custom_interfaces/hook/pythonpath.ps1'
[7.463s] INFO:colcon.colcon_core.shell:Creating environment descriptor '/home/ros2access/kaya_ws/install/dynamixel_sdk_custom_interfaces/share/dynamixel_sdk_custom_interfaces/hook/pythonpath.dsv'
[7.465s] INFO:colcon.colcon_core.shell:Creating environment hook '/home/ros2access/kaya_ws/install/dynamixel_sdk_custom_interfaces/share/dynamixel_sdk_custom_interfaces/hook/pythonpath.sh'
[7.467s] Level 1:colcon.colcon_core.environment:checking '/home/ros2access/kaya_ws/install/dynamixel_sdk_custom_interfaces/bin'
[7.505s] INFO:colcon.colcon_core.shell:Creating package script '/home/ros2access/kaya_ws/install/dynamixel_sdk_custom_interfaces/share/dynamixel_sdk_custom_interfaces/package.ps1'
[7.510s] INFO:colcon.colcon_core.shell:Creating package descriptor '/home/ros2access/kaya_ws/install/dynamixel_sdk_custom_interfaces/share/dynamixel_sdk_custom_interfaces/package.dsv'
[7.513s] INFO:colcon.colcon_core.shell:Creating package script '/home/ros2access/kaya_ws/install/dynamixel_sdk_custom_interfaces/share/dynamixel_sdk_custom_interfaces/package.sh'
[7.515s] INFO:colcon.colcon_core.shell:Creating package script '/home/ros2access/kaya_ws/install/dynamixel_sdk_custom_interfaces/share/dynamixel_sdk_custom_interfaces/package.bash'
[7.517s] INFO:colcon.colcon_core.shell:Creating package script '/home/ros2access/kaya_ws/install/dynamixel_sdk_custom_interfaces/share/dynamixel_sdk_custom_interfaces/package.zsh'
[7.519s] Level 1:colcon.colcon_core.environment:create_file_with_runtime_dependencies(/home/ros2access/kaya_ws/install/dynamixel_sdk_custom_interfaces/share/colcon-core/packages/dynamixel_sdk_custom_interfaces)
[7.520s] INFO:colcon.colcon_ros.task.ament_cmake.build:Building ROS package in '/home/ros2access/kaya_ws/src/DynamixelSDK/dynamixel_sdk_examples' with build type 'ament_cmake'
[7.521s] INFO:colcon.colcon_cmake.task.cmake.build:Building CMake package in '/home/ros2access/kaya_ws/src/DynamixelSDK/dynamixel_sdk_examples'
[7.561s] INFO:colcon.colcon_core.shell:Skip shell extension 'powershell' for command environment: Not usable outside of PowerShell
[7.562s] DEBUG:colcon.colcon_core.shell:Skip shell extension 'dsv' for command environment
[7.718s] DEBUG:colcon.colcon_core.event_handler.log_command:Invoking command in '/home/ros2access/kaya_ws/build/dynamixel_sdk_examples': CMAKE_PREFIX_PATH=/home/ros2access/kaya_ws/install/dynamixel_sdk_custom_interfaces:/home/ros2access/kaya_ws/install/dynamixel_sdk:/home/ros2access/kaya_ws/install/dynamixel_sdk_examples:/ros_deep_learning/install/ros_deep_learning:/opt/ros/foxy/install LD_LIBRARY_PATH=/home/ros2access/kaya_ws/install/dynamixel_sdk_custom_interfaces/lib:/home/ros2access/kaya_ws/install/dynamixel_sdk/lib:/opt/ros/foxy/install/opt/yaml_cpp_vendor/lib:/opt/ros/foxy/install/lib:/usr/local/cuda/lib64:/usr/local/cuda-10.2/targets/aarch64-linux/lib /usr/local/bin/cmake --build /home/ros2access/kaya_ws/build/dynamixel_sdk_examples -- -j4 -l4
[32.596s] DEBUG:colcon.colcon_core.event_handler.log_command:Invoked command in '/home/ros2access/kaya_ws/build/dynamixel_sdk_examples' returned '0': CMAKE_PREFIX_PATH=/home/ros2access/kaya_ws/install/dynamixel_sdk_custom_interfaces:/home/ros2access/kaya_ws/install/dynamixel_sdk:/home/ros2access/kaya_ws/install/dynamixel_sdk_examples:/ros_deep_learning/install/ros_deep_learning:/opt/ros/foxy/install LD_LIBRARY_PATH=/home/ros2access/kaya_ws/install/dynamixel_sdk_custom_interfaces/lib:/home/ros2access/kaya_ws/install/dynamixel_sdk/lib:/opt/ros/foxy/install/opt/yaml_cpp_vendor/lib:/opt/ros/foxy/install/lib:/usr/local/cuda/lib64:/usr/local/cuda-10.2/targets/aarch64-linux/lib /usr/local/bin/cmake --build /home/ros2access/kaya_ws/build/dynamixel_sdk_examples -- -j4 -l4
[32.948s] DEBUG:colcon.colcon_core.event_handler.log_command:Invoking command in '/home/ros2access/kaya_ws/build/dynamixel_sdk_examples': CMAKE_PREFIX_PATH=/home/ros2access/kaya_ws/install/dynamixel_sdk_custom_interfaces:/home/ros2access/kaya_ws/install/dynamixel_sdk:/home/ros2access/kaya_ws/install/dynamixel_sdk_examples:/ros_deep_learning/install/ros_deep_learning:/opt/ros/foxy/install LD_LIBRARY_PATH=/home/ros2access/kaya_ws/install/dynamixel_sdk_custom_interfaces/lib:/home/ros2access/kaya_ws/install/dynamixel_sdk/lib:/opt/ros/foxy/install/opt/yaml_cpp_vendor/lib:/opt/ros/foxy/install/lib:/usr/local/cuda/lib64:/usr/local/cuda-10.2/targets/aarch64-linux/lib /usr/local/bin/cmake --install /home/ros2access/kaya_ws/build/dynamixel_sdk_examples
[33.224s] Level 1:colcon.colcon_core.environment:create_environment_scripts_only(dynamixel_sdk_examples)
[33.231s] DEBUG:colcon.colcon_core.event_handler.log_command:Invoked command in '/home/ros2access/kaya_ws/build/dynamixel_sdk_examples' returned '0': CMAKE_PREFIX_PATH=/home/ros2access/kaya_ws/install/dynamixel_sdk_custom_interfaces:/home/ros2access/kaya_ws/install/dynamixel_sdk:/home/ros2access/kaya_ws/install/dynamixel_sdk_examples:/ros_deep_learning/install/ros_deep_learning:/opt/ros/foxy/install LD_LIBRARY_PATH=/home/ros2access/kaya_ws/install/dynamixel_sdk_custom_interfaces/lib:/home/ros2access/kaya_ws/install/dynamixel_sdk/lib:/opt/ros/foxy/install/opt/yaml_cpp_vendor/lib:/opt/ros/foxy/install/lib:/usr/local/cuda/lib64:/usr/local/cuda-10.2/targets/aarch64-linux/lib /usr/local/bin/cmake --install /home/ros2access/kaya_ws/build/dynamixel_sdk_examples
[33.293s] Level 1:colcon.colcon_core.environment:checking '/home/ros2access/kaya_ws/install/dynamixel_sdk_examples' for CMake module files
[33.297s] Level 1:colcon.colcon_core.environment:checking '/home/ros2access/kaya_ws/install/dynamixel_sdk_examples' for CMake config files
[33.300s] Level 1:colcon.colcon_core.shell:create_environment_hook('dynamixel_sdk_examples', 'cmake_prefix_path')
[33.342s] INFO:colcon.colcon_core.shell:Creating environment hook '/home/ros2access/kaya_ws/install/dynamixel_sdk_examples/share/dynamixel_sdk_examples/hook/cmake_prefix_path.ps1'
[33.344s] INFO:colcon.colcon_core.shell:Creating environment descriptor '/home/ros2access/kaya_ws/install/dynamixel_sdk_examples/share/dynamixel_sdk_examples/hook/cmake_prefix_path.dsv'
[33.346s] INFO:colcon.colcon_core.shell:Creating environment hook '/home/ros2access/kaya_ws/install/dynamixel_sdk_examples/share/dynamixel_sdk_examples/hook/cmake_prefix_path.sh'
[33.350s] Level 1:colcon.colcon_core.environment:checking '/home/ros2access/kaya_ws/install/dynamixel_sdk_examples/lib'
[33.351s] Level 1:colcon.colcon_core.environment:checking '/home/ros2access/kaya_ws/install/dynamixel_sdk_examples/bin'
[33.351s] Level 1:colcon.colcon_core.environment:checking '/home/ros2access/kaya_ws/install/dynamixel_sdk_examples/lib/pkgconfig/dynamixel_sdk_examples.pc'
[33.352s] Level 1:colcon.colcon_core.environment:checking '/home/ros2access/kaya_ws/install/dynamixel_sdk_examples/lib/python3.6/site-packages'
[33.353s] Level 1:colcon.colcon_core.environment:checking '/home/ros2access/kaya_ws/install/dynamixel_sdk_examples/bin'
[33.397s] INFO:colcon.colcon_core.shell:Creating package script '/home/ros2access/kaya_ws/install/dynamixel_sdk_examples/share/dynamixel_sdk_examples/package.ps1'
[33.400s] INFO:colcon.colcon_core.shell:Creating package descriptor '/home/ros2access/kaya_ws/install/dynamixel_sdk_examples/share/dynamixel_sdk_examples/package.dsv'
[33.402s] INFO:colcon.colcon_core.shell:Creating package script '/home/ros2access/kaya_ws/install/dynamixel_sdk_examples/share/dynamixel_sdk_examples/package.sh'
[33.404s] INFO:colcon.colcon_core.shell:Creating package script '/home/ros2access/kaya_ws/install/dynamixel_sdk_examples/share/dynamixel_sdk_examples/package.bash'
[33.408s] INFO:colcon.colcon_core.shell:Creating package script '/home/ros2access/kaya_ws/install/dynamixel_sdk_examples/share/dynamixel_sdk_examples/package.zsh'
[33.412s] Level 1:colcon.colcon_core.environment:create_file_with_runtime_dependencies(/home/ros2access/kaya_ws/install/dynamixel_sdk_examples/share/colcon-core/packages/dynamixel_sdk_examples)
[33.744s] Level 1:colcon.colcon_core.environment:create_environment_scripts_only(dynamixel_sdk_examples)
[33.807s] Level 1:colcon.colcon_core.environment:checking '/home/ros2access/kaya_ws/install/dynamixel_sdk_examples' for CMake module files
[33.810s] Level 1:colcon.colcon_core.environment:checking '/home/ros2access/kaya_ws/install/dynamixel_sdk_examples' for CMake config files
[33.812s] Level 1:colcon.colcon_core.shell:create_environment_hook('dynamixel_sdk_examples', 'cmake_prefix_path')
[33.854s] INFO:colcon.colcon_core.shell:Creating environment hook '/home/ros2access/kaya_ws/install/dynamixel_sdk_examples/share/dynamixel_sdk_examples/hook/cmake_prefix_path.ps1'
[33.857s] INFO:colcon.colcon_core.shell:Creating environment descriptor '/home/ros2access/kaya_ws/install/dynamixel_sdk_examples/share/dynamixel_sdk_examples/hook/cmake_prefix_path.dsv'
[33.859s] INFO:colcon.colcon_core.shell:Creating environment hook '/home/ros2access/kaya_ws/install/dynamixel_sdk_examples/share/dynamixel_sdk_examples/hook/cmake_prefix_path.sh'
[33.864s] Level 1:colcon.colcon_core.environment:checking '/home/ros2access/kaya_ws/install/dynamixel_sdk_examples/lib'
[33.864s] Level 1:colcon.colcon_core.environment:checking '/home/ros2access/kaya_ws/install/dynamixel_sdk_examples/bin'
[33.865s] Level 1:colcon.colcon_core.environment:checking '/home/ros2access/kaya_ws/install/dynamixel_sdk_examples/lib/pkgconfig/dynamixel_sdk_examples.pc'
[33.866s] Level 1:colcon.colcon_core.environment:checking '/home/ros2access/kaya_ws/install/dynamixel_sdk_examples/lib/python3.6/site-packages'
[33.867s] Level 1:colcon.colcon_core.environment:checking '/home/ros2access/kaya_ws/install/dynamixel_sdk_examples/bin'
[33.912s] INFO:colcon.colcon_core.shell:Creating package script '/home/ros2access/kaya_ws/install/dynamixel_sdk_examples/share/dynamixel_sdk_examples/package.ps1'
[33.915s] INFO:colcon.colcon_core.shell:Creating package descriptor '/home/ros2access/kaya_ws/install/dynamixel_sdk_examples/share/dynamixel_sdk_examples/package.dsv'
[33.918s] INFO:colcon.colcon_core.shell:Creating package script '/home/ros2access/kaya_ws/install/dynamixel_sdk_examples/share/dynamixel_sdk_examples/package.sh'
[33.921s] INFO:colcon.colcon_core.shell:Creating package script '/home/ros2access/kaya_ws/install/dynamixel_sdk_examples/share/dynamixel_sdk_examples/package.bash'
[33.924s] INFO:colcon.colcon_core.shell:Creating package script '/home/ros2access/kaya_ws/install/dynamixel_sdk_examples/share/dynamixel_sdk_examples/package.zsh'
[33.927s] Level 1:colcon.colcon_core.environment:create_file_with_runtime_dependencies(/home/ros2access/kaya_ws/install/dynamixel_sdk_examples/share/colcon-core/packages/dynamixel_sdk_examples)
[33.928s] DEBUG:colcon.colcon_parallel_executor.executor.parallel:closing loop
[33.935s] DEBUG:colcon.colcon_parallel_executor.executor.parallel:loop closed
[33.936s] DEBUG:colcon.colcon_parallel_executor.executor.parallel:run_until_complete finished with '0'
[33.938s] DEBUG:colcon.colcon_core.event_reactor:joining thread
[34.027s] INFO:colcon.colcon_core.plugin_system:Skipping extension 'colcon_notification.desktop_notification.notify_send': Could not find 'notify-send'
[34.028s] INFO:colcon.colcon_core.plugin_system:Skipping extension 'colcon_notification.desktop_notification.terminal_notifier': Not used on non-Darwin systems
[34.029s] INFO:colcon.colcon_core.plugin_system:Skipping extension 'colcon_notification.desktop_notification.win32': Not used on non-Windows systems
[34.029s] INFO:colcon.colcon_notification.desktop_notification:Sending desktop notification using 'notify2'
[34.179s] DEBUG:colcon.colcon_notification.desktop_notification.notify2:Failed to initialize notify2: org.freedesktop.DBus.Error.InvalidFileContent: D-Bus library appears to be incorrectly set up: see the manual page for dbus-uuidgen to correct this issue. (Failed to open "/var/lib/dbus/machine-id": No such file or directory; UUID file '/etc/machine-id' should contain a hex string of length 32, not length 0, with no other text)
[34.180s] DEBUG:colcon.colcon_core.event_reactor:joined thread
[34.236s] INFO:colcon.colcon_core.shell:Creating prefix script '/home/ros2access/kaya_ws/install/local_setup.ps1'
[34.246s] INFO:colcon.colcon_core.shell:Creating prefix util module '/home/ros2access/kaya_ws/install/_local_setup_util_ps1.py'
[34.259s] INFO:colcon.colcon_core.shell:Creating prefix chain script '/home/ros2access/kaya_ws/install/setup.ps1'
[34.279s] INFO:colcon.colcon_core.shell:Creating prefix script '/home/ros2access/kaya_ws/install/local_setup.sh'
[34.285s] INFO:colcon.colcon_core.shell:Creating prefix util module '/home/ros2access/kaya_ws/install/_local_setup_util_sh.py'
[34.288s] INFO:colcon.colcon_core.shell:Creating prefix chain script '/home/ros2access/kaya_ws/install/setup.sh'
[34.347s] INFO:colcon.colcon_core.shell:Creating prefix script '/home/ros2access/kaya_ws/install/local_setup.bash'
[34.351s] INFO:colcon.colcon_core.shell:Creating prefix chain script '/home/ros2access/kaya_ws/install/setup.bash'
[34.368s] INFO:colcon.colcon_core.shell:Creating prefix script '/home/ros2access/kaya_ws/install/local_setup.zsh'
[34.373s] INFO:colcon.colcon_core.shell:Creating prefix chain script '/home/ros2access/kaya_ws/install/setup.zsh'
