[0.370s] Invoking command in '/home/ros2access/kaya_ws/build/dynamixel_sdk': /usr/local/bin/cmake --build /home/ros2access/kaya_ws/build/dynamixel_sdk -- -j4 -l4
[0.790s] [100%] Built target dynamixel_sdk
[0.853s] Invoked command in '/home/ros2access/kaya_ws/build/dynamixel_sdk' returned '0': /usr/local/bin/cmake --build /home/ros2access/kaya_ws/build/dynamixel_sdk -- -j4 -l4
[1.429s] Invoking command in '/home/ros2access/kaya_ws/build/dynamixel_sdk': /usr/local/bin/cmake --install /home/ros2access/kaya_ws/build/dynamixel_sdk
[1.618s] -- Install configuration: ""
[1.621s] -- Execute custom install script
[1.623s] -- Up-to-date symlink: /home/ros2access/kaya_ws/install/dynamixel_sdk/include//dynamixel_sdk/dynamixel_sdk.h
[1.624s] -- Up-to-date symlink: /home/ros2access/kaya_ws/install/dynamixel_sdk/include//dynamixel_sdk/group_bulk_read.h
[1.626s] -- Up-to-date symlink: /home/ros2access/kaya_ws/install/dynamixel_sdk/include//dynamixel_sdk/group_bulk_write.h
[1.627s] -- Up-to-date symlink: /home/ros2access/kaya_ws/install/dynamixel_sdk/include//dynamixel_sdk/group_sync_read.h
[1.629s] -- Up-to-date symlink: /home/ros2access/kaya_ws/install/dynamixel_sdk/include//dynamixel_sdk/group_sync_write.h
[1.630s] -- Up-to-date symlink: /home/ros2access/kaya_ws/install/dynamixel_sdk/include//dynamixel_sdk/packet_handler.h
[1.631s] -- Up-to-date symlink: /home/ros2access/kaya_ws/install/dynamixel_sdk/include//dynamixel_sdk/port_handler.h
[1.632s] -- Up-to-date symlink: /home/ros2access/kaya_ws/install/dynamixel_sdk/include//dynamixel_sdk/port_handler_arduino.h
[1.634s] -- Up-to-date symlink: /home/ros2access/kaya_ws/install/dynamixel_sdk/include//dynamixel_sdk/port_handler_linux.h
[1.635s] -- Up-to-date symlink: /home/ros2access/kaya_ws/install/dynamixel_sdk/include//dynamixel_sdk/port_handler_mac.h
[1.637s] -- Up-to-date symlink: /home/ros2access/kaya_ws/install/dynamixel_sdk/include//dynamixel_sdk/port_handler_windows.h
[1.638s] -- Up-to-date symlink: /home/ros2access/kaya_ws/install/dynamixel_sdk/include//dynamixel_sdk/protocol1_packet_handler.h
[1.640s] -- Up-to-date symlink: /home/ros2access/kaya_ws/install/dynamixel_sdk/include//dynamixel_sdk/protocol2_packet_handler.h
[1.642s] -- Up-to-date symlink: /home/ros2access/kaya_ws/install/dynamixel_sdk/lib/libdynamixel_sdk.so
[1.644s] -- Up-to-date symlink: /home/ros2access/kaya_ws/install/dynamixel_sdk/share/dynamixel_sdk/environment/library_path.sh
[1.645s] -- Up-to-date symlink: /home/ros2access/kaya_ws/install/dynamixel_sdk/share/dynamixel_sdk/environment/library_path.dsv
[1.647s] -- Up-to-date symlink: /home/ros2access/kaya_ws/install/dynamixel_sdk/share/ament_index/resource_index/package_run_dependencies/dynamixel_sdk
[1.649s] -- Up-to-date symlink: /home/ros2access/kaya_ws/install/dynamixel_sdk/share/ament_index/resource_index/parent_prefix_path/dynamixel_sdk
[1.654s] -- Up-to-date symlink: /home/ros2access/kaya_ws/install/dynamixel_sdk/share/dynamixel_sdk/environment/ament_prefix_path.sh
[1.662s] -- Up-to-date symlink: /home/ros2access/kaya_ws/install/dynamixel_sdk/share/dynamixel_sdk/environment/ament_prefix_path.dsv
[1.663s] -- Up-to-date symlink: /home/ros2access/kaya_ws/install/dynamixel_sdk/share/dynamixel_sdk/environment/path.sh
[1.670s] -- Up-to-date symlink: /home/ros2access/kaya_ws/install/dynamixel_sdk/share/dynamixel_sdk/environment/path.dsv
[1.671s] -- Up-to-date symlink: /home/ros2access/kaya_ws/install/dynamixel_sdk/share/dynamixel_sdk/local_setup.bash
[1.671s] -- Up-to-date symlink: /home/ros2access/kaya_ws/install/dynamixel_sdk/share/dynamixel_sdk/local_setup.sh
[1.672s] -- Up-to-date symlink: /home/ros2access/kaya_ws/install/dynamixel_sdk/share/dynamixel_sdk/local_setup.zsh
[1.673s] -- Up-to-date symlink: /home/ros2access/kaya_ws/install/dynamixel_sdk/share/dynamixel_sdk/local_setup.dsv
[1.673s] -- Symlinking: /home/ros2access/kaya_ws/install/dynamixel_sdk/share/dynamixel_sdk/package.dsv
[1.674s] -- Up-to-date symlink: /home/ros2access/kaya_ws/install/dynamixel_sdk/share/ament_index/resource_index/packages/dynamixel_sdk
[1.674s] -- Up-to-date symlink: /home/ros2access/kaya_ws/install/dynamixel_sdk/share/dynamixel_sdk/cmake/ament_cmake_export_include_directories-extras.cmake
[1.675s] -- Up-to-date symlink: /home/ros2access/kaya_ws/install/dynamixel_sdk/share/dynamixel_sdk/cmake/ament_cmake_export_libraries-extras.cmake
[1.678s] -- Up-to-date symlink: /home/ros2access/kaya_ws/install/dynamixel_sdk/share/dynamixel_sdk/cmake/dynamixel_sdkConfig.cmake
[1.679s] -- Up-to-date symlink: /home/ros2access/kaya_ws/install/dynamixel_sdk/share/dynamixel_sdk/cmake/dynamixel_sdkConfig-version.cmake
[1.680s] -- Up-to-date symlink: /home/ros2access/kaya_ws/install/dynamixel_sdk/share/dynamixel_sdk/package.xml
[1.713s] Invoked command in '/home/ros2access/kaya_ws/build/dynamixel_sdk' returned '0': /usr/local/bin/cmake --install /home/ros2access/kaya_ws/build/dynamixel_sdk
